<!DOCTYPE html>

<html>
  <head>
  <meta charset='utf-8'>
  <title>TestNG reports</title>

    <link type="text/css" href="testng-reports1.css" rel="stylesheet" id="ultra" />
    <link type="text/css" href="testng-reports.css" rel="stylesheet" id="retro" disabled="false"/>
    <script type="text/javascript" src="jquery-3.6.0.min.js"></script>
    <script type="text/javascript" src="testng-reports.js"></script>
    <script type="text/javascript" src="https://www.google.com/jsapi"></script>
    <script type='text/javascript'>
      google.load('visualization', '1', {packages:['table']});
      google.setOnLoadCallback(drawTable);
      var suiteTableInitFunctions = new Array();
      var suiteTableData = new Array();
    </script>
    <!--
      <script type="text/javascript" src="jquery-ui/js/jquery-ui-1.8.16.custom.min.js"></script>
     -->
  </head>

  <body>    <div class="top-banner-root">
      <span class="top-banner-title-font">Test results</span>
      <button id="button" class="button">Switch Retro Theme</button> <!-- button -->
      <br/>
      <span class="top-banner-font-1">1 suite, 18 failed tests</span>
    </div> <!-- top-banner-root -->
    <div class="navigator-root">
      <div class="navigator-suite-header">
        <span>All suites</span>
        <a href="#" title="Collapse/expand all the suites" class="collapse-all-link">
          <img src="collapseall.gif" class="collapse-all-icon">
          </img> <!-- collapse-all-icon -->
        </a> <!-- collapse-all-link -->
      </div> <!-- navigator-suite-header -->
      <div class="suite">
        <div class="rounded-window">
          <div class="suite-header light-rounded-window-top">
            <a href="#" panel-name="suite-SauceDemo_Tests_Suite" class="navigator-link">
              <span class="suite-name border-failed">SauceDemo Tests Suite</span>
            </a> <!-- navigator-link -->
          </div> <!-- suite-header light-rounded-window-top -->
          <div class="navigator-suite-content">
            <div class="suite-section-title">
              <span>Info</span>
            </div> <!-- suite-section-title -->
            <div class="suite-section-content">
              <ul>
                <li>
                  <a href="#" panel-name="test-xml-SauceDemo_Tests_Suite" class="navigator-link ">
                    <span>D:\repos\GitHub\DEPI_AutomationTestingFramework\UI\AutomatedTestingFramework\src\test\resources\testng.xml</span>
                  </a> <!-- navigator-link  -->
                </li>
                <li>
                  <a href="#" panel-name="testlist-SauceDemo_Tests_Suite" class="navigator-link ">
                    <span class="test-stats">6 tests</span>
                  </a> <!-- navigator-link  -->
                </li>
                <li>
                  <a href="#" panel-name="group-SauceDemo_Tests_Suite" class="navigator-link ">
                    <span>0 groups</span>
                  </a> <!-- navigator-link  -->
                </li>
                <li>
                  <a href="#" panel-name="times-SauceDemo_Tests_Suite" class="navigator-link ">
                    <span>Times</span>
                  </a> <!-- navigator-link  -->
                </li>
                <li>
                  <a href="#" panel-name="reporter-SauceDemo_Tests_Suite" class="navigator-link ">
                    <span>Reporter output</span>
                  </a> <!-- navigator-link  -->
                </li>
                <li>
                  <a href="#" panel-name="ignored-methods-SauceDemo_Tests_Suite" class="navigator-link ">
                    <span>Ignored methods</span>
                  </a> <!-- navigator-link  -->
                </li>
                <li>
                  <a href="#" panel-name="chronological-SauceDemo_Tests_Suite" class="navigator-link ">
                    <span>Chronological view</span>
                  </a> <!-- navigator-link  -->
                </li>
              </ul>
            </div> <!-- suite-section-content -->
            <div class="result-section">
              <div class="suite-section-title">
                <span>Results</span>
              </div> <!-- suite-section-title -->
              <div class="suite-section-content">
                <ul>
                  <li>
                    <span class="method-stats">25 methods, 18 failed,   7 passed</span>
                  </li>
                  <li>
                    <span class="method-list-title failed">Failed methods</span>
                    <span class="show-or-hide-methods failed">
                      <a href="#" panel-name="suite-SauceDemo_Tests_Suite" class="hide-methods failed suite-SauceDemo_Tests_Suite"> (hide)</a> <!-- hide-methods failed suite-SauceDemo_Tests_Suite -->
                      <a href="#" panel-name="suite-SauceDemo_Tests_Suite" class="show-methods failed suite-SauceDemo_Tests_Suite"> (show)</a> <!-- show-methods failed suite-SauceDemo_Tests_Suite -->
                    </span>
                    <div class="method-list-content failed suite-SauceDemo_Tests_Suite">
                      <span>
                        <img src="failed.png" width="3%"/>
                        <a href="#" panel-name="suite-SauceDemo_Tests_Suite" title="com.MyTestingCo.tests.cart.AddInvalidProductToCartTest" class="method navigator-link" hash-for-method="testAddInvalidProductToCart">testAddInvalidProductToCart</a> <!-- method navigator-link -->
                      </span>
                      <br/>
                      <span>
                        <img src="failed.png" width="3%"/>
                        <a href="#" panel-name="suite-SauceDemo_Tests_Suite" title="com.MyTestingCo.tests.cart.AddMultipleProductsToCartTest" class="method navigator-link" hash-for-method="testAddMultipleProductsToCart">testAddMultipleProductsToCart</a> <!-- method navigator-link -->
                      </span>
                      <br/>
                      <span>
                        <img src="failed.png" width="3%"/>
                        <a href="#" panel-name="suite-SauceDemo_Tests_Suite" title="com.MyTestingCo.tests.cart.AddProductWithEmptyFieldToCartTest" class="method navigator-link" hash-for-method="testAddProductWithEmptyFieldToCart">testAddProductWithEmptyFieldToCart</a> <!-- method navigator-link -->
                      </span>
                      <br/>
                      <span>
                        <img src="failed.png" width="3%"/>
                        <a href="#" panel-name="suite-SauceDemo_Tests_Suite" title="com.MyTestingCo.tests.cart.AddProductWithSpecialCharsToCartTest" class="method navigator-link" hash-for-method="testAddProductWithSpecialCharsToCart">testAddProductWithSpecialCharsToCart</a> <!-- method navigator-link -->
                      </span>
                      <br/>
                      <span>
                        <img src="failed.png" width="3%"/>
                        <a href="#" panel-name="suite-SauceDemo_Tests_Suite" title="com.MyTestingCo.tests.cart.AddValidProductToCartTest" class="method navigator-link" hash-for-method="testAddValidProductToCart">testAddValidProductToCart</a> <!-- method navigator-link -->
                      </span>
                      <br/>
                      <span>
                        <img src="failed.png" width="3%"/>
                        <a href="#" panel-name="suite-SauceDemo_Tests_Suite" title="com.MyTestingCo.tests.checkout.CheckoutWithEmptyFieldTest" class="method navigator-link" hash-for-method="testCheckoutWithEmptyField">testCheckoutWithEmptyField</a> <!-- method navigator-link -->
                      </span>
                      <br/>
                      <span>
                        <img src="failed.png" width="3%"/>
                        <a href="#" panel-name="suite-SauceDemo_Tests_Suite" title="com.MyTestingCo.tests.checkout.CheckoutWithMultipleProductsTest" class="method navigator-link" hash-for-method="testCheckoutWithMultipleProducts">testCheckoutWithMultipleProducts</a> <!-- method navigator-link -->
                      </span>
                      <br/>
                      <span>
                        <img src="failed.png" width="3%"/>
                        <a href="#" panel-name="suite-SauceDemo_Tests_Suite" title="com.MyTestingCo.tests.checkout.CheckoutWithSpecialCharsTest" class="method navigator-link" hash-for-method="testCheckoutWithSpecialChars">testCheckoutWithSpecialChars</a> <!-- method navigator-link -->
                      </span>
                      <br/>
                      <span>
                        <img src="failed.png" width="3%"/>
                        <a href="#" panel-name="suite-SauceDemo_Tests_Suite" title="com.MyTestingCo.tests.filter.FilterByCategoryWithEmptyFieldTest" class="method navigator-link" hash-for-method="testFilterByCategoryWithEmptyField">testFilterByCategoryWithEmptyField</a> <!-- method navigator-link -->
                      </span>
                      <br/>
                      <span>
                        <img src="failed.png" width="3%"/>
                        <a href="#" panel-name="suite-SauceDemo_Tests_Suite" title="com.MyTestingCo.tests.filter.FilterByCategoryWithSpecialCharactersTest" class="method navigator-link" hash-for-method="testFilterByCategoryWithSpecialCharacters">testFilterByCategoryWithSpecialCharacters</a> <!-- method navigator-link -->
                      </span>
                      <br/>
                      <span>
                        <img src="failed.png" width="3%"/>
                        <a href="#" panel-name="suite-SauceDemo_Tests_Suite" title="com.MyTestingCo.tests.filter.FilterByInvalidCategoryTest" class="method navigator-link" hash-for-method="testFilterByInvalidCategory">testFilterByInvalidCategory</a> <!-- method navigator-link -->
                      </span>
                      <br/>
                      <span>
                        <img src="failed.png" width="3%"/>
                        <a href="#" panel-name="suite-SauceDemo_Tests_Suite" title="com.MyTestingCo.tests.filter.FilterByMultipleCategoriesTest" class="method navigator-link" hash-for-method="testFilterByMultipleCategories">testFilterByMultipleCategories</a> <!-- method navigator-link -->
                      </span>
                      <br/>
                      <span>
                        <img src="failed.png" width="3%"/>
                        <a href="#" panel-name="suite-SauceDemo_Tests_Suite" title="com.MyTestingCo.tests.checkout.InvalidCheckoutTest" class="method navigator-link" hash-for-method="testInvalidCheckout">testInvalidCheckout</a> <!-- method navigator-link -->
                      </span>
                      <br/>
                      <span>
                        <img src="failed.png" width="3%"/>
                        <a href="#" panel-name="suite-SauceDemo_Tests_Suite" title="com.MyTestingCo.tests.sorting.SortByInvalidPriceTest" class="method navigator-link" hash-for-method="testSortByInvalidPrice">testSortByInvalidPrice</a> <!-- method navigator-link -->
                      </span>
                      <br/>
                      <span>
                        <img src="failed.png" width="3%"/>
                        <a href="#" panel-name="suite-SauceDemo_Tests_Suite" title="com.MyTestingCo.tests.sorting.SortByMultiplePricesTest" class="method navigator-link" hash-for-method="testSortByMultiplePrices">testSortByMultiplePrices</a> <!-- method navigator-link -->
                      </span>
                      <br/>
                      <span>
                        <img src="failed.png" width="3%"/>
                        <a href="#" panel-name="suite-SauceDemo_Tests_Suite" title="com.MyTestingCo.tests.sorting.SortByPriceWithEmptyFieldTest" class="method navigator-link" hash-for-method="testSortByPriceWithEmptyField">testSortByPriceWithEmptyField</a> <!-- method navigator-link -->
                      </span>
                      <br/>
                      <span>
                        <img src="failed.png" width="3%"/>
                        <a href="#" panel-name="suite-SauceDemo_Tests_Suite" title="com.MyTestingCo.tests.sorting.SortByPriceWithSpecialCharactersTest" class="method navigator-link" hash-for-method="testSortByPriceWithSpecialCharacters">testSortByPriceWithSpecialCharacters</a> <!-- method navigator-link -->
                      </span>
                      <br/>
                      <span>
                        <img src="failed.png" width="3%"/>
                        <a href="#" panel-name="suite-SauceDemo_Tests_Suite" title="com.MyTestingCo.tests.checkout.ValidCheckoutTest" class="method navigator-link" hash-for-method="testValidCheckout">testValidCheckout</a> <!-- method navigator-link -->
                      </span>
                      <br/>
                    </div> <!-- method-list-content failed suite-SauceDemo_Tests_Suite -->
                  </li>
                  <li>
                    <span class="method-list-title passed">Passed methods</span>
                    <span class="show-or-hide-methods passed">
                      <a href="#" panel-name="suite-SauceDemo_Tests_Suite" class="hide-methods passed suite-SauceDemo_Tests_Suite"> (hide)</a> <!-- hide-methods passed suite-SauceDemo_Tests_Suite -->
                      <a href="#" panel-name="suite-SauceDemo_Tests_Suite" class="show-methods passed suite-SauceDemo_Tests_Suite"> (show)</a> <!-- show-methods passed suite-SauceDemo_Tests_Suite -->
                    </span>
                    <div class="method-list-content passed suite-SauceDemo_Tests_Suite">
                      <span>
                        <img src="passed.png" width="3%"/>
                        <a href="#" panel-name="suite-SauceDemo_Tests_Suite" title="com.MyTestingCo.tests.login.LoginWithEmptyPasswordTest" class="method navigator-link" hash-for-method="loginWithEmptyPasswordTest">loginWithEmptyPasswordTest</a> <!-- method navigator-link -->
                      </span>
                      <br/>
                      <span>
                        <img src="passed.png" width="3%"/>
                        <a href="#" panel-name="suite-SauceDemo_Tests_Suite" title="com.MyTestingCo.tests.login.LoginWithEmptyUsernameTest" class="method navigator-link" hash-for-method="loginWithEmptyUsernameTest">loginWithEmptyUsernameTest</a> <!-- method navigator-link -->
                      </span>
                      <br/>
                      <span>
                        <img src="passed.png" width="3%"/>
                        <a href="#" panel-name="suite-SauceDemo_Tests_Suite" title="com.MyTestingCo.tests.login.LoginWithSpecialCharactersTest" class="method navigator-link" hash-for-method="loginWithSpecialCharactersTest">loginWithSpecialCharactersTest</a> <!-- method navigator-link -->
                      </span>
                      <br/>
                      <span>
                        <img src="passed.png" width="3%"/>
                        <a href="#" panel-name="suite-SauceDemo_Tests_Suite" title="com.MyTestingCo.tests.filter.FilterByCategoryTest" class="method navigator-link" hash-for-method="testFilterByCategory">testFilterByCategory</a> <!-- method navigator-link -->
                      </span>
                      <br/>
                      <span>
                        <img src="passed.png" width="3%"/>
                        <a href="#" panel-name="suite-SauceDemo_Tests_Suite" title="com.MyTestingCo.tests.login.InvalidLoginTest" class="method navigator-link" hash-for-method="testInvalidLogin">testInvalidLogin</a> <!-- method navigator-link -->
                      </span>
                      <br/>
                      <span>
                        <img src="passed.png" width="3%"/>
                        <a href="#" panel-name="suite-SauceDemo_Tests_Suite" title="com.MyTestingCo.tests.sorting.SortByPriceTest" class="method navigator-link" hash-for-method="testSortByPrice">testSortByPrice</a> <!-- method navigator-link -->
                      </span>
                      <br/>
                      <span>
                        <img src="passed.png" width="3%"/>
                        <a href="#" panel-name="suite-SauceDemo_Tests_Suite" title="com.MyTestingCo.tests.login.ValidLoginTest" class="method navigator-link" hash-for-method="testValidLogin">testValidLogin</a> <!-- method navigator-link -->
                      </span>
                      <br/>
                    </div> <!-- method-list-content passed suite-SauceDemo_Tests_Suite -->
                  </li>
                </ul>
              </div> <!-- suite-section-content -->
            </div> <!-- result-section -->
          </div> <!-- navigator-suite-content -->
        </div> <!-- rounded-window -->
      </div> <!-- suite -->
    </div> <!-- navigator-root -->
    <div class="wrapper">
      <div class="main-panel-root">
        <div panel-name="suite-SauceDemo_Tests_Suite" class="panel SauceDemo_Tests_Suite">
          <div class="suite-SauceDemo_Tests_Suite-class-failed">
            <div class="main-panel-header rounded-window-top">
              <img src="failed.png"/>
              <span class="class-name">com.MyTestingCo.tests.cart.AddProductWithEmptyFieldToCartTest</span>
            </div> <!-- main-panel-header rounded-window-top -->
            <div class="main-panel-content rounded-window-bottom">
              <div class="method">
                <div class="method-content">
                  <a name="testAddProductWithEmptyFieldToCart">
                  </a> <!-- testAddProductWithEmptyFieldToCart -->
                  <span class="method-name">testAddProductWithEmptyFieldToCart</span>
                  <div class="stack-trace">org.openqa.selenium.NoSuchElementException: no such element: Unable to locate element: {&quot;method&quot;:&quot;css selector&quot;,&quot;selector&quot;:&quot;#user\-name&quot;}
  (Session info: chrome=130.0.6723.59)
For documentation on this error, please visit: https://www.selenium.dev/documentation/webdriver/troubleshooting/errors#no-such-element-exception
Build info: version: &apos;4.24.0&apos;, revision: &apos;748ffc9bc3&apos;
System info: os.name: &apos;Windows 11&apos;, os.arch: &apos;amd64&apos;, os.version: &apos;10.0&apos;, java.version: &apos;22.0.1&apos;
Driver info: org.openqa.selenium.chrome.ChromeDriver
Command: [bd49a757aa8953b2bf2efaedf7d89122, findElement {using=id, value=user-name}]
Capabilities {acceptInsecureCerts: false, browserName: chrome, browserVersion: 130.0.6723.59, chrome: {chromedriverVersion: 130.0.6723.58 (3a50e012e4c9..., userDataDir: C:\Users\ommmm\AppData\Loca...}, fedcm:accounts: true, goog:chromeOptions: {debuggerAddress: localhost:8986}, networkConnectionEnabled: false, pageLoadStrategy: normal, platformName: windows, proxy: Proxy(), se:cdp: ws://localhost:8986/devtool..., se:cdpVersion: 130.0.6723.59, setWindowRect: true, strictFileInteractability: false, timeouts: {implicit: 0, pageLoad: 300000, script: 30000}, unhandledPromptBehavior: dismiss and notify, webauthn:extension:credBlob: true, webauthn:extension:largeBlob: true, webauthn:extension:minPinLength: true, webauthn:extension:prf: true, webauthn:virtualAuthenticators: true}
Session ID: bd49a757aa8953b2bf2efaedf7d89122
	at org.openqa.selenium.remote.ErrorCodec.decode(ErrorCodec.java:167)
	at org.openqa.selenium.remote.codec.w3c.W3CHttpResponseCodec.decode(W3CHttpResponseCodec.java:138)
	at org.openqa.selenium.remote.codec.w3c.W3CHttpResponseCodec.decode(W3CHttpResponseCodec.java:50)
	at org.openqa.selenium.remote.HttpCommandExecutor.execute(HttpCommandExecutor.java:190)
	at org.openqa.selenium.remote.service.DriverCommandExecutor.invokeExecute(DriverCommandExecutor.java:216)
	at org.openqa.selenium.remote.service.DriverCommandExecutor.execute(DriverCommandExecutor.java:174)
	at org.openqa.selenium.remote.RemoteWebDriver.execute(RemoteWebDriver.java:545)
	at org.openqa.selenium.remote.ElementLocation$ElementFinder$2.findElement(ElementLocation.java:165)
	at org.openqa.selenium.remote.ElementLocation.findElement(ElementLocation.java:66)
	at org.openqa.selenium.remote.RemoteWebDriver.findElement(RemoteWebDriver.java:368)
	at org.openqa.selenium.remote.RemoteWebDriver.findElement(RemoteWebDriver.java:362)
	at com.MyTestingCo.pages.LoginPage.enterUsername(LoginPage.java:23)
	at com.MyTestingCo.pages.LoginPage.login(LoginPage.java:40)
	at com.MyTestingCo.tests.cart.AddProductWithEmptyFieldToCartTest.testAddProductWithEmptyFieldToCart(AddProductWithEmptyFieldToCartTest.java:28)
	at java.base/java.util.ArrayList.forEach(ArrayList.java:1597)
... Removed 32 stack frames
</div> <!-- stack-trace -->
                  <em>
(Verify that a user cannot add a product with an empty field to the cart after logging in.)                  </em>
                </div> <!-- method-content -->
              </div> <!-- method -->
            </div> <!-- main-panel-content rounded-window-bottom -->
          </div> <!-- suite-SauceDemo_Tests_Suite-class-failed -->
          <div class="suite-SauceDemo_Tests_Suite-class-failed">
            <div class="main-panel-header rounded-window-top">
              <img src="failed.png"/>
              <span class="class-name">com.MyTestingCo.tests.sorting.SortByInvalidPriceTest</span>
            </div> <!-- main-panel-header rounded-window-top -->
            <div class="main-panel-content rounded-window-bottom">
              <div class="method">
                <div class="method-content">
                  <a name="testSortByInvalidPrice">
                  </a> <!-- testSortByInvalidPrice -->
                  <span class="method-name">testSortByInvalidPrice</span>
                  <div class="stack-trace">org.openqa.selenium.NoSuchElementException: Cannot locate option with text: Invalid Price
For documentation on this error, please visit: https://www.selenium.dev/documentation/webdriver/troubleshooting/errors#no-such-element-exception
Build info: version: &apos;4.24.0&apos;, revision: &apos;748ffc9bc3&apos;
System info: os.name: &apos;Windows 11&apos;, os.arch: &apos;amd64&apos;, os.version: &apos;10.0&apos;, java.version: &apos;22.0.1&apos;
Driver info: driver.version: unknown
	at org.openqa.selenium.support.ui.Select.selectByVisibleText(Select.java:153)
	at com.MyTestingCo.pages.SortPage.sortByPrice(SortPage.java:22)
	at com.MyTestingCo.tests.sorting.SortByInvalidPriceTest.testSortByInvalidPrice(SortByInvalidPriceTest.java:38)
	at java.base/java.util.ArrayList.forEach(ArrayList.java:1597)
... Removed 29 stack frames
</div> <!-- stack-trace -->
                  <em>
(Verify that the user cannot sort products by an invalid price)                  </em>
                </div> <!-- method-content -->
              </div> <!-- method -->
            </div> <!-- main-panel-content rounded-window-bottom -->
          </div> <!-- suite-SauceDemo_Tests_Suite-class-failed -->
          <div class="suite-SauceDemo_Tests_Suite-class-failed">
            <div class="main-panel-header rounded-window-top">
              <img src="failed.png"/>
              <span class="class-name">com.MyTestingCo.tests.checkout.InvalidCheckoutTest</span>
            </div> <!-- main-panel-header rounded-window-top -->
            <div class="main-panel-content rounded-window-bottom">
              <div class="method">
                <div class="method-content">
                  <a name="testInvalidCheckout">
                  </a> <!-- testInvalidCheckout -->
                  <span class="method-name">testInvalidCheckout</span>
                  <div class="stack-trace">org.openqa.selenium.NoSuchElementException: no such element: Unable to locate element: {&quot;method&quot;:&quot;xpath&quot;,&quot;selector&quot;:&quot;//div[contains(@class, &apos;inventory_item&apos;) and contains(., &apos;Invalid Product&apos;)]&quot;}
  (Session info: chrome=130.0.6723.59)
For documentation on this error, please visit: https://www.selenium.dev/documentation/webdriver/troubleshooting/errors#no-such-element-exception
Build info: version: &apos;4.24.0&apos;, revision: &apos;748ffc9bc3&apos;
System info: os.name: &apos;Windows 11&apos;, os.arch: &apos;amd64&apos;, os.version: &apos;10.0&apos;, java.version: &apos;22.0.1&apos;
Driver info: org.openqa.selenium.chrome.ChromeDriver
Command: [6f1bb6068443147f1008aa26bd6caa0a, findElement {using=xpath, value=//div[contains(@class, &apos;inventory_item&apos;) and contains(., &apos;Invalid Product&apos;)]}]
Capabilities {acceptInsecureCerts: false, browserName: chrome, browserVersion: 130.0.6723.59, chrome: {chromedriverVersion: 130.0.6723.58 (3a50e012e4c9..., userDataDir: C:\Users\ommmm\AppData\Loca...}, fedcm:accounts: true, goog:chromeOptions: {debuggerAddress: localhost:9075}, networkConnectionEnabled: false, pageLoadStrategy: normal, platformName: windows, proxy: Proxy(), se:cdp: ws://localhost:9075/devtool..., se:cdpVersion: 130.0.6723.59, setWindowRect: true, strictFileInteractability: false, timeouts: {implicit: 0, pageLoad: 300000, script: 30000}, unhandledPromptBehavior: dismiss and notify, webauthn:extension:credBlob: true, webauthn:extension:largeBlob: true, webauthn:extension:minPinLength: true, webauthn:extension:prf: true, webauthn:virtualAuthenticators: true}
Session ID: 6f1bb6068443147f1008aa26bd6caa0a
	at org.openqa.selenium.remote.ErrorCodec.decode(ErrorCodec.java:167)
	at org.openqa.selenium.remote.codec.w3c.W3CHttpResponseCodec.decode(W3CHttpResponseCodec.java:138)
	at org.openqa.selenium.remote.codec.w3c.W3CHttpResponseCodec.decode(W3CHttpResponseCodec.java:50)
	at org.openqa.selenium.remote.HttpCommandExecutor.execute(HttpCommandExecutor.java:190)
	at org.openqa.selenium.remote.service.DriverCommandExecutor.invokeExecute(DriverCommandExecutor.java:216)
	at org.openqa.selenium.remote.service.DriverCommandExecutor.execute(DriverCommandExecutor.java:174)
	at org.openqa.selenium.remote.RemoteWebDriver.execute(RemoteWebDriver.java:545)
	at org.openqa.selenium.remote.ElementLocation$ElementFinder$2.findElement(ElementLocation.java:165)
	at org.openqa.selenium.remote.ElementLocation.findElement(ElementLocation.java:59)
	at org.openqa.selenium.remote.RemoteWebDriver.findElement(RemoteWebDriver.java:368)
	at org.openqa.selenium.remote.RemoteWebDriver.findElement(RemoteWebDriver.java:362)
	at com.MyTestingCo.pages.ProductsPage.addProductToCart(ProductsPage.java:31)
	at com.MyTestingCo.tests.checkout.InvalidCheckoutTest.testInvalidCheckout(InvalidCheckoutTest.java:35)
	at java.base/java.util.ArrayList.forEach(ArrayList.java:1597)
... Removed 32 stack frames
</div> <!-- stack-trace -->
                  <em>
(Verify that a user cannot checkout with invalid information.)                  </em>
                </div> <!-- method-content -->
              </div> <!-- method -->
            </div> <!-- main-panel-content rounded-window-bottom -->
          </div> <!-- suite-SauceDemo_Tests_Suite-class-failed -->
          <div class="suite-SauceDemo_Tests_Suite-class-failed">
            <div class="main-panel-header rounded-window-top">
              <img src="failed.png"/>
              <span class="class-name">com.MyTestingCo.tests.filter.FilterByCategoryWithEmptyFieldTest</span>
            </div> <!-- main-panel-header rounded-window-top -->
            <div class="main-panel-content rounded-window-bottom">
              <div class="method">
                <div class="method-content">
                  <a name="testFilterByCategoryWithEmptyField">
                  </a> <!-- testFilterByCategoryWithEmptyField -->
                  <span class="method-name">testFilterByCategoryWithEmptyField</span>
                  <div class="stack-trace">org.openqa.selenium.NoSuchElementException: Cannot locate option with text: 
For documentation on this error, please visit: https://www.selenium.dev/documentation/webdriver/troubleshooting/errors#no-such-element-exception
Build info: version: &apos;4.24.0&apos;, revision: &apos;748ffc9bc3&apos;
System info: os.name: &apos;Windows 11&apos;, os.arch: &apos;amd64&apos;, os.version: &apos;10.0&apos;, java.version: &apos;22.0.1&apos;
Driver info: driver.version: unknown
	at org.openqa.selenium.support.ui.Select.selectByVisibleText(Select.java:153)
	at com.MyTestingCo.pages.FilterPage.filterByCategory(FilterPage.java:22)
	at com.MyTestingCo.tests.filter.FilterByCategoryWithEmptyFieldTest.testFilterByCategoryWithEmptyField(FilterByCategoryWithEmptyFieldTest.java:38)
	at java.base/java.util.ArrayList.forEach(ArrayList.java:1597)
... Removed 29 stack frames
</div> <!-- stack-trace -->
                  <em>
(Verify that the user cannot filter products by category with an empty field)                  </em>
                </div> <!-- method-content -->
              </div> <!-- method -->
            </div> <!-- main-panel-content rounded-window-bottom -->
          </div> <!-- suite-SauceDemo_Tests_Suite-class-failed -->
          <div class="suite-SauceDemo_Tests_Suite-class-failed">
            <div class="main-panel-header rounded-window-top">
              <img src="failed.png"/>
              <span class="class-name">com.MyTestingCo.tests.checkout.ValidCheckoutTest</span>
            </div> <!-- main-panel-header rounded-window-top -->
            <div class="main-panel-content rounded-window-bottom">
              <div class="method">
                <div class="method-content">
                  <a name="testValidCheckout">
                  </a> <!-- testValidCheckout -->
                  <span class="method-name">testValidCheckout</span>
                  <div class="stack-trace">org.openqa.selenium.NoSuchElementException: no such element: Unable to locate element: {&quot;method&quot;:&quot;css selector&quot;,&quot;selector&quot;:&quot;#zip\-code&quot;}
  (Session info: chrome=130.0.6723.59)
For documentation on this error, please visit: https://www.selenium.dev/documentation/webdriver/troubleshooting/errors#no-such-element-exception
Build info: version: &apos;4.24.0&apos;, revision: &apos;748ffc9bc3&apos;
System info: os.name: &apos;Windows 11&apos;, os.arch: &apos;amd64&apos;, os.version: &apos;10.0&apos;, java.version: &apos;22.0.1&apos;
Driver info: org.openqa.selenium.chrome.ChromeDriver
Command: [9a1c47f72682967ac90845b057ffa3b2, findElement {using=id, value=zip-code}]
Capabilities {acceptInsecureCerts: false, browserName: chrome, browserVersion: 130.0.6723.59, chrome: {chromedriverVersion: 130.0.6723.58 (3a50e012e4c9..., userDataDir: C:\Users\ommmm\AppData\Loca...}, fedcm:accounts: true, goog:chromeOptions: {debuggerAddress: localhost:9020}, networkConnectionEnabled: false, pageLoadStrategy: normal, platformName: windows, proxy: Proxy(), se:cdp: ws://localhost:9020/devtool..., se:cdpVersion: 130.0.6723.59, setWindowRect: true, strictFileInteractability: false, timeouts: {implicit: 0, pageLoad: 300000, script: 30000}, unhandledPromptBehavior: dismiss and notify, webauthn:extension:credBlob: true, webauthn:extension:largeBlob: true, webauthn:extension:minPinLength: true, webauthn:extension:prf: true, webauthn:virtualAuthenticators: true}
Session ID: 9a1c47f72682967ac90845b057ffa3b2
	at org.openqa.selenium.remote.ErrorCodec.decode(ErrorCodec.java:167)
	at org.openqa.selenium.remote.codec.w3c.W3CHttpResponseCodec.decode(W3CHttpResponseCodec.java:138)
	at org.openqa.selenium.remote.codec.w3c.W3CHttpResponseCodec.decode(W3CHttpResponseCodec.java:50)
	at org.openqa.selenium.remote.HttpCommandExecutor.execute(HttpCommandExecutor.java:190)
	at org.openqa.selenium.remote.service.DriverCommandExecutor.invokeExecute(DriverCommandExecutor.java:216)
	at org.openqa.selenium.remote.service.DriverCommandExecutor.execute(DriverCommandExecutor.java:174)
	at org.openqa.selenium.remote.RemoteWebDriver.execute(RemoteWebDriver.java:545)
	at org.openqa.selenium.remote.ElementLocation$ElementFinder$2.findElement(ElementLocation.java:165)
	at org.openqa.selenium.remote.ElementLocation.findElement(ElementLocation.java:59)
	at org.openqa.selenium.remote.RemoteWebDriver.findElement(RemoteWebDriver.java:368)
	at org.openqa.selenium.remote.RemoteWebDriver.findElement(RemoteWebDriver.java:362)
	at com.MyTestingCo.pages.CheckoutPage.enterZIPCode(CheckoutPage.java:36)
	at com.MyTestingCo.tests.checkout.ValidCheckoutTest.testValidCheckout(ValidCheckoutTest.java:43)
	at java.base/java.util.ArrayList.forEach(ArrayList.java:1597)
... Removed 32 stack frames
</div> <!-- stack-trace -->
                  <em>
(Verify that a user can checkout successfully.)                  </em>
                </div> <!-- method-content -->
              </div> <!-- method -->
            </div> <!-- main-panel-content rounded-window-bottom -->
          </div> <!-- suite-SauceDemo_Tests_Suite-class-failed -->
          <div class="suite-SauceDemo_Tests_Suite-class-failed">
            <div class="main-panel-header rounded-window-top">
              <img src="failed.png"/>
              <span class="class-name">com.MyTestingCo.tests.sorting.SortByPriceWithEmptyFieldTest</span>
            </div> <!-- main-panel-header rounded-window-top -->
            <div class="main-panel-content rounded-window-bottom">
              <div class="method">
                <div class="method-content">
                  <a name="testSortByPriceWithEmptyField">
                  </a> <!-- testSortByPriceWithEmptyField -->
                  <span class="method-name">testSortByPriceWithEmptyField</span>
                  <div class="stack-trace">org.openqa.selenium.NoSuchElementException: Cannot locate option with text: 
For documentation on this error, please visit: https://www.selenium.dev/documentation/webdriver/troubleshooting/errors#no-such-element-exception
Build info: version: &apos;4.24.0&apos;, revision: &apos;748ffc9bc3&apos;
System info: os.name: &apos;Windows 11&apos;, os.arch: &apos;amd64&apos;, os.version: &apos;10.0&apos;, java.version: &apos;22.0.1&apos;
Driver info: driver.version: unknown
	at org.openqa.selenium.support.ui.Select.selectByVisibleText(Select.java:153)
	at com.MyTestingCo.pages.SortPage.sortByPrice(SortPage.java:22)
	at com.MyTestingCo.tests.sorting.SortByPriceWithEmptyFieldTest.testSortByPriceWithEmptyField(SortByPriceWithEmptyFieldTest.java:38)
	at java.base/java.util.ArrayList.forEach(ArrayList.java:1597)
... Removed 29 stack frames
</div> <!-- stack-trace -->
                  <em>
(Verify that the user cannot sort products by price with an empty field)                  </em>
                </div> <!-- method-content -->
              </div> <!-- method -->
            </div> <!-- main-panel-content rounded-window-bottom -->
          </div> <!-- suite-SauceDemo_Tests_Suite-class-failed -->
          <div class="suite-SauceDemo_Tests_Suite-class-failed">
            <div class="main-panel-header rounded-window-top">
              <img src="failed.png"/>
              <span class="class-name">com.MyTestingCo.tests.cart.AddMultipleProductsToCartTest</span>
            </div> <!-- main-panel-header rounded-window-top -->
            <div class="main-panel-content rounded-window-bottom">
              <div class="method">
                <div class="method-content">
                  <a name="testAddMultipleProductsToCart">
                  </a> <!-- testAddMultipleProductsToCart -->
                  <span class="method-name">testAddMultipleProductsToCart</span>
                  <div class="stack-trace">org.openqa.selenium.NoSuchElementException: no such element: Unable to locate element: {&quot;method&quot;:&quot;css selector&quot;,&quot;selector&quot;:&quot;#user\-name&quot;}
  (Session info: chrome=130.0.6723.59)
For documentation on this error, please visit: https://www.selenium.dev/documentation/webdriver/troubleshooting/errors#no-such-element-exception
Build info: version: &apos;4.24.0&apos;, revision: &apos;748ffc9bc3&apos;
System info: os.name: &apos;Windows 11&apos;, os.arch: &apos;amd64&apos;, os.version: &apos;10.0&apos;, java.version: &apos;22.0.1&apos;
Driver info: org.openqa.selenium.chrome.ChromeDriver
Command: [c8938ee7ef6010aacc417a41b603f3bc, findElement {using=id, value=user-name}]
Capabilities {acceptInsecureCerts: false, browserName: chrome, browserVersion: 130.0.6723.59, chrome: {chromedriverVersion: 130.0.6723.58 (3a50e012e4c9..., userDataDir: C:\Users\ommmm\AppData\Loca...}, fedcm:accounts: true, goog:chromeOptions: {debuggerAddress: localhost:8921}, networkConnectionEnabled: false, pageLoadStrategy: normal, platformName: windows, proxy: Proxy(), se:cdp: ws://localhost:8921/devtool..., se:cdpVersion: 130.0.6723.59, setWindowRect: true, strictFileInteractability: false, timeouts: {implicit: 0, pageLoad: 300000, script: 30000}, unhandledPromptBehavior: dismiss and notify, webauthn:extension:credBlob: true, webauthn:extension:largeBlob: true, webauthn:extension:minPinLength: true, webauthn:extension:prf: true, webauthn:virtualAuthenticators: true}
Session ID: c8938ee7ef6010aacc417a41b603f3bc
	at org.openqa.selenium.remote.ErrorCodec.decode(ErrorCodec.java:167)
	at org.openqa.selenium.remote.codec.w3c.W3CHttpResponseCodec.decode(W3CHttpResponseCodec.java:138)
	at org.openqa.selenium.remote.codec.w3c.W3CHttpResponseCodec.decode(W3CHttpResponseCodec.java:50)
	at org.openqa.selenium.remote.HttpCommandExecutor.execute(HttpCommandExecutor.java:190)
	at org.openqa.selenium.remote.service.DriverCommandExecutor.invokeExecute(DriverCommandExecutor.java:216)
	at org.openqa.selenium.remote.service.DriverCommandExecutor.execute(DriverCommandExecutor.java:174)
	at org.openqa.selenium.remote.RemoteWebDriver.execute(RemoteWebDriver.java:545)
	at org.openqa.selenium.remote.ElementLocation$ElementFinder$2.findElement(ElementLocation.java:165)
	at org.openqa.selenium.remote.ElementLocation.findElement(ElementLocation.java:66)
	at org.openqa.selenium.remote.RemoteWebDriver.findElement(RemoteWebDriver.java:368)
	at org.openqa.selenium.remote.RemoteWebDriver.findElement(RemoteWebDriver.java:362)
	at com.MyTestingCo.pages.LoginPage.enterUsername(LoginPage.java:23)
	at com.MyTestingCo.pages.LoginPage.login(LoginPage.java:40)
	at com.MyTestingCo.tests.cart.AddMultipleProductsToCartTest.testAddMultipleProductsToCart(AddMultipleProductsToCartTest.java:28)
	at java.base/java.util.ArrayList.forEach(ArrayList.java:1597)
... Removed 32 stack frames
</div> <!-- stack-trace -->
                  <em>
(Verify that a user can add multiple products to the cart after logging in.)                  </em>
                </div> <!-- method-content -->
              </div> <!-- method -->
            </div> <!-- main-panel-content rounded-window-bottom -->
          </div> <!-- suite-SauceDemo_Tests_Suite-class-failed -->
          <div class="suite-SauceDemo_Tests_Suite-class-failed">
            <div class="main-panel-header rounded-window-top">
              <img src="failed.png"/>
              <span class="class-name">com.MyTestingCo.tests.sorting.SortByPriceWithSpecialCharactersTest</span>
            </div> <!-- main-panel-header rounded-window-top -->
            <div class="main-panel-content rounded-window-bottom">
              <div class="method">
                <div class="method-content">
                  <a name="testSortByPriceWithSpecialCharacters">
                  </a> <!-- testSortByPriceWithSpecialCharacters -->
                  <span class="method-name">testSortByPriceWithSpecialCharacters</span>
                  <div class="stack-trace">org.openqa.selenium.NoSuchElementException: Cannot locate option with text: Price (low to high)!
For documentation on this error, please visit: https://www.selenium.dev/documentation/webdriver/troubleshooting/errors#no-such-element-exception
Build info: version: &apos;4.24.0&apos;, revision: &apos;748ffc9bc3&apos;
System info: os.name: &apos;Windows 11&apos;, os.arch: &apos;amd64&apos;, os.version: &apos;10.0&apos;, java.version: &apos;22.0.1&apos;
Driver info: driver.version: unknown
	at org.openqa.selenium.support.ui.Select.selectByVisibleText(Select.java:153)
	at com.MyTestingCo.pages.SortPage.sortByPrice(SortPage.java:22)
	at com.MyTestingCo.tests.sorting.SortByPriceWithSpecialCharactersTest.testSortByPriceWithSpecialCharacters(SortByPriceWithSpecialCharactersTest.java:38)
	at java.base/java.util.ArrayList.forEach(ArrayList.java:1597)
... Removed 29 stack frames
</div> <!-- stack-trace -->
                  <em>
(Verify that the user can sort products by price with special characters)                  </em>
                </div> <!-- method-content -->
              </div> <!-- method -->
            </div> <!-- main-panel-content rounded-window-bottom -->
          </div> <!-- suite-SauceDemo_Tests_Suite-class-failed -->
          <div class="suite-SauceDemo_Tests_Suite-class-failed">
            <div class="main-panel-header rounded-window-top">
              <img src="failed.png"/>
              <span class="class-name">com.MyTestingCo.tests.filter.FilterByInvalidCategoryTest</span>
            </div> <!-- main-panel-header rounded-window-top -->
            <div class="main-panel-content rounded-window-bottom">
              <div class="method">
                <div class="method-content">
                  <a name="testFilterByInvalidCategory">
                  </a> <!-- testFilterByInvalidCategory -->
                  <span class="method-name">testFilterByInvalidCategory</span>
                  <div class="stack-trace">org.openqa.selenium.NoSuchElementException: Cannot locate option with text: Invalid Category
For documentation on this error, please visit: https://www.selenium.dev/documentation/webdriver/troubleshooting/errors#no-such-element-exception
Build info: version: &apos;4.24.0&apos;, revision: &apos;748ffc9bc3&apos;
System info: os.name: &apos;Windows 11&apos;, os.arch: &apos;amd64&apos;, os.version: &apos;10.0&apos;, java.version: &apos;22.0.1&apos;
Driver info: driver.version: unknown
	at org.openqa.selenium.support.ui.Select.selectByVisibleText(Select.java:153)
	at com.MyTestingCo.pages.FilterPage.filterByCategory(FilterPage.java:22)
	at com.MyTestingCo.tests.filter.FilterByInvalidCategoryTest.testFilterByInvalidCategory(FilterByInvalidCategoryTest.java:38)
	at java.base/java.util.ArrayList.forEach(ArrayList.java:1597)
... Removed 29 stack frames
</div> <!-- stack-trace -->
                  <em>
(Verify that the user cannot filter products by an invalid category)                  </em>
                </div> <!-- method-content -->
              </div> <!-- method -->
            </div> <!-- main-panel-content rounded-window-bottom -->
          </div> <!-- suite-SauceDemo_Tests_Suite-class-failed -->
          <div class="suite-SauceDemo_Tests_Suite-class-failed">
            <div class="main-panel-header rounded-window-top">
              <img src="failed.png"/>
              <span class="class-name">com.MyTestingCo.tests.cart.AddProductWithSpecialCharsToCartTest</span>
            </div> <!-- main-panel-header rounded-window-top -->
            <div class="main-panel-content rounded-window-bottom">
              <div class="method">
                <div class="method-content">
                  <a name="testAddProductWithSpecialCharsToCart">
                  </a> <!-- testAddProductWithSpecialCharsToCart -->
                  <span class="method-name">testAddProductWithSpecialCharsToCart</span>
                  <div class="stack-trace">org.openqa.selenium.NoSuchElementException: no such element: Unable to locate element: {&quot;method&quot;:&quot;css selector&quot;,&quot;selector&quot;:&quot;#user\-name&quot;}
  (Session info: chrome=130.0.6723.59)
For documentation on this error, please visit: https://www.selenium.dev/documentation/webdriver/troubleshooting/errors#no-such-element-exception
Build info: version: &apos;4.24.0&apos;, revision: &apos;748ffc9bc3&apos;
System info: os.name: &apos;Windows 11&apos;, os.arch: &apos;amd64&apos;, os.version: &apos;10.0&apos;, java.version: &apos;22.0.1&apos;
Driver info: org.openqa.selenium.chrome.ChromeDriver
Command: [f366b1e86b6db6836eb6c32f7df5a441, findElement {using=id, value=user-name}]
Capabilities {acceptInsecureCerts: false, browserName: chrome, browserVersion: 130.0.6723.59, chrome: {chromedriverVersion: 130.0.6723.58 (3a50e012e4c9..., userDataDir: C:\Users\ommmm\AppData\Loca...}, fedcm:accounts: true, goog:chromeOptions: {debuggerAddress: localhost:8950}, networkConnectionEnabled: false, pageLoadStrategy: normal, platformName: windows, proxy: Proxy(), se:cdp: ws://localhost:8950/devtool..., se:cdpVersion: 130.0.6723.59, setWindowRect: true, strictFileInteractability: false, timeouts: {implicit: 0, pageLoad: 300000, script: 30000}, unhandledPromptBehavior: dismiss and notify, webauthn:extension:credBlob: true, webauthn:extension:largeBlob: true, webauthn:extension:minPinLength: true, webauthn:extension:prf: true, webauthn:virtualAuthenticators: true}
Session ID: f366b1e86b6db6836eb6c32f7df5a441
	at org.openqa.selenium.remote.ErrorCodec.decode(ErrorCodec.java:167)
	at org.openqa.selenium.remote.codec.w3c.W3CHttpResponseCodec.decode(W3CHttpResponseCodec.java:138)
	at org.openqa.selenium.remote.codec.w3c.W3CHttpResponseCodec.decode(W3CHttpResponseCodec.java:50)
	at org.openqa.selenium.remote.HttpCommandExecutor.execute(HttpCommandExecutor.java:190)
	at org.openqa.selenium.remote.service.DriverCommandExecutor.invokeExecute(DriverCommandExecutor.java:216)
	at org.openqa.selenium.remote.service.DriverCommandExecutor.execute(DriverCommandExecutor.java:174)
	at org.openqa.selenium.remote.RemoteWebDriver.execute(RemoteWebDriver.java:545)
	at org.openqa.selenium.remote.ElementLocation$ElementFinder$2.findElement(ElementLocation.java:165)
	at org.openqa.selenium.remote.ElementLocation.findElement(ElementLocation.java:66)
	at org.openqa.selenium.remote.RemoteWebDriver.findElement(RemoteWebDriver.java:368)
	at org.openqa.selenium.remote.RemoteWebDriver.findElement(RemoteWebDriver.java:362)
	at com.MyTestingCo.pages.LoginPage.enterUsername(LoginPage.java:23)
	at com.MyTestingCo.pages.LoginPage.login(LoginPage.java:40)
	at com.MyTestingCo.tests.cart.AddProductWithSpecialCharsToCartTest.testAddProductWithSpecialCharsToCart(AddProductWithSpecialCharsToCartTest.java:28)
	at java.base/java.util.ArrayList.forEach(ArrayList.java:1597)
... Removed 32 stack frames
</div> <!-- stack-trace -->
                  <em>
(Verify that a user can add a product with special characters to the cart after logging in.)                  </em>
                </div> <!-- method-content -->
              </div> <!-- method -->
            </div> <!-- main-panel-content rounded-window-bottom -->
          </div> <!-- suite-SauceDemo_Tests_Suite-class-failed -->
          <div class="suite-SauceDemo_Tests_Suite-class-failed">
            <div class="main-panel-header rounded-window-top">
              <img src="failed.png"/>
              <span class="class-name">com.MyTestingCo.tests.cart.AddInvalidProductToCartTest</span>
            </div> <!-- main-panel-header rounded-window-top -->
            <div class="main-panel-content rounded-window-bottom">
              <div class="method">
                <div class="method-content">
                  <a name="testAddInvalidProductToCart">
                  </a> <!-- testAddInvalidProductToCart -->
                  <span class="method-name">testAddInvalidProductToCart</span>
                  <div class="stack-trace">org.openqa.selenium.NoSuchElementException: no such element: Unable to locate element: {&quot;method&quot;:&quot;xpath&quot;,&quot;selector&quot;:&quot;//div[contains(@class, &apos;inventory_item&apos;) and contains(., &apos;Invalid Product&apos;)]&quot;}
  (Session info: chrome=130.0.6723.59)
For documentation on this error, please visit: https://www.selenium.dev/documentation/webdriver/troubleshooting/errors#no-such-element-exception
Build info: version: &apos;4.24.0&apos;, revision: &apos;748ffc9bc3&apos;
System info: os.name: &apos;Windows 11&apos;, os.arch: &apos;amd64&apos;, os.version: &apos;10.0&apos;, java.version: &apos;22.0.1&apos;
Driver info: org.openqa.selenium.chrome.ChromeDriver
Command: [fbe5f22de56874cdcc594f03b6126aed, findElement {using=xpath, value=//div[contains(@class, &apos;inventory_item&apos;) and contains(., &apos;Invalid Product&apos;)]}]
Capabilities {acceptInsecureCerts: false, browserName: chrome, browserVersion: 130.0.6723.59, chrome: {chromedriverVersion: 130.0.6723.58 (3a50e012e4c9..., userDataDir: C:\Users\ommmm\AppData\Loca...}, fedcm:accounts: true, goog:chromeOptions: {debuggerAddress: localhost:8877}, networkConnectionEnabled: false, pageLoadStrategy: normal, platformName: windows, proxy: Proxy(), se:cdp: ws://localhost:8877/devtool..., se:cdpVersion: 130.0.6723.59, setWindowRect: true, strictFileInteractability: false, timeouts: {implicit: 0, pageLoad: 300000, script: 30000}, unhandledPromptBehavior: dismiss and notify, webauthn:extension:credBlob: true, webauthn:extension:largeBlob: true, webauthn:extension:minPinLength: true, webauthn:extension:prf: true, webauthn:virtualAuthenticators: true}
Session ID: fbe5f22de56874cdcc594f03b6126aed
	at org.openqa.selenium.remote.ErrorCodec.decode(ErrorCodec.java:167)
	at org.openqa.selenium.remote.codec.w3c.W3CHttpResponseCodec.decode(W3CHttpResponseCodec.java:138)
	at org.openqa.selenium.remote.codec.w3c.W3CHttpResponseCodec.decode(W3CHttpResponseCodec.java:50)
	at org.openqa.selenium.remote.HttpCommandExecutor.execute(HttpCommandExecutor.java:190)
	at org.openqa.selenium.remote.service.DriverCommandExecutor.invokeExecute(DriverCommandExecutor.java:216)
	at org.openqa.selenium.remote.service.DriverCommandExecutor.execute(DriverCommandExecutor.java:174)
	at org.openqa.selenium.remote.RemoteWebDriver.execute(RemoteWebDriver.java:545)
	at org.openqa.selenium.remote.ElementLocation$ElementFinder$2.findElement(ElementLocation.java:165)
	at org.openqa.selenium.remote.ElementLocation.findElement(ElementLocation.java:59)
	at org.openqa.selenium.remote.RemoteWebDriver.findElement(RemoteWebDriver.java:368)
	at org.openqa.selenium.remote.RemoteWebDriver.findElement(RemoteWebDriver.java:362)
	at com.MyTestingCo.pages.ProductsPage.addProductToCart(ProductsPage.java:31)
	at com.MyTestingCo.tests.cart.AddInvalidProductToCartTest.testAddInvalidProductToCart(AddInvalidProductToCartTest.java:29)
	at java.base/java.util.ArrayList.forEach(ArrayList.java:1597)
... Removed 32 stack frames
</div> <!-- stack-trace -->
                  <em>
(Verify that a user cannot add an invalid product to the cart.)                  </em>
                </div> <!-- method-content -->
              </div> <!-- method -->
            </div> <!-- main-panel-content rounded-window-bottom -->
          </div> <!-- suite-SauceDemo_Tests_Suite-class-failed -->
          <div class="suite-SauceDemo_Tests_Suite-class-failed">
            <div class="main-panel-header rounded-window-top">
              <img src="failed.png"/>
              <span class="class-name">com.MyTestingCo.tests.sorting.SortByMultiplePricesTest</span>
            </div> <!-- main-panel-header rounded-window-top -->
            <div class="main-panel-content rounded-window-bottom">
              <div class="method">
                <div class="method-content">
                  <a name="testSortByMultiplePrices">
                  </a> <!-- testSortByMultiplePrices -->
                  <span class="method-name">testSortByMultiplePrices</span>
                  <div class="stack-trace">org.openqa.selenium.TimeoutException: timeout: Timed out receiving message from renderer: -0.002
  (Session info: chrome=130.0.6723.59)
Build info: version: &apos;4.24.0&apos;, revision: &apos;748ffc9bc3&apos;
System info: os.name: &apos;Windows 11&apos;, os.arch: &apos;amd64&apos;, os.version: &apos;10.0&apos;, java.version: &apos;22.0.1&apos;
Driver info: org.openqa.selenium.chrome.ChromeDriver
Command: [21d281ba4a00e3d21d7b372126187c0b, get {url=https://www.saucedemo.com}]
Capabilities {acceptInsecureCerts: false, browserName: chrome, browserVersion: 130.0.6723.59, chrome: {chromedriverVersion: 130.0.6723.58 (3a50e012e4c9..., userDataDir: C:\Users\ommmm\AppData\Loca...}, fedcm:accounts: true, goog:chromeOptions: {debuggerAddress: localhost:8684}, networkConnectionEnabled: false, pageLoadStrategy: normal, platformName: windows, proxy: Proxy(), se:cdp: ws://localhost:8684/devtool..., se:cdpVersion: 130.0.6723.59, setWindowRect: true, strictFileInteractability: false, timeouts: {implicit: 0, pageLoad: 300000, script: 30000}, unhandledPromptBehavior: dismiss and notify, webauthn:extension:credBlob: true, webauthn:extension:largeBlob: true, webauthn:extension:minPinLength: true, webauthn:extension:prf: true, webauthn:virtualAuthenticators: true}
Session ID: 21d281ba4a00e3d21d7b372126187c0b
	at org.openqa.selenium.remote.ErrorCodec.decode(ErrorCodec.java:167)
	at org.openqa.selenium.remote.codec.w3c.W3CHttpResponseCodec.decode(W3CHttpResponseCodec.java:138)
	at org.openqa.selenium.remote.codec.w3c.W3CHttpResponseCodec.decode(W3CHttpResponseCodec.java:50)
	at org.openqa.selenium.remote.HttpCommandExecutor.execute(HttpCommandExecutor.java:190)
	at org.openqa.selenium.remote.service.DriverCommandExecutor.invokeExecute(DriverCommandExecutor.java:216)
	at org.openqa.selenium.remote.service.DriverCommandExecutor.execute(DriverCommandExecutor.java:174)
	at org.openqa.selenium.remote.RemoteWebDriver.execute(RemoteWebDriver.java:545)
	at org.openqa.selenium.remote.RemoteWebDriver.get(RemoteWebDriver.java:313)
	at com.MyTestingCo.tests.sorting.SortByMultiplePricesTest.testSortByMultiplePrices(SortByMultiplePricesTest.java:24)
	at java.base/java.util.ArrayList.forEach(ArrayList.java:1597)
... Removed 32 stack frames
</div> <!-- stack-trace -->
                  <em>
(Verify that the user can sort products by multiple prices)                  </em>
                </div> <!-- method-content -->
              </div> <!-- method -->
            </div> <!-- main-panel-content rounded-window-bottom -->
          </div> <!-- suite-SauceDemo_Tests_Suite-class-failed -->
          <div class="suite-SauceDemo_Tests_Suite-class-failed">
            <div class="main-panel-header rounded-window-top">
              <img src="failed.png"/>
              <span class="class-name">com.MyTestingCo.tests.checkout.CheckoutWithMultipleProductsTest</span>
            </div> <!-- main-panel-header rounded-window-top -->
            <div class="main-panel-content rounded-window-bottom">
              <div class="method">
                <div class="method-content">
                  <a name="testCheckoutWithMultipleProducts">
                  </a> <!-- testCheckoutWithMultipleProducts -->
                  <span class="method-name">testCheckoutWithMultipleProducts</span>
                  <div class="stack-trace">org.openqa.selenium.NoSuchElementException: no such element: Unable to locate element: {&quot;method&quot;:&quot;css selector&quot;,&quot;selector&quot;:&quot;#zip\-code&quot;}
  (Session info: chrome=130.0.6723.59)
For documentation on this error, please visit: https://www.selenium.dev/documentation/webdriver/troubleshooting/errors#no-such-element-exception
Build info: version: &apos;4.24.0&apos;, revision: &apos;748ffc9bc3&apos;
System info: os.name: &apos;Windows 11&apos;, os.arch: &apos;amd64&apos;, os.version: &apos;10.0&apos;, java.version: &apos;22.0.1&apos;
Driver info: org.openqa.selenium.chrome.ChromeDriver
Command: [db59d6d89be2065aad289a4451aa9dc7, findElement {using=id, value=zip-code}]
Capabilities {acceptInsecureCerts: false, browserName: chrome, browserVersion: 130.0.6723.59, chrome: {chromedriverVersion: 130.0.6723.58 (3a50e012e4c9..., userDataDir: C:\Users\ommmm\AppData\Loca...}, fedcm:accounts: true, goog:chromeOptions: {debuggerAddress: localhost:9114}, networkConnectionEnabled: false, pageLoadStrategy: normal, platformName: windows, proxy: Proxy(), se:cdp: ws://localhost:9114/devtool..., se:cdpVersion: 130.0.6723.59, setWindowRect: true, strictFileInteractability: false, timeouts: {implicit: 0, pageLoad: 300000, script: 30000}, unhandledPromptBehavior: dismiss and notify, webauthn:extension:credBlob: true, webauthn:extension:largeBlob: true, webauthn:extension:minPinLength: true, webauthn:extension:prf: true, webauthn:virtualAuthenticators: true}
Session ID: db59d6d89be2065aad289a4451aa9dc7
	at org.openqa.selenium.remote.ErrorCodec.decode(ErrorCodec.java:167)
	at org.openqa.selenium.remote.codec.w3c.W3CHttpResponseCodec.decode(W3CHttpResponseCodec.java:138)
	at org.openqa.selenium.remote.codec.w3c.W3CHttpResponseCodec.decode(W3CHttpResponseCodec.java:50)
	at org.openqa.selenium.remote.HttpCommandExecutor.execute(HttpCommandExecutor.java:190)
	at org.openqa.selenium.remote.service.DriverCommandExecutor.invokeExecute(DriverCommandExecutor.java:216)
	at org.openqa.selenium.remote.service.DriverCommandExecutor.execute(DriverCommandExecutor.java:174)
	at org.openqa.selenium.remote.RemoteWebDriver.execute(RemoteWebDriver.java:545)
	at org.openqa.selenium.remote.ElementLocation$ElementFinder$2.findElement(ElementLocation.java:165)
	at org.openqa.selenium.remote.ElementLocation.findElement(ElementLocation.java:59)
	at org.openqa.selenium.remote.RemoteWebDriver.findElement(RemoteWebDriver.java:368)
	at org.openqa.selenium.remote.RemoteWebDriver.findElement(RemoteWebDriver.java:362)
	at com.MyTestingCo.pages.CheckoutPage.enterZIPCode(CheckoutPage.java:36)
	at com.MyTestingCo.tests.checkout.CheckoutWithMultipleProductsTest.testCheckoutWithMultipleProducts(CheckoutWithMultipleProductsTest.java:45)
	at java.base/java.util.ArrayList.forEach(ArrayList.java:1597)
... Removed 32 stack frames
</div> <!-- stack-trace -->
                  <em>
(Verify that a user can checkout with multiple products.)                  </em>
                </div> <!-- method-content -->
              </div> <!-- method -->
            </div> <!-- main-panel-content rounded-window-bottom -->
          </div> <!-- suite-SauceDemo_Tests_Suite-class-failed -->
          <div class="suite-SauceDemo_Tests_Suite-class-failed">
            <div class="main-panel-header rounded-window-top">
              <img src="failed.png"/>
              <span class="class-name">com.MyTestingCo.tests.checkout.CheckoutWithEmptyFieldTest</span>
            </div> <!-- main-panel-header rounded-window-top -->
            <div class="main-panel-content rounded-window-bottom">
              <div class="method">
                <div class="method-content">
                  <a name="testCheckoutWithEmptyField">
                  </a> <!-- testCheckoutWithEmptyField -->
                  <span class="method-name">testCheckoutWithEmptyField</span>
                  <div class="stack-trace">org.openqa.selenium.NoSuchElementException: no such element: Unable to locate element: {&quot;method&quot;:&quot;css selector&quot;,&quot;selector&quot;:&quot;#checkout\-button&quot;}
  (Session info: chrome=130.0.6723.59)
For documentation on this error, please visit: https://www.selenium.dev/documentation/webdriver/troubleshooting/errors#no-such-element-exception
Build info: version: &apos;4.24.0&apos;, revision: &apos;748ffc9bc3&apos;
System info: os.name: &apos;Windows 11&apos;, os.arch: &apos;amd64&apos;, os.version: &apos;10.0&apos;, java.version: &apos;22.0.1&apos;
Driver info: org.openqa.selenium.chrome.ChromeDriver
Command: [5ab6b2ad6d335899580dc262195a5e1f, findElement {using=id, value=checkout-button}]
Capabilities {acceptInsecureCerts: false, browserName: chrome, browserVersion: 130.0.6723.59, chrome: {chromedriverVersion: 130.0.6723.58 (3a50e012e4c9..., userDataDir: C:\Users\ommmm\AppData\Loca...}, fedcm:accounts: true, goog:chromeOptions: {debuggerAddress: localhost:9215}, networkConnectionEnabled: false, pageLoadStrategy: normal, platformName: windows, proxy: Proxy(), se:cdp: ws://localhost:9215/devtool..., se:cdpVersion: 130.0.6723.59, setWindowRect: true, strictFileInteractability: false, timeouts: {implicit: 0, pageLoad: 300000, script: 30000}, unhandledPromptBehavior: dismiss and notify, webauthn:extension:credBlob: true, webauthn:extension:largeBlob: true, webauthn:extension:minPinLength: true, webauthn:extension:prf: true, webauthn:virtualAuthenticators: true}
Session ID: 5ab6b2ad6d335899580dc262195a5e1f
	at org.openqa.selenium.remote.ErrorCodec.decode(ErrorCodec.java:167)
	at org.openqa.selenium.remote.codec.w3c.W3CHttpResponseCodec.decode(W3CHttpResponseCodec.java:138)
	at org.openqa.selenium.remote.codec.w3c.W3CHttpResponseCodec.decode(W3CHttpResponseCodec.java:50)
	at org.openqa.selenium.remote.HttpCommandExecutor.execute(HttpCommandExecutor.java:190)
	at org.openqa.selenium.remote.service.DriverCommandExecutor.invokeExecute(DriverCommandExecutor.java:216)
	at org.openqa.selenium.remote.service.DriverCommandExecutor.execute(DriverCommandExecutor.java:174)
	at org.openqa.selenium.remote.RemoteWebDriver.execute(RemoteWebDriver.java:545)
	at org.openqa.selenium.remote.ElementLocation$ElementFinder$2.findElement(ElementLocation.java:165)
	at org.openqa.selenium.remote.ElementLocation.findElement(ElementLocation.java:59)
	at org.openqa.selenium.remote.RemoteWebDriver.findElement(RemoteWebDriver.java:368)
	at org.openqa.selenium.remote.RemoteWebDriver.findElement(RemoteWebDriver.java:362)
	at com.MyTestingCo.pages.CheckoutPage.clickCheckout(CheckoutPage.java:42)
	at com.MyTestingCo.tests.checkout.CheckoutWithEmptyFieldTest.testCheckoutWithEmptyField(CheckoutWithEmptyFieldTest.java:44)
	at java.base/java.util.ArrayList.forEach(ArrayList.java:1597)
... Removed 32 stack frames
</div> <!-- stack-trace -->
                  <em>
(Verify that a user cannot checkout with an empty field.)                  </em>
                </div> <!-- method-content -->
              </div> <!-- method -->
            </div> <!-- main-panel-content rounded-window-bottom -->
          </div> <!-- suite-SauceDemo_Tests_Suite-class-failed -->
          <div class="suite-SauceDemo_Tests_Suite-class-failed">
            <div class="main-panel-header rounded-window-top">
              <img src="failed.png"/>
              <span class="class-name">com.MyTestingCo.tests.filter.FilterByMultipleCategoriesTest</span>
            </div> <!-- main-panel-header rounded-window-top -->
            <div class="main-panel-content rounded-window-bottom">
              <div class="method">
                <div class="method-content">
                  <a name="testFilterByMultipleCategories">
                  </a> <!-- testFilterByMultipleCategories -->
                  <span class="method-name">testFilterByMultipleCategories</span>
                  <div class="stack-trace">java.lang.AssertionError: Products are not filtered by the specified category. expected [true] but found [false]
	at com.MyTestingCo.tests.filter.FilterByMultipleCategoriesTest.testFilterByMultipleCategories(FilterByMultipleCategoriesTest.java:42)
	at java.base/java.util.ArrayList.forEach(ArrayList.java:1597)
... Removed 32 stack frames
</div> <!-- stack-trace -->
                  <em>
(Verify that the user can filter products by multiple categories)                  </em>
                </div> <!-- method-content -->
              </div> <!-- method -->
            </div> <!-- main-panel-content rounded-window-bottom -->
          </div> <!-- suite-SauceDemo_Tests_Suite-class-failed -->
          <div class="suite-SauceDemo_Tests_Suite-class-failed">
            <div class="main-panel-header rounded-window-top">
              <img src="failed.png"/>
              <span class="class-name">com.MyTestingCo.tests.filter.FilterByCategoryWithSpecialCharactersTest</span>
            </div> <!-- main-panel-header rounded-window-top -->
            <div class="main-panel-content rounded-window-bottom">
              <div class="method">
                <div class="method-content">
                  <a name="testFilterByCategoryWithSpecialCharacters">
                  </a> <!-- testFilterByCategoryWithSpecialCharacters -->
                  <span class="method-name">testFilterByCategoryWithSpecialCharacters</span>
                  <div class="stack-trace">org.openqa.selenium.NoSuchElementException: Cannot locate option with text: Name (A to Z)!
For documentation on this error, please visit: https://www.selenium.dev/documentation/webdriver/troubleshooting/errors#no-such-element-exception
Build info: version: &apos;4.24.0&apos;, revision: &apos;748ffc9bc3&apos;
System info: os.name: &apos;Windows 11&apos;, os.arch: &apos;amd64&apos;, os.version: &apos;10.0&apos;, java.version: &apos;22.0.1&apos;
Driver info: driver.version: unknown
	at org.openqa.selenium.support.ui.Select.selectByVisibleText(Select.java:153)
	at com.MyTestingCo.pages.FilterPage.filterByCategory(FilterPage.java:22)
	at com.MyTestingCo.tests.filter.FilterByCategoryWithSpecialCharactersTest.testFilterByCategoryWithSpecialCharacters(FilterByCategoryWithSpecialCharactersTest.java:38)
	at java.base/java.util.ArrayList.forEach(ArrayList.java:1597)
... Removed 29 stack frames
</div> <!-- stack-trace -->
                  <em>
(Verify that the user can filter products by category with special characters)                  </em>
                </div> <!-- method-content -->
              </div> <!-- method -->
            </div> <!-- main-panel-content rounded-window-bottom -->
          </div> <!-- suite-SauceDemo_Tests_Suite-class-failed -->
          <div class="suite-SauceDemo_Tests_Suite-class-failed">
            <div class="main-panel-header rounded-window-top">
              <img src="failed.png"/>
              <span class="class-name">com.MyTestingCo.tests.cart.AddValidProductToCartTest</span>
            </div> <!-- main-panel-header rounded-window-top -->
            <div class="main-panel-content rounded-window-bottom">
              <div class="method">
                <div class="method-content">
                  <a name="testAddValidProductToCart">
                  </a> <!-- testAddValidProductToCart -->
                  <span class="method-name">testAddValidProductToCart</span>
                  <div class="stack-trace">org.openqa.selenium.NoSuchElementException: no such element: Unable to locate element: {&quot;method&quot;:&quot;css selector&quot;,&quot;selector&quot;:&quot;#user\-name&quot;}
  (Session info: chrome=130.0.6723.59)
For documentation on this error, please visit: https://www.selenium.dev/documentation/webdriver/troubleshooting/errors#no-such-element-exception
Build info: version: &apos;4.24.0&apos;, revision: &apos;748ffc9bc3&apos;
System info: os.name: &apos;Windows 11&apos;, os.arch: &apos;amd64&apos;, os.version: &apos;10.0&apos;, java.version: &apos;22.0.1&apos;
Driver info: org.openqa.selenium.chrome.ChromeDriver
Command: [930c2e44eacac4385597e03d6b9a5e77, findElement {using=id, value=user-name}]
Capabilities {acceptInsecureCerts: false, browserName: chrome, browserVersion: 130.0.6723.59, chrome: {chromedriverVersion: 130.0.6723.58 (3a50e012e4c9..., userDataDir: C:\Users\ommmm\AppData\Loca...}, fedcm:accounts: true, goog:chromeOptions: {debuggerAddress: localhost:8838}, networkConnectionEnabled: false, pageLoadStrategy: normal, platformName: windows, proxy: Proxy(), se:cdp: ws://localhost:8838/devtool..., se:cdpVersion: 130.0.6723.59, setWindowRect: true, strictFileInteractability: false, timeouts: {implicit: 0, pageLoad: 300000, script: 30000}, unhandledPromptBehavior: dismiss and notify, webauthn:extension:credBlob: true, webauthn:extension:largeBlob: true, webauthn:extension:minPinLength: true, webauthn:extension:prf: true, webauthn:virtualAuthenticators: true}
Session ID: 930c2e44eacac4385597e03d6b9a5e77
	at org.openqa.selenium.remote.ErrorCodec.decode(ErrorCodec.java:167)
	at org.openqa.selenium.remote.codec.w3c.W3CHttpResponseCodec.decode(W3CHttpResponseCodec.java:138)
	at org.openqa.selenium.remote.codec.w3c.W3CHttpResponseCodec.decode(W3CHttpResponseCodec.java:50)
	at org.openqa.selenium.remote.HttpCommandExecutor.execute(HttpCommandExecutor.java:190)
	at org.openqa.selenium.remote.service.DriverCommandExecutor.invokeExecute(DriverCommandExecutor.java:216)
	at org.openqa.selenium.remote.service.DriverCommandExecutor.execute(DriverCommandExecutor.java:174)
	at org.openqa.selenium.remote.RemoteWebDriver.execute(RemoteWebDriver.java:545)
	at org.openqa.selenium.remote.ElementLocation$ElementFinder$2.findElement(ElementLocation.java:165)
	at org.openqa.selenium.remote.ElementLocation.findElement(ElementLocation.java:66)
	at org.openqa.selenium.remote.RemoteWebDriver.findElement(RemoteWebDriver.java:368)
	at org.openqa.selenium.remote.RemoteWebDriver.findElement(RemoteWebDriver.java:362)
	at com.MyTestingCo.pages.LoginPage.enterUsername(LoginPage.java:23)
	at com.MyTestingCo.pages.LoginPage.login(LoginPage.java:40)
	at com.MyTestingCo.tests.cart.AddValidProductToCartTest.testAddValidProductToCart(AddValidProductToCartTest.java:28)
	at java.base/java.util.ArrayList.forEach(ArrayList.java:1597)
... Removed 32 stack frames
</div> <!-- stack-trace -->
                  <em>
(Verify that a user can add a valid product to the cart after logging in.)                  </em>
                </div> <!-- method-content -->
              </div> <!-- method -->
            </div> <!-- main-panel-content rounded-window-bottom -->
          </div> <!-- suite-SauceDemo_Tests_Suite-class-failed -->
          <div class="suite-SauceDemo_Tests_Suite-class-failed">
            <div class="main-panel-header rounded-window-top">
              <img src="failed.png"/>
              <span class="class-name">com.MyTestingCo.tests.checkout.CheckoutWithSpecialCharsTest</span>
            </div> <!-- main-panel-header rounded-window-top -->
            <div class="main-panel-content rounded-window-bottom">
              <div class="method">
                <div class="method-content">
                  <a name="testCheckoutWithSpecialChars">
                  </a> <!-- testCheckoutWithSpecialChars -->
                  <span class="method-name">testCheckoutWithSpecialChars</span>
                  <div class="stack-trace">org.openqa.selenium.NoSuchElementException: no such element: Unable to locate element: {&quot;method&quot;:&quot;xpath&quot;,&quot;selector&quot;:&quot;//div[contains(@class, &apos;inventory_item&apos;) and contains(., &apos;Sauce Labs Onesie!&apos;)]&quot;}
  (Session info: chrome=130.0.6723.59)
For documentation on this error, please visit: https://www.selenium.dev/documentation/webdriver/troubleshooting/errors#no-such-element-exception
Build info: version: &apos;4.24.0&apos;, revision: &apos;748ffc9bc3&apos;
System info: os.name: &apos;Windows 11&apos;, os.arch: &apos;amd64&apos;, os.version: &apos;10.0&apos;, java.version: &apos;22.0.1&apos;
Driver info: org.openqa.selenium.chrome.ChromeDriver
Command: [57293f9c79ffdde95a906ad48616dff7, findElement {using=xpath, value=//div[contains(@class, &apos;inventory_item&apos;) and contains(., &apos;Sauce Labs Onesie!&apos;)]}]
Capabilities {acceptInsecureCerts: false, browserName: chrome, browserVersion: 130.0.6723.59, chrome: {chromedriverVersion: 130.0.6723.58 (3a50e012e4c9..., userDataDir: C:\Users\ommmm\AppData\Loca...}, fedcm:accounts: true, goog:chromeOptions: {debuggerAddress: localhost:9157}, networkConnectionEnabled: false, pageLoadStrategy: normal, platformName: windows, proxy: Proxy(), se:cdp: ws://localhost:9157/devtool..., se:cdpVersion: 130.0.6723.59, setWindowRect: true, strictFileInteractability: false, timeouts: {implicit: 0, pageLoad: 300000, script: 30000}, unhandledPromptBehavior: dismiss and notify, webauthn:extension:credBlob: true, webauthn:extension:largeBlob: true, webauthn:extension:minPinLength: true, webauthn:extension:prf: true, webauthn:virtualAuthenticators: true}
Session ID: 57293f9c79ffdde95a906ad48616dff7
	at org.openqa.selenium.remote.ErrorCodec.decode(ErrorCodec.java:167)
	at org.openqa.selenium.remote.codec.w3c.W3CHttpResponseCodec.decode(W3CHttpResponseCodec.java:138)
	at org.openqa.selenium.remote.codec.w3c.W3CHttpResponseCodec.decode(W3CHttpResponseCodec.java:50)
	at org.openqa.selenium.remote.HttpCommandExecutor.execute(HttpCommandExecutor.java:190)
	at org.openqa.selenium.remote.service.DriverCommandExecutor.invokeExecute(DriverCommandExecutor.java:216)
	at org.openqa.selenium.remote.service.DriverCommandExecutor.execute(DriverCommandExecutor.java:174)
	at org.openqa.selenium.remote.RemoteWebDriver.execute(RemoteWebDriver.java:545)
	at org.openqa.selenium.remote.ElementLocation$ElementFinder$2.findElement(ElementLocation.java:165)
	at org.openqa.selenium.remote.ElementLocation.findElement(ElementLocation.java:59)
	at org.openqa.selenium.remote.RemoteWebDriver.findElement(RemoteWebDriver.java:368)
	at org.openqa.selenium.remote.RemoteWebDriver.findElement(RemoteWebDriver.java:362)
	at com.MyTestingCo.pages.ProductsPage.addProductToCart(ProductsPage.java:31)
	at com.MyTestingCo.tests.checkout.CheckoutWithSpecialCharsTest.testCheckoutWithSpecialChars(CheckoutWithSpecialCharsTest.java:33)
	at java.base/java.util.ArrayList.forEach(ArrayList.java:1597)
... Removed 32 stack frames
</div> <!-- stack-trace -->
                  <em>
(Verify that a user can checkout with special characters.)                  </em>
                </div> <!-- method-content -->
              </div> <!-- method -->
            </div> <!-- main-panel-content rounded-window-bottom -->
          </div> <!-- suite-SauceDemo_Tests_Suite-class-failed -->
          <div class="suite-SauceDemo_Tests_Suite-class-passed">
            <div class="main-panel-header rounded-window-top">
              <img src="passed.png"/>
              <span class="class-name">com.MyTestingCo.tests.filter.FilterByCategoryTest</span>
            </div> <!-- main-panel-header rounded-window-top -->
            <div class="main-panel-content rounded-window-bottom">
              <div class="method">
                <div class="method-content">
                  <a name="testFilterByCategory">
                  </a> <!-- testFilterByCategory -->
                  <span class="method-name">testFilterByCategory</span>
                  <em>
(Verify that the user can filter products by category)                  </em>
                </div> <!-- method-content -->
              </div> <!-- method -->
            </div> <!-- main-panel-content rounded-window-bottom -->
          </div> <!-- suite-SauceDemo_Tests_Suite-class-passed -->
          <div class="suite-SauceDemo_Tests_Suite-class-passed">
            <div class="main-panel-header rounded-window-top">
              <img src="passed.png"/>
              <span class="class-name">com.MyTestingCo.tests.login.ValidLoginTest</span>
            </div> <!-- main-panel-header rounded-window-top -->
            <div class="main-panel-content rounded-window-bottom">
              <div class="method">
                <div class="method-content">
                  <a name="testValidLogin">
                  </a> <!-- testValidLogin -->
                  <span class="method-name">testValidLogin</span>
                  <em>
(Verify that a user can log in with valid credentials)                  </em>
                </div> <!-- method-content -->
              </div> <!-- method -->
            </div> <!-- main-panel-content rounded-window-bottom -->
          </div> <!-- suite-SauceDemo_Tests_Suite-class-passed -->
          <div class="suite-SauceDemo_Tests_Suite-class-passed">
            <div class="main-panel-header rounded-window-top">
              <img src="passed.png"/>
              <span class="class-name">com.MyTestingCo.tests.login.LoginWithEmptyPasswordTest</span>
            </div> <!-- main-panel-header rounded-window-top -->
            <div class="main-panel-content rounded-window-bottom">
              <div class="method">
                <div class="method-content">
                  <a name="loginWithEmptyPasswordTest">
                  </a> <!-- loginWithEmptyPasswordTest -->
                  <span class="method-name">loginWithEmptyPasswordTest</span>
                  <em>
(Login with Empty Password Test)                  </em>
                </div> <!-- method-content -->
              </div> <!-- method -->
            </div> <!-- main-panel-content rounded-window-bottom -->
          </div> <!-- suite-SauceDemo_Tests_Suite-class-passed -->
          <div class="suite-SauceDemo_Tests_Suite-class-passed">
            <div class="main-panel-header rounded-window-top">
              <img src="passed.png"/>
              <span class="class-name">com.MyTestingCo.tests.login.LoginWithEmptyUsernameTest</span>
            </div> <!-- main-panel-header rounded-window-top -->
            <div class="main-panel-content rounded-window-bottom">
              <div class="method">
                <div class="method-content">
                  <a name="loginWithEmptyUsernameTest">
                  </a> <!-- loginWithEmptyUsernameTest -->
                  <span class="method-name">loginWithEmptyUsernameTest</span>
                  <em>
(Login with Empty Username Test)                  </em>
                </div> <!-- method-content -->
              </div> <!-- method -->
            </div> <!-- main-panel-content rounded-window-bottom -->
          </div> <!-- suite-SauceDemo_Tests_Suite-class-passed -->
          <div class="suite-SauceDemo_Tests_Suite-class-passed">
            <div class="main-panel-header rounded-window-top">
              <img src="passed.png"/>
              <span class="class-name">com.MyTestingCo.tests.login.InvalidLoginTest</span>
            </div> <!-- main-panel-header rounded-window-top -->
            <div class="main-panel-content rounded-window-bottom">
              <div class="method">
                <div class="method-content">
                  <a name="testInvalidLogin">
                  </a> <!-- testInvalidLogin -->
                  <span class="method-name">testInvalidLogin</span>
                  <em>
(Verify that an error message is displayed with invalid credentials)                  </em>
                </div> <!-- method-content -->
              </div> <!-- method -->
            </div> <!-- main-panel-content rounded-window-bottom -->
          </div> <!-- suite-SauceDemo_Tests_Suite-class-passed -->
          <div class="suite-SauceDemo_Tests_Suite-class-passed">
            <div class="main-panel-header rounded-window-top">
              <img src="passed.png"/>
              <span class="class-name">com.MyTestingCo.tests.login.LoginWithSpecialCharactersTest</span>
            </div> <!-- main-panel-header rounded-window-top -->
            <div class="main-panel-content rounded-window-bottom">
              <div class="method">
                <div class="method-content">
                  <a name="loginWithSpecialCharactersTest">
                  </a> <!-- loginWithSpecialCharactersTest -->
                  <span class="method-name">loginWithSpecialCharactersTest</span>
                  <em>
(Login with Special Characters Test)                  </em>
                </div> <!-- method-content -->
              </div> <!-- method -->
            </div> <!-- main-panel-content rounded-window-bottom -->
          </div> <!-- suite-SauceDemo_Tests_Suite-class-passed -->
          <div class="suite-SauceDemo_Tests_Suite-class-passed">
            <div class="main-panel-header rounded-window-top">
              <img src="passed.png"/>
              <span class="class-name">com.MyTestingCo.tests.sorting.SortByPriceTest</span>
            </div> <!-- main-panel-header rounded-window-top -->
            <div class="main-panel-content rounded-window-bottom">
              <div class="method">
                <div class="method-content">
                  <a name="testSortByPrice">
                  </a> <!-- testSortByPrice -->
                  <span class="method-name">testSortByPrice</span>
                  <em>
(Verify that the user can sort products by price)                  </em>
                </div> <!-- method-content -->
              </div> <!-- method -->
            </div> <!-- main-panel-content rounded-window-bottom -->
          </div> <!-- suite-SauceDemo_Tests_Suite-class-passed -->
        </div> <!-- panel SauceDemo_Tests_Suite -->
        <div panel-name="test-xml-SauceDemo_Tests_Suite" class="panel">
          <div class="main-panel-header rounded-window-top">
            <span class="header-content">D:\repos\GitHub\DEPI_AutomationTestingFramework\UI\AutomatedTestingFramework\src\test\resources\testng.xml</span>
          </div> <!-- main-panel-header rounded-window-top -->
          <div class="main-panel-content rounded-window-bottom">
            <pre>
&lt;?xml version=&quot;1.0&quot; encoding=&quot;UTF-8&quot;?&gt;
&lt;!DOCTYPE suite SYSTEM &quot;https://testng.org/testng-1.0.dtd&quot;&gt;
&lt;suite name=&quot;SauceDemo Tests Suite&quot; guice-stage=&quot;DEVELOPMENT&quot; verbose=&quot;0&quot;&gt;
  &lt;parameter name=&quot;browser&quot; value=&quot;chrome&quot;/&gt;
  &lt;test thread-count=&quot;5&quot; name=&quot;Login Functionality Tests&quot; verbose=&quot;0&quot;&gt;
    &lt;parameter name=&quot;browser&quot; value=&quot;chrome&quot;/&gt;
    &lt;classes&gt;
      &lt;class name=&quot;com.MyTestingCo.tests.login.ValidLoginTest&quot;/&gt;
      &lt;class name=&quot;com.MyTestingCo.tests.login.InvalidLoginTest&quot;/&gt;
      &lt;class name=&quot;com.MyTestingCo.tests.login.LoginWithEmptyUsernameTest&quot;/&gt;
      &lt;class name=&quot;com.MyTestingCo.tests.login.LoginWithEmptyPasswordTest&quot;/&gt;
      &lt;class name=&quot;com.MyTestingCo.tests.login.LoginWithSpecialCharactersTest&quot;/&gt;
    &lt;/classes&gt;
  &lt;/test&gt; &lt;!-- Login Functionality Tests --&gt;
  &lt;test thread-count=&quot;5&quot; name=&quot;Product Filtering Functionality Tests&quot; verbose=&quot;0&quot;&gt;
    &lt;parameter name=&quot;browser&quot; value=&quot;chrome&quot;/&gt;
    &lt;classes&gt;
      &lt;class name=&quot;com.MyTestingCo.tests.filter.FilterByCategoryTest&quot;/&gt;
      &lt;class name=&quot;com.MyTestingCo.tests.filter.FilterByInvalidCategoryTest&quot;/&gt;
      &lt;class name=&quot;com.MyTestingCo.tests.filter.FilterByMultipleCategoriesTest&quot;/&gt;
      &lt;class name=&quot;com.MyTestingCo.tests.filter.FilterByCategoryWithSpecialCharactersTest&quot;/&gt;
      &lt;class name=&quot;com.MyTestingCo.tests.filter.FilterByCategoryWithEmptyFieldTest&quot;/&gt;
    &lt;/classes&gt;
  &lt;/test&gt; &lt;!-- Product Filtering Functionality Tests --&gt;
  &lt;test thread-count=&quot;5&quot; name=&quot;Product Sorting Functionality Tests&quot; verbose=&quot;0&quot;&gt;
    &lt;parameter name=&quot;browser&quot; value=&quot;chrome&quot;/&gt;
    &lt;classes&gt;
      &lt;class name=&quot;com.MyTestingCo.tests.sorting.SortByPriceTest&quot;/&gt;
      &lt;class name=&quot;com.MyTestingCo.tests.sorting.SortByInvalidPriceTest&quot;/&gt;
      &lt;class name=&quot;com.MyTestingCo.tests.sorting.SortByMultiplePricesTest&quot;/&gt;
      &lt;class name=&quot;com.MyTestingCo.tests.sorting.SortByPriceWithSpecialCharactersTest&quot;/&gt;
      &lt;class name=&quot;com.MyTestingCo.tests.sorting.SortByPriceWithEmptyFieldTest&quot;/&gt;
    &lt;/classes&gt;
  &lt;/test&gt; &lt;!-- Product Sorting Functionality Tests --&gt;
  &lt;test thread-count=&quot;5&quot; name=&quot;Add to Cart Functionality Tests&quot; verbose=&quot;0&quot;&gt;
    &lt;parameter name=&quot;browser&quot; value=&quot;chrome&quot;/&gt;
    &lt;classes&gt;
      &lt;class name=&quot;com.MyTestingCo.tests.cart.AddValidProductToCartTest&quot;/&gt;
      &lt;class name=&quot;com.MyTestingCo.tests.cart.AddInvalidProductToCartTest&quot;/&gt;
      &lt;class name=&quot;com.MyTestingCo.tests.cart.AddMultipleProductsToCartTest&quot;/&gt;
      &lt;class name=&quot;com.MyTestingCo.tests.cart.AddProductWithSpecialCharsToCartTest&quot;/&gt;
      &lt;class name=&quot;com.MyTestingCo.tests.cart.AddProductWithEmptyFieldToCartTest&quot;/&gt;
    &lt;/classes&gt;
  &lt;/test&gt; &lt;!-- Add to Cart Functionality Tests --&gt;
  &lt;test thread-count=&quot;5&quot; name=&quot;Checkout Functionality Tests&quot; verbose=&quot;0&quot;&gt;
    &lt;parameter name=&quot;browser&quot; value=&quot;chrome&quot;/&gt;
    &lt;classes&gt;
      &lt;class name=&quot;com.MyTestingCo.tests.checkout.ValidCheckoutTest&quot;/&gt;
      &lt;class name=&quot;com.MyTestingCo.tests.checkout.InvalidCheckoutTest&quot;/&gt;
      &lt;class name=&quot;com.MyTestingCo.tests.checkout.CheckoutWithMultipleProductsTest&quot;/&gt;
      &lt;class name=&quot;com.MyTestingCo.tests.checkout.CheckoutWithSpecialCharsTest&quot;/&gt;
      &lt;class name=&quot;com.MyTestingCo.tests.checkout.CheckoutWithEmptyFieldTest&quot;/&gt;
    &lt;/classes&gt;
  &lt;/test&gt; &lt;!-- Checkout Functionality Tests --&gt;
  &lt;test thread-count=&quot;5&quot; name=&quot;Logout Functionality Tests&quot; verbose=&quot;0&quot;&gt;
  &lt;/test&gt; &lt;!-- Logout Functionality Tests --&gt;
&lt;/suite&gt; &lt;!-- SauceDemo Tests Suite --&gt;
            </pre>
          </div> <!-- main-panel-content rounded-window-bottom -->
        </div> <!-- panel -->
        <div panel-name="testlist-SauceDemo_Tests_Suite" class="panel">
          <div class="main-panel-header rounded-window-top">
            <span class="header-content">Tests for SauceDemo Tests Suite</span>
          </div> <!-- main-panel-header rounded-window-top -->
          <div class="main-panel-content rounded-window-bottom">
            <ul>
              <li>
                <span class="test-name">Login Functionality Tests (5 classes)</span>
              </li>
              <li>
                <span class="test-name">Product Filtering Functionality Tests (5 classes)</span>
              </li>
              <li>
                <span class="test-name">Product Sorting Functionality Tests (5 classes)</span>
              </li>
              <li>
                <span class="test-name">Add to Cart Functionality Tests (5 classes)</span>
              </li>
              <li>
                <span class="test-name">Checkout Functionality Tests (5 classes)</span>
              </li>
              <li>
                <span class="test-name">Logout Functionality Tests (0 classes)</span>
              </li>
            </ul>
          </div> <!-- main-panel-content rounded-window-bottom -->
        </div> <!-- panel -->
        <div panel-name="group-SauceDemo_Tests_Suite" class="panel">
          <div class="main-panel-header rounded-window-top">
            <span class="header-content">Groups for SauceDemo Tests Suite</span>
          </div> <!-- main-panel-header rounded-window-top -->
          <div class="main-panel-content rounded-window-bottom">
          </div> <!-- main-panel-content rounded-window-bottom -->
        </div> <!-- panel -->
        <div panel-name="times-SauceDemo_Tests_Suite" class="panel">
          <div class="main-panel-header rounded-window-top">
            <span class="header-content">Times for SauceDemo Tests Suite</span>
          </div> <!-- main-panel-header rounded-window-top -->
          <div class="main-panel-content rounded-window-bottom">
            <div class="times-div">
              <script type="text/javascript">
suiteTableInitFunctions.push('tableData_SauceDemo_Tests_Suite');
function tableData_SauceDemo_Tests_Suite() {
var data = new google.visualization.DataTable();
data.addColumn('number', 'Number');
data.addColumn('string', 'Method');
data.addColumn('string', 'Class');
data.addColumn('number', 'Time (ms)');
data.addRows(25);
data.setCell(0, 0, 0)
data.setCell(0, 1, 'testSortByInvalidPrice')
data.setCell(0, 2, 'com.MyTestingCo.tests.sorting.SortByInvalidPriceTest')
data.setCell(0, 3, 39722);
data.setCell(1, 0, 1)
data.setCell(1, 1, 'testFilterByInvalidCategory')
data.setCell(1, 2, 'com.MyTestingCo.tests.filter.FilterByInvalidCategoryTest')
data.setCell(1, 3, 23251);
data.setCell(2, 0, 2)
data.setCell(2, 1, 'testSortByPriceWithSpecialCharacters')
data.setCell(2, 2, 'com.MyTestingCo.tests.sorting.SortByPriceWithSpecialCharactersTest')
data.setCell(2, 3, 21573);
data.setCell(3, 0, 3)
data.setCell(3, 1, 'testSortByMultiplePrices')
data.setCell(3, 2, 'com.MyTestingCo.tests.sorting.SortByMultiplePricesTest')
data.setCell(3, 3, 20029);
data.setCell(4, 0, 4)
data.setCell(4, 1, 'testSortByPrice')
data.setCell(4, 2, 'com.MyTestingCo.tests.sorting.SortByPriceTest')
data.setCell(4, 3, 16320);
data.setCell(5, 0, 5)
data.setCell(5, 1, 'testCheckoutWithEmptyField')
data.setCell(5, 2, 'com.MyTestingCo.tests.checkout.CheckoutWithEmptyFieldTest')
data.setCell(5, 3, 14703);
data.setCell(6, 0, 6)
data.setCell(6, 1, 'testValidCheckout')
data.setCell(6, 2, 'com.MyTestingCo.tests.checkout.ValidCheckoutTest')
data.setCell(6, 3, 13453);
data.setCell(7, 0, 7)
data.setCell(7, 1, 'testCheckoutWithMultipleProducts')
data.setCell(7, 2, 'com.MyTestingCo.tests.checkout.CheckoutWithMultipleProductsTest')
data.setCell(7, 3, 12726);
data.setCell(8, 0, 8)
data.setCell(8, 1, 'testFilterByCategoryWithEmptyField')
data.setCell(8, 2, 'com.MyTestingCo.tests.filter.FilterByCategoryWithEmptyFieldTest')
data.setCell(8, 3, 12056);
data.setCell(9, 0, 9)
data.setCell(9, 1, 'testInvalidCheckout')
data.setCell(9, 2, 'com.MyTestingCo.tests.checkout.InvalidCheckoutTest')
data.setCell(9, 3, 11928);
data.setCell(10, 0, 10)
data.setCell(10, 1, 'testFilterByCategoryWithSpecialCharacters')
data.setCell(10, 2, 'com.MyTestingCo.tests.filter.FilterByCategoryWithSpecialCharactersTest')
data.setCell(10, 3, 11595);
data.setCell(11, 0, 11)
data.setCell(11, 1, 'testCheckoutWithSpecialChars')
data.setCell(11, 2, 'com.MyTestingCo.tests.checkout.CheckoutWithSpecialCharsTest')
data.setCell(11, 3, 11445);
data.setCell(12, 0, 12)
data.setCell(12, 1, 'testSortByPriceWithEmptyField')
data.setCell(12, 2, 'com.MyTestingCo.tests.sorting.SortByPriceWithEmptyFieldTest')
data.setCell(12, 3, 11431);
data.setCell(13, 0, 13)
data.setCell(13, 1, 'testAddInvalidProductToCart')
data.setCell(13, 2, 'com.MyTestingCo.tests.cart.AddInvalidProductToCartTest')
data.setCell(13, 3, 11243);
data.setCell(14, 0, 14)
data.setCell(14, 1, 'testAddProductWithEmptyFieldToCart')
data.setCell(14, 2, 'com.MyTestingCo.tests.cart.AddProductWithEmptyFieldToCartTest')
data.setCell(14, 3, 10068);
data.setCell(15, 0, 15)
data.setCell(15, 1, 'testAddMultipleProductsToCart')
data.setCell(15, 2, 'com.MyTestingCo.tests.cart.AddMultipleProductsToCartTest')
data.setCell(15, 3, 10048);
data.setCell(16, 0, 16)
data.setCell(16, 1, 'testAddProductWithSpecialCharsToCart')
data.setCell(16, 2, 'com.MyTestingCo.tests.cart.AddProductWithSpecialCharsToCartTest')
data.setCell(16, 3, 10048);
data.setCell(17, 0, 17)
data.setCell(17, 1, 'testAddValidProductToCart')
data.setCell(17, 2, 'com.MyTestingCo.tests.cart.AddValidProductToCartTest')
data.setCell(17, 3, 10044);
data.setCell(18, 0, 18)
data.setCell(18, 1, 'testValidLogin')
data.setCell(18, 2, 'com.MyTestingCo.tests.login.ValidLoginTest')
data.setCell(18, 3, 3427);
data.setCell(19, 0, 19)
data.setCell(19, 1, 'testFilterByCategory')
data.setCell(19, 2, 'com.MyTestingCo.tests.filter.FilterByCategoryTest')
data.setCell(19, 3, 3156);
data.setCell(20, 0, 20)
data.setCell(20, 1, 'loginWithSpecialCharactersTest')
data.setCell(20, 2, 'com.MyTestingCo.tests.login.LoginWithSpecialCharactersTest')
data.setCell(20, 3, 3044);
data.setCell(21, 0, 21)
data.setCell(21, 1, 'testInvalidLogin')
data.setCell(21, 2, 'com.MyTestingCo.tests.login.InvalidLoginTest')
data.setCell(21, 3, 3015);
data.setCell(22, 0, 22)
data.setCell(22, 1, 'loginWithEmptyPasswordTest')
data.setCell(22, 2, 'com.MyTestingCo.tests.login.LoginWithEmptyPasswordTest')
data.setCell(22, 3, 2999);
data.setCell(23, 0, 23)
data.setCell(23, 1, 'testFilterByMultipleCategories')
data.setCell(23, 2, 'com.MyTestingCo.tests.filter.FilterByMultipleCategoriesTest')
data.setCell(23, 3, 2970);
data.setCell(24, 0, 24)
data.setCell(24, 1, 'loginWithEmptyUsernameTest')
data.setCell(24, 2, 'com.MyTestingCo.tests.login.LoginWithEmptyUsernameTest')
data.setCell(24, 3, 2949);
window.suiteTableData['SauceDemo_Tests_Suite']= { tableData: data, tableDiv: 'times-div-SauceDemo_Tests_Suite'}
return data;
}
              </script>
              <span class="suite-total-time">Total running time: 4 minutes</span>
              <div id="times-div-SauceDemo_Tests_Suite">
              </div> <!-- times-div-SauceDemo_Tests_Suite -->
            </div> <!-- times-div -->
          </div> <!-- main-panel-content rounded-window-bottom -->
        </div> <!-- panel -->
        <div panel-name="reporter-SauceDemo_Tests_Suite" class="panel">
          <div class="main-panel-header rounded-window-top">
            <span class="header-content">Reporter output for SauceDemo Tests Suite</span>
          </div> <!-- main-panel-header rounded-window-top -->
          <div class="main-panel-content rounded-window-bottom">
          </div> <!-- main-panel-content rounded-window-bottom -->
        </div> <!-- panel -->
        <div panel-name="ignored-methods-SauceDemo_Tests_Suite" class="panel">
          <div class="main-panel-header rounded-window-top">
            <span class="header-content">0 ignored methods</span>
          </div> <!-- main-panel-header rounded-window-top -->
          <div class="main-panel-content rounded-window-bottom">
          </div> <!-- main-panel-content rounded-window-bottom -->
        </div> <!-- panel -->
        <div panel-name="chronological-SauceDemo_Tests_Suite" class="panel">
          <div class="main-panel-header rounded-window-top">
            <span class="header-content">Methods in chronological order</span>
          </div> <!-- main-panel-header rounded-window-top -->
          <div class="main-panel-content rounded-window-bottom">
            <div class="chronological-class">
              <div class="chronological-class-name">com.MyTestingCo.tests.login.ValidLoginTest</div> <!-- chronological-class-name -->
              <div class="configuration-class before">
                <span class="method-name">setUp(chrome)</span>
                <span class="method-start">0 ms</span>
              </div> <!-- configuration-class before -->
              <div class="test-method">
                <span class="method-name">testValidLogin</span>
                <span class="method-start">7257 ms</span>
              </div> <!-- test-method -->
              <div class="configuration-method after">
                <span class="method-name">addScreenshotOnFailure([TestResult name=testValidLogin status=SUCCESS method=ValidLoginTest.testValidLogin()[pri:0, instanc...)</span>
                <span class="method-start">10848 ms</span>
              </div> <!-- configuration-method after -->
              <div class="configuration-method after">
                <span class="method-name">addScreenshotOnSuccess([TestResult name=testValidLogin status=SUCCESS method=ValidLoginTest.testValidLogin()[pri:0, instanc...)</span>
                <span class="method-start">10870 ms</span>
              </div> <!-- configuration-method after -->
              <div class="configuration-class after">
                <span class="method-name">tearDown</span>
                <span class="method-start">11068 ms</span>
              </div> <!-- configuration-class after -->
            </div> <!-- chronological-class -->
            <div class="chronological-class">
              <div class="chronological-class-name">com.MyTestingCo.tests.login.InvalidLoginTest</div> <!-- chronological-class-name -->
              <div class="configuration-class before">
                <span class="method-name">setUp(chrome)</span>
                <span class="method-start">11279 ms</span>
              </div> <!-- configuration-class before -->
              <div class="test-method">
                <span class="method-name">testInvalidLogin</span>
                <span class="method-start">12473 ms</span>
              </div> <!-- test-method -->
              <div class="configuration-method after">
                <span class="method-name">addScreenshotOnFailure([TestResult name=testInvalidLogin status=SUCCESS method=InvalidLoginTest.testInvalidLogin()[pri:0, i...)</span>
                <span class="method-start">15499 ms</span>
              </div> <!-- configuration-method after -->
              <div class="configuration-method after">
                <span class="method-name">addScreenshotOnSuccess([TestResult name=testInvalidLogin status=SUCCESS method=InvalidLoginTest.testInvalidLogin()[pri:0, i...)</span>
                <span class="method-start">15502 ms</span>
              </div> <!-- configuration-method after -->
              <div class="configuration-class after">
                <span class="method-name">tearDown</span>
                <span class="method-start">15687 ms</span>
              </div> <!-- configuration-class after -->
            </div> <!-- chronological-class -->
            <div class="chronological-class">
              <div class="chronological-class-name">com.MyTestingCo.tests.login.LoginWithEmptyUsernameTest</div> <!-- chronological-class-name -->
              <div class="configuration-class before">
                <span class="method-name">setUp(chrome)</span>
                <span class="method-start">15888 ms</span>
              </div> <!-- configuration-class before -->
              <div class="test-method">
                <span class="method-name">loginWithEmptyUsernameTest</span>
                <span class="method-start">16979 ms</span>
              </div> <!-- test-method -->
              <div class="configuration-method after">
                <span class="method-name">addScreenshotOnFailure([TestResult name=loginWithEmptyUsernameTest status=SUCCESS method=LoginWithEmptyUsernameTest.loginWi...)</span>
                <span class="method-start">19939 ms</span>
              </div> <!-- configuration-method after -->
              <div class="configuration-method after">
                <span class="method-name">addScreenshotOnSuccess([TestResult name=loginWithEmptyUsernameTest status=SUCCESS method=LoginWithEmptyUsernameTest.loginWi...)</span>
                <span class="method-start">19941 ms</span>
              </div> <!-- configuration-method after -->
              <div class="configuration-class after">
                <span class="method-name">tearDown</span>
                <span class="method-start">20073 ms</span>
              </div> <!-- configuration-class after -->
            </div> <!-- chronological-class -->
            <div class="chronological-class">
              <div class="chronological-class-name">com.MyTestingCo.tests.login.LoginWithEmptyPasswordTest</div> <!-- chronological-class-name -->
              <div class="configuration-class before">
                <span class="method-name">setUp(chrome)</span>
                <span class="method-start">20272 ms</span>
              </div> <!-- configuration-class before -->
              <div class="test-method">
                <span class="method-name">loginWithEmptyPasswordTest</span>
                <span class="method-start">21337 ms</span>
              </div> <!-- test-method -->
              <div class="configuration-method after">
                <span class="method-name">addScreenshotOnFailure([TestResult name=loginWithEmptyPasswordTest status=SUCCESS method=LoginWithEmptyPasswordTest.loginWi...)</span>
                <span class="method-start">24338 ms</span>
              </div> <!-- configuration-method after -->
              <div class="configuration-method after">
                <span class="method-name">addScreenshotOnSuccess([TestResult name=loginWithEmptyPasswordTest status=SUCCESS method=LoginWithEmptyPasswordTest.loginWi...)</span>
                <span class="method-start">24340 ms</span>
              </div> <!-- configuration-method after -->
              <div class="configuration-class after">
                <span class="method-name">tearDown</span>
                <span class="method-start">24464 ms</span>
              </div> <!-- configuration-class after -->
            </div> <!-- chronological-class -->
            <div class="chronological-class">
              <div class="chronological-class-name">com.MyTestingCo.tests.login.LoginWithSpecialCharactersTest</div> <!-- chronological-class-name -->
              <div class="configuration-class before">
                <span class="method-name">setUp(chrome)</span>
                <span class="method-start">24705 ms</span>
              </div> <!-- configuration-class before -->
              <div class="test-method">
                <span class="method-name">loginWithSpecialCharactersTest</span>
                <span class="method-start">25856 ms</span>
              </div> <!-- test-method -->
              <div class="configuration-method after">
                <span class="method-name">addScreenshotOnFailure([TestResult name=loginWithSpecialCharactersTest status=SUCCESS method=LoginWithSpecialCharactersTest...)</span>
                <span class="method-start">28902 ms</span>
              </div> <!-- configuration-method after -->
              <div class="configuration-method after">
                <span class="method-name">addScreenshotOnSuccess([TestResult name=loginWithSpecialCharactersTest status=SUCCESS method=LoginWithSpecialCharactersTest...)</span>
                <span class="method-start">28904 ms</span>
              </div> <!-- configuration-method after -->
              <div class="configuration-class after">
                <span class="method-name">tearDown</span>
                <span class="method-start">29080 ms</span>
              </div> <!-- configuration-class after -->
            </div> <!-- chronological-class -->
            <div class="chronological-class">
              <div class="chronological-class-name">com.MyTestingCo.tests.filter.FilterByCategoryTest</div> <!-- chronological-class-name -->
              <div class="configuration-class before">
                <span class="method-name">setUp(chrome)</span>
                <span class="method-start">29426 ms</span>
              </div> <!-- configuration-class before -->
              <div class="test-method">
                <span class="method-name">testFilterByCategory</span>
                <span class="method-start">30612 ms</span>
              </div> <!-- test-method -->
              <div class="configuration-method after">
                <span class="method-name">addScreenshotOnFailure([TestResult name=testFilterByCategory status=SUCCESS method=FilterByCategoryTest.testFilterByCategor...)</span>
                <span class="method-start">33782 ms</span>
              </div> <!-- configuration-method after -->
              <div class="configuration-method after">
                <span class="method-name">addScreenshotOnSuccess([TestResult name=testFilterByCategory status=SUCCESS method=FilterByCategoryTest.testFilterByCategor...)</span>
                <span class="method-start">33785 ms</span>
              </div> <!-- configuration-method after -->
              <div class="configuration-class after">
                <span class="method-name">tearDown</span>
                <span class="method-start">33975 ms</span>
              </div> <!-- configuration-class after -->
            </div> <!-- chronological-class -->
            <div class="chronological-class">
              <div class="chronological-class-name">com.MyTestingCo.tests.filter.FilterByInvalidCategoryTest</div> <!-- chronological-class-name -->
              <div class="configuration-class before">
                <span class="method-name">setUp(chrome)</span>
                <span class="method-start">34192 ms</span>
              </div> <!-- configuration-class before -->
              <div class="test-method">
                <img src="failed.png">
                </img>
                <span class="method-name">testFilterByInvalidCategory</span>
                <span class="method-start">35262 ms</span>
              </div> <!-- test-method -->
              <div class="configuration-method after">
                <span class="method-name">addScreenshotOnFailure([TestResult name=testFilterByInvalidCategory status=FAILURE method=FilterByInvalidCategoryTest.testF...)</span>
                <span class="method-start">58522 ms</span>
              </div> <!-- configuration-method after -->
              <div class="configuration-method after">
                <span class="method-name">addScreenshotOnSuccess([TestResult name=testFilterByInvalidCategory status=FAILURE method=FilterByInvalidCategoryTest.testF...)</span>
                <span class="method-start">58684 ms</span>
              </div> <!-- configuration-method after -->
              <div class="configuration-class after">
                <span class="method-name">tearDown</span>
                <span class="method-start">58704 ms</span>
              </div> <!-- configuration-class after -->
            </div> <!-- chronological-class -->
            <div class="chronological-class">
              <div class="chronological-class-name">com.MyTestingCo.tests.filter.FilterByMultipleCategoriesTest</div> <!-- chronological-class-name -->
              <div class="configuration-class before">
                <span class="method-name">setUp(chrome)</span>
                <span class="method-start">58989 ms</span>
              </div> <!-- configuration-class before -->
              <div class="test-method">
                <img src="failed.png">
                </img>
                <span class="method-name">testFilterByMultipleCategories</span>
                <span class="method-start">60213 ms</span>
              </div> <!-- test-method -->
              <div class="configuration-method after">
                <span class="method-name">addScreenshotOnFailure([TestResult name=testFilterByMultipleCategories status=FAILURE method=FilterByMultipleCategoriesTest...)</span>
                <span class="method-start">63202 ms</span>
              </div> <!-- configuration-method after -->
              <div class="configuration-method after">
                <span class="method-name">addScreenshotOnSuccess([TestResult name=testFilterByMultipleCategories status=FAILURE method=FilterByMultipleCategoriesTest...)</span>
                <span class="method-start">63358 ms</span>
              </div> <!-- configuration-method after -->
              <div class="configuration-class after">
                <span class="method-name">tearDown</span>
                <span class="method-start">63360 ms</span>
              </div> <!-- configuration-class after -->
            </div> <!-- chronological-class -->
            <div class="chronological-class">
              <div class="chronological-class-name">com.MyTestingCo.tests.filter.FilterByCategoryWithSpecialCharactersTest</div> <!-- chronological-class-name -->
              <div class="configuration-class before">
                <span class="method-name">setUp(chrome)</span>
                <span class="method-start">63570 ms</span>
              </div> <!-- configuration-class before -->
              <div class="test-method">
                <img src="failed.png">
                </img>
                <span class="method-name">testFilterByCategoryWithSpecialCharacters</span>
                <span class="method-start">64611 ms</span>
              </div> <!-- test-method -->
              <div class="configuration-method after">
                <span class="method-name">addScreenshotOnFailure([TestResult name=testFilterByCategoryWithSpecialCharacters status=FAILURE method=FilterByCategoryWit...)</span>
                <span class="method-start">76219 ms</span>
              </div> <!-- configuration-method after -->
              <div class="configuration-method after">
                <span class="method-name">addScreenshotOnSuccess([TestResult name=testFilterByCategoryWithSpecialCharacters status=FAILURE method=FilterByCategoryWit...)</span>
                <span class="method-start">76375 ms</span>
              </div> <!-- configuration-method after -->
              <div class="configuration-class after">
                <span class="method-name">tearDown</span>
                <span class="method-start">76376 ms</span>
              </div> <!-- configuration-class after -->
            </div> <!-- chronological-class -->
            <div class="chronological-class">
              <div class="chronological-class-name">com.MyTestingCo.tests.filter.FilterByCategoryWithEmptyFieldTest</div> <!-- chronological-class-name -->
              <div class="configuration-class before">
                <span class="method-name">setUp(chrome)</span>
                <span class="method-start">76745 ms</span>
              </div> <!-- configuration-class before -->
              <div class="test-method">
                <img src="failed.png">
                </img>
                <span class="method-name">testFilterByCategoryWithEmptyField</span>
                <span class="method-start">78245 ms</span>
              </div> <!-- test-method -->
              <div class="configuration-method after">
                <span class="method-name">addScreenshotOnFailure([TestResult name=testFilterByCategoryWithEmptyField status=FAILURE method=FilterByCategoryWithEmptyF...)</span>
                <span class="method-start">90305 ms</span>
              </div> <!-- configuration-method after -->
              <div class="configuration-method after">
                <span class="method-name">addScreenshotOnSuccess([TestResult name=testFilterByCategoryWithEmptyField status=FAILURE method=FilterByCategoryWithEmptyF...)</span>
                <span class="method-start">90477 ms</span>
              </div> <!-- configuration-method after -->
              <div class="configuration-class after">
                <span class="method-name">tearDown</span>
                <span class="method-start">90479 ms</span>
              </div> <!-- configuration-class after -->
            </div> <!-- chronological-class -->
            <div class="chronological-class">
              <div class="chronological-class-name">com.MyTestingCo.tests.sorting.SortByPriceTest</div> <!-- chronological-class-name -->
              <div class="configuration-class before">
                <span class="method-name">setUp(chrome)</span>
                <span class="method-start">92536 ms</span>
              </div> <!-- configuration-class before -->
              <div class="test-method">
                <span class="method-name">testSortByPrice</span>
                <span class="method-start">95103 ms</span>
              </div> <!-- test-method -->
              <div class="configuration-method after">
                <span class="method-name">addScreenshotOnFailure([TestResult name=testSortByPrice status=SUCCESS method=SortByPriceTest.testSortByPrice()[pri:0, inst...)</span>
                <span class="method-start">111424 ms</span>
              </div> <!-- configuration-method after -->
              <div class="configuration-method after">
                <span class="method-name">addScreenshotOnSuccess([TestResult name=testSortByPrice status=SUCCESS method=SortByPriceTest.testSortByPrice()[pri:0, inst...)</span>
                <span class="method-start">111425 ms</span>
              </div> <!-- configuration-method after -->
              <div class="configuration-class after">
                <span class="method-name">tearDown</span>
                <span class="method-start">111580 ms</span>
              </div> <!-- configuration-class after -->
            </div> <!-- chronological-class -->
            <div class="chronological-class">
              <div class="chronological-class-name">com.MyTestingCo.tests.sorting.SortByInvalidPriceTest</div> <!-- chronological-class-name -->
              <div class="configuration-class before">
                <span class="method-name">setUp(chrome)</span>
                <span class="method-start">114090 ms</span>
              </div> <!-- configuration-class before -->
              <div class="test-method">
                <img src="failed.png">
                </img>
                <span class="method-name">testSortByInvalidPrice</span>
                <span class="method-start">122852 ms</span>
              </div> <!-- test-method -->
              <div class="configuration-method after">
                <span class="method-name">addScreenshotOnFailure([TestResult name=testSortByInvalidPrice status=FAILURE method=SortByInvalidPriceTest.testSortByInval...)</span>
                <span class="method-start">162577 ms</span>
              </div> <!-- configuration-method after -->
              <div class="configuration-method after">
                <span class="method-name">addScreenshotOnSuccess([TestResult name=testSortByInvalidPrice status=FAILURE method=SortByInvalidPriceTest.testSortByInval...)</span>
                <span class="method-start">162760 ms</span>
              </div> <!-- configuration-method after -->
              <div class="configuration-class after">
                <span class="method-name">tearDown</span>
                <span class="method-start">162762 ms</span>
              </div> <!-- configuration-class after -->
            </div> <!-- chronological-class -->
            <div class="chronological-class">
              <div class="chronological-class-name">com.MyTestingCo.tests.sorting.SortByMultiplePricesTest</div> <!-- chronological-class-name -->
              <div class="configuration-class before">
                <span class="method-name">setUp(chrome)</span>
                <span class="method-start">162956 ms</span>
              </div> <!-- configuration-class before -->
              <div class="test-method">
                <img src="failed.png">
                </img>
                <span class="method-name">testSortByMultiplePrices</span>
                <span class="method-start">164063 ms</span>
              </div> <!-- test-method -->
              <div class="configuration-method after">
                <span class="method-name">addScreenshotOnFailure([TestResult name=testSortByMultiplePrices status=FAILURE method=SortByMultiplePricesTest.testSortByM...)</span>
                <span class="method-start">184096 ms</span>
              </div> <!-- configuration-method after -->
              <div class="configuration-method after">
                <span class="method-name">addScreenshotOnSuccess([TestResult name=testSortByMultiplePrices status=FAILURE method=SortByMultiplePricesTest.testSortByM...)</span>
                <span class="method-start">184238 ms</span>
              </div> <!-- configuration-method after -->
              <div class="configuration-class after">
                <span class="method-name">tearDown</span>
                <span class="method-start">184240 ms</span>
              </div> <!-- configuration-class after -->
            </div> <!-- chronological-class -->
            <div class="chronological-class">
              <div class="chronological-class-name">com.MyTestingCo.tests.sorting.SortByPriceWithSpecialCharactersTest</div> <!-- chronological-class-name -->
              <div class="configuration-class before">
                <span class="method-name">setUp(chrome)</span>
                <span class="method-start">184415 ms</span>
              </div> <!-- configuration-class before -->
              <div class="test-method">
                <img src="failed.png">
                </img>
                <span class="method-name">testSortByPriceWithSpecialCharacters</span>
                <span class="method-start">185252 ms</span>
              </div> <!-- test-method -->
              <div class="configuration-method after">
                <span class="method-name">addScreenshotOnFailure([TestResult name=testSortByPriceWithSpecialCharacters status=FAILURE method=SortByPriceWithSpecialCh...)</span>
                <span class="method-start">206828 ms</span>
              </div> <!-- configuration-method after -->
              <div class="configuration-method after">
                <span class="method-name">addScreenshotOnSuccess([TestResult name=testSortByPriceWithSpecialCharacters status=FAILURE method=SortByPriceWithSpecialCh...)</span>
                <span class="method-start">207010 ms</span>
              </div> <!-- configuration-method after -->
              <div class="configuration-class after">
                <span class="method-name">tearDown</span>
                <span class="method-start">207011 ms</span>
              </div> <!-- configuration-class after -->
            </div> <!-- chronological-class -->
            <div class="chronological-class">
              <div class="chronological-class-name">com.MyTestingCo.tests.sorting.SortByPriceWithEmptyFieldTest</div> <!-- chronological-class-name -->
              <div class="configuration-class before">
                <span class="method-name">setUp(chrome)</span>
                <span class="method-start">207207 ms</span>
              </div> <!-- configuration-class before -->
              <div class="test-method">
                <img src="failed.png">
                </img>
                <span class="method-name">testSortByPriceWithEmptyField</span>
                <span class="method-start">208048 ms</span>
              </div> <!-- test-method -->
              <div class="configuration-method after">
                <span class="method-name">addScreenshotOnFailure([TestResult name=testSortByPriceWithEmptyField status=FAILURE method=SortByPriceWithEmptyFieldTest.t...)</span>
                <span class="method-start">219482 ms</span>
              </div> <!-- configuration-method after -->
              <div class="configuration-method after">
                <span class="method-name">addScreenshotOnSuccess([TestResult name=testSortByPriceWithEmptyField status=FAILURE method=SortByPriceWithEmptyFieldTest.t...)</span>
                <span class="method-start">219661 ms</span>
              </div> <!-- configuration-method after -->
              <div class="configuration-class after">
                <span class="method-name">tearDown</span>
                <span class="method-start">219663 ms</span>
              </div> <!-- configuration-class after -->
            </div> <!-- chronological-class -->
            <div class="chronological-class">
              <div class="chronological-class-name">com.MyTestingCo.tests.cart.AddValidProductToCartTest</div> <!-- chronological-class-name -->
              <div class="configuration-class before">
                <span class="method-name">setUp(chrome)</span>
                <span class="method-start">219988 ms</span>
              </div> <!-- configuration-class before -->
              <div class="test-method">
                <img src="failed.png">
                </img>
                <span class="method-name">testAddValidProductToCart</span>
                <span class="method-start">221007 ms</span>
              </div> <!-- test-method -->
              <div class="configuration-method after">
                <span class="method-name">addScreenshotOnFailure([TestResult name=testAddValidProductToCart status=FAILURE method=AddValidProductToCartTest.testAddVa...)</span>
                <span class="method-start">231055 ms</span>
              </div> <!-- configuration-method after -->
              <div class="configuration-method after">
                <span class="method-name">addScreenshotOnSuccess([TestResult name=testAddValidProductToCart status=FAILURE method=AddValidProductToCartTest.testAddVa...)</span>
                <span class="method-start">231220 ms</span>
              </div> <!-- configuration-method after -->
              <div class="configuration-class after">
                <span class="method-name">tearDown</span>
                <span class="method-start">231224 ms</span>
              </div> <!-- configuration-class after -->
            </div> <!-- chronological-class -->
            <div class="chronological-class">
              <div class="chronological-class-name">com.MyTestingCo.tests.cart.AddInvalidProductToCartTest</div> <!-- chronological-class-name -->
              <div class="configuration-class before">
                <span class="method-name">setUp(chrome)</span>
                <span class="method-start">231401 ms</span>
              </div> <!-- configuration-class before -->
              <div class="test-method">
                <img src="failed.png">
                </img>
                <span class="method-name">testAddInvalidProductToCart</span>
                <span class="method-start">232287 ms</span>
              </div> <!-- test-method -->
              <div class="configuration-method after">
                <span class="method-name">addScreenshotOnFailure([TestResult name=testAddInvalidProductToCart status=FAILURE method=AddInvalidProductToCartTest.testA...)</span>
                <span class="method-start">243536 ms</span>
              </div> <!-- configuration-method after -->
              <div class="configuration-method after">
                <span class="method-name">addScreenshotOnSuccess([TestResult name=testAddInvalidProductToCart status=FAILURE method=AddInvalidProductToCartTest.testA...)</span>
                <span class="method-start">243701 ms</span>
              </div> <!-- configuration-method after -->
              <div class="configuration-class after">
                <span class="method-name">tearDown</span>
                <span class="method-start">243704 ms</span>
              </div> <!-- configuration-class after -->
            </div> <!-- chronological-class -->
            <div class="chronological-class">
              <div class="chronological-class-name">com.MyTestingCo.tests.cart.AddMultipleProductsToCartTest</div> <!-- chronological-class-name -->
              <div class="configuration-class before">
                <span class="method-name">setUp(chrome)</span>
                <span class="method-start">243935 ms</span>
              </div> <!-- configuration-class before -->
              <div class="test-method">
                <img src="failed.png">
                </img>
                <span class="method-name">testAddMultipleProductsToCart</span>
                <span class="method-start">244794 ms</span>
              </div> <!-- test-method -->
              <div class="configuration-method after">
                <span class="method-name">addScreenshotOnFailure([TestResult name=testAddMultipleProductsToCart status=FAILURE method=AddMultipleProductsToCartTest.t...)</span>
                <span class="method-start">254845 ms</span>
              </div> <!-- configuration-method after -->
              <div class="configuration-method after">
                <span class="method-name">addScreenshotOnSuccess([TestResult name=testAddMultipleProductsToCart status=FAILURE method=AddMultipleProductsToCartTest.t...)</span>
                <span class="method-start">254977 ms</span>
              </div> <!-- configuration-method after -->
              <div class="configuration-class after">
                <span class="method-name">tearDown</span>
                <span class="method-start">254980 ms</span>
              </div> <!-- configuration-class after -->
            </div> <!-- chronological-class -->
            <div class="chronological-class">
              <div class="chronological-class-name">com.MyTestingCo.tests.cart.AddProductWithSpecialCharsToCartTest</div> <!-- chronological-class-name -->
              <div class="configuration-class before">
                <span class="method-name">setUp(chrome)</span>
                <span class="method-start">256764 ms</span>
              </div> <!-- configuration-class before -->
              <div class="test-method">
                <img src="failed.png">
                </img>
                <span class="method-name">testAddProductWithSpecialCharsToCart</span>
                <span class="method-start">257752 ms</span>
              </div> <!-- test-method -->
              <div class="configuration-method after">
                <span class="method-name">addScreenshotOnFailure([TestResult name=testAddProductWithSpecialCharsToCart status=FAILURE method=AddProductWithSpecialCha...)</span>
                <span class="method-start">267814 ms</span>
              </div> <!-- configuration-method after -->
              <div class="configuration-method after">
                <span class="method-name">addScreenshotOnSuccess([TestResult name=testAddProductWithSpecialCharsToCart status=FAILURE method=AddProductWithSpecialCha...)</span>
                <span class="method-start">267937 ms</span>
              </div> <!-- configuration-method after -->
              <div class="configuration-class after">
                <span class="method-name">tearDown</span>
                <span class="method-start">267938 ms</span>
              </div> <!-- configuration-class after -->
            </div> <!-- chronological-class -->
            <div class="chronological-class">
              <div class="chronological-class-name">com.MyTestingCo.tests.cart.AddProductWithEmptyFieldToCartTest</div> <!-- chronological-class-name -->
              <div class="configuration-class before">
                <span class="method-name">setUp(chrome)</span>
                <span class="method-start">268166 ms</span>
              </div> <!-- configuration-class before -->
              <div class="test-method">
                <img src="failed.png">
                </img>
                <span class="method-name">testAddProductWithEmptyFieldToCart</span>
                <span class="method-start">268996 ms</span>
              </div> <!-- test-method -->
              <div class="configuration-method after">
                <span class="method-name">addScreenshotOnFailure([TestResult name=testAddProductWithEmptyFieldToCart status=FAILURE method=AddProductWithEmptyFieldTo...)</span>
                <span class="method-start">279067 ms</span>
              </div> <!-- configuration-method after -->
              <div class="configuration-method after">
                <span class="method-name">addScreenshotOnSuccess([TestResult name=testAddProductWithEmptyFieldToCart status=FAILURE method=AddProductWithEmptyFieldTo...)</span>
                <span class="method-start">279218 ms</span>
              </div> <!-- configuration-method after -->
              <div class="configuration-class after">
                <span class="method-name">tearDown</span>
                <span class="method-start">279220 ms</span>
              </div> <!-- configuration-class after -->
            </div> <!-- chronological-class -->
            <div class="chronological-class">
              <div class="chronological-class-name">com.MyTestingCo.tests.checkout.ValidCheckoutTest</div> <!-- chronological-class-name -->
              <div class="configuration-class before">
                <span class="method-name">setUp(chrome)</span>
                <span class="method-start">279468 ms</span>
              </div> <!-- configuration-class before -->
              <div class="test-method">
                <img src="failed.png">
                </img>
                <span class="method-name">testValidCheckout</span>
                <span class="method-start">280356 ms</span>
              </div> <!-- test-method -->
              <div class="configuration-method after">
                <span class="method-name">addScreenshotOnFailure([TestResult name=testValidCheckout status=FAILURE method=ValidCheckoutTest.testValidCheckout()[pri:0...)</span>
                <span class="method-start">293811 ms</span>
              </div> <!-- configuration-method after -->
              <div class="configuration-method after">
                <span class="method-name">addScreenshotOnSuccess([TestResult name=testValidCheckout status=FAILURE method=ValidCheckoutTest.testValidCheckout()[pri:0...)</span>
                <span class="method-start">293918 ms</span>
              </div> <!-- configuration-method after -->
              <div class="configuration-class after">
                <span class="method-name">tearDown</span>
                <span class="method-start">293920 ms</span>
              </div> <!-- configuration-class after -->
            </div> <!-- chronological-class -->
            <div class="chronological-class">
              <div class="chronological-class-name">com.MyTestingCo.tests.checkout.InvalidCheckoutTest</div> <!-- chronological-class-name -->
              <div class="configuration-class before">
                <span class="method-name">setUp(chrome)</span>
                <span class="method-start">294160 ms</span>
              </div> <!-- configuration-class before -->
              <div class="test-method">
                <img src="failed.png">
                </img>
                <span class="method-name">testInvalidCheckout</span>
                <span class="method-start">295042 ms</span>
              </div> <!-- test-method -->
              <div class="configuration-method after">
                <span class="method-name">addScreenshotOnFailure([TestResult name=testInvalidCheckout status=FAILURE method=InvalidCheckoutTest.testInvalidCheckout()...)</span>
                <span class="method-start">306981 ms</span>
              </div> <!-- configuration-method after -->
              <div class="configuration-method after">
                <span class="method-name">addScreenshotOnSuccess([TestResult name=testInvalidCheckout status=FAILURE method=InvalidCheckoutTest.testInvalidCheckout()...)</span>
                <span class="method-start">307138 ms</span>
              </div> <!-- configuration-method after -->
              <div class="configuration-class after">
                <span class="method-name">tearDown</span>
                <span class="method-start">307141 ms</span>
              </div> <!-- configuration-class after -->
            </div> <!-- chronological-class -->
            <div class="chronological-class">
              <div class="chronological-class-name">com.MyTestingCo.tests.checkout.CheckoutWithMultipleProductsTest</div> <!-- chronological-class-name -->
              <div class="configuration-class before">
                <span class="method-name">setUp(chrome)</span>
                <span class="method-start">307382 ms</span>
              </div> <!-- configuration-class before -->
              <div class="test-method">
                <img src="failed.png">
                </img>
                <span class="method-name">testCheckoutWithMultipleProducts</span>
                <span class="method-start">308181 ms</span>
              </div> <!-- test-method -->
              <div class="configuration-method after">
                <span class="method-name">addScreenshotOnFailure([TestResult name=testCheckoutWithMultipleProducts status=FAILURE method=CheckoutWithMultipleProducts...)</span>
                <span class="method-start">320909 ms</span>
              </div> <!-- configuration-method after -->
              <div class="configuration-method after">
                <span class="method-name">addScreenshotOnSuccess([TestResult name=testCheckoutWithMultipleProducts status=FAILURE method=CheckoutWithMultipleProducts...)</span>
                <span class="method-start">321049 ms</span>
              </div> <!-- configuration-method after -->
              <div class="configuration-class after">
                <span class="method-name">tearDown</span>
                <span class="method-start">321051 ms</span>
              </div> <!-- configuration-class after -->
            </div> <!-- chronological-class -->
            <div class="chronological-class">
              <div class="chronological-class-name">com.MyTestingCo.tests.checkout.CheckoutWithSpecialCharsTest</div> <!-- chronological-class-name -->
              <div class="configuration-class before">
                <span class="method-name">setUp(chrome)</span>
                <span class="method-start">321289 ms</span>
              </div> <!-- configuration-class before -->
              <div class="test-method">
                <img src="failed.png">
                </img>
                <span class="method-name">testCheckoutWithSpecialChars</span>
                <span class="method-start">322130 ms</span>
              </div> <!-- test-method -->
              <div class="configuration-method after">
                <span class="method-name">addScreenshotOnFailure([TestResult name=testCheckoutWithSpecialChars status=FAILURE method=CheckoutWithSpecialCharsTest.tes...)</span>
                <span class="method-start">333587 ms</span>
              </div> <!-- configuration-method after -->
              <div class="configuration-method after">
                <span class="method-name">addScreenshotOnSuccess([TestResult name=testCheckoutWithSpecialChars status=FAILURE method=CheckoutWithSpecialCharsTest.tes...)</span>
                <span class="method-start">333837 ms</span>
              </div> <!-- configuration-method after -->
              <div class="configuration-class after">
                <span class="method-name">tearDown</span>
                <span class="method-start">333840 ms</span>
              </div> <!-- configuration-class after -->
            </div> <!-- chronological-class -->
            <div class="chronological-class">
              <div class="chronological-class-name">com.MyTestingCo.tests.checkout.CheckoutWithEmptyFieldTest</div> <!-- chronological-class-name -->
              <div class="configuration-class before">
                <span class="method-name">setUp(chrome)</span>
                <span class="method-start">335906 ms</span>
              </div> <!-- configuration-class before -->
              <div class="test-method">
                <img src="failed.png">
                </img>
                <span class="method-name">testCheckoutWithEmptyField</span>
                <span class="method-start">337075 ms</span>
              </div> <!-- test-method -->
              <div class="configuration-method after">
                <span class="method-name">addScreenshotOnFailure([TestResult name=testCheckoutWithEmptyField status=FAILURE method=CheckoutWithEmptyFieldTest.testChe...)</span>
                <span class="method-start">351780 ms</span>
              </div> <!-- configuration-method after -->
              <div class="configuration-method after">
                <span class="method-name">addScreenshotOnSuccess([TestResult name=testCheckoutWithEmptyField status=FAILURE method=CheckoutWithEmptyFieldTest.testChe...)</span>
                <span class="method-start">351889 ms</span>
              </div> <!-- configuration-method after -->
              <div class="configuration-class after">
                <span class="method-name">tearDown</span>
                <span class="method-start">351890 ms</span>
              </div> <!-- configuration-class after -->
          </div> <!-- main-panel-content rounded-window-bottom -->
        </div> <!-- panel -->
      </div> <!-- main-panel-root -->
    </div> <!-- wrapper -->
  </body>
<script type="text/javascript" src="testng-reports2.js"></script>
</html>
