<?xml version="1.0" encoding="UTF-8"?>
<testng-results ignored="0" total="25" passed="7" failed="18" skipped="0">
  <reporter-output>
  </reporter-output>
  <suite started-at="2024-09-30T02:45:51 EEST" name="SauceDemo Tests Suite" finished-at="2024-09-30T02:50:38 EEST" duration-ms="287205">
    <groups>
    </groups>
    <test started-at="2024-09-30T02:45:51 EEST" name="Login Functionality Tests" finished-at="2024-09-30T02:46:09 EEST" duration-ms="18095">
      <class name="com.MyTestingCo.tests.login.ValidLoginTest">
        <test-method is-config="true" signature="setUp(java.lang.String)[pri:0, instance:com.MyTestingCo.tests.login.ValidLoginTest@69c81773]" started-at="2024-09-30T02:45:51 EEST" name="setUp" finished-at="2024-09-30T02:45:55 EEST" duration-ms="3432" status="PASS">
          <params>
            <param index="0">
              <value>
                <![CDATA[chrome]]>
              </value>
            </param>
          </params>
          <reporter-output>
          </reporter-output>
        </test-method> <!-- setUp -->
        <test-method signature="testValidLogin()[pri:0, instance:com.MyTestingCo.tests.login.ValidLoginTest@69c81773]" started-at="2024-09-30T02:45:55 EEST" name="testValidLogin" description="Verify that a user can log in with valid credentials" finished-at="2024-09-30T02:45:57 EEST" duration-ms="2511" status="PASS">
          <reporter-output>
          </reporter-output>
        </test-method> <!-- testValidLogin -->
        <test-method is-config="true" signature="addScreenshotOnFailure(org.testng.ITestResult)[pri:0, instance:com.MyTestingCo.tests.login.ValidLoginTest@69c81773]" started-at="2024-09-30T02:45:57 EEST" name="addScreenshotOnFailure" finished-at="2024-09-30T02:45:57 EEST" duration-ms="3" status="PASS">
          <params>
            <param index="0">
              <value>
                <![CDATA[[TestResult name=testValidLogin status=SUCCESS method=ValidLoginTest.testValidLogin()[pri:0, instance:com.MyTestingCo.tests.login.ValidLoginTest@69c81773] output={null}]]]>
              </value>
            </param>
          </params>
          <reporter-output>
          </reporter-output>
        </test-method> <!-- addScreenshotOnFailure -->
        <test-method is-config="true" signature="addScreenshotOnSuccess(org.testng.ITestResult)[pri:0, instance:com.MyTestingCo.tests.login.ValidLoginTest@69c81773]" started-at="2024-09-30T02:45:57 EEST" name="addScreenshotOnSuccess" finished-at="2024-09-30T02:45:57 EEST" duration-ms="297" status="PASS">
          <params>
            <param index="0">
              <value>
                <![CDATA[[TestResult name=testValidLogin status=SUCCESS method=ValidLoginTest.testValidLogin()[pri:0, instance:com.MyTestingCo.tests.login.ValidLoginTest@69c81773] output={null}]]]>
              </value>
            </param>
          </params>
          <reporter-output>
          </reporter-output>
        </test-method> <!-- addScreenshotOnSuccess -->
        <test-method is-config="true" signature="tearDown()[pri:0, instance:com.MyTestingCo.tests.login.ValidLoginTest@69c81773]" started-at="2024-09-30T02:45:57 EEST" name="tearDown" finished-at="2024-09-30T02:45:58 EEST" duration-ms="234" status="PASS">
          <reporter-output>
          </reporter-output>
        </test-method> <!-- tearDown -->
      </class> <!-- com.MyTestingCo.tests.login.ValidLoginTest -->
      <class name="com.MyTestingCo.tests.login.InvalidLoginTest">
        <test-method is-config="true" signature="setUp(java.lang.String)[pri:0, instance:com.MyTestingCo.tests.login.InvalidLoginTest@6b09fb41]" started-at="2024-09-30T02:45:58 EEST" name="setUp" finished-at="2024-09-30T02:45:59 EEST" duration-ms="1162" status="PASS">
          <params>
            <param index="0">
              <value>
                <![CDATA[chrome]]>
              </value>
            </param>
          </params>
          <reporter-output>
          </reporter-output>
        </test-method> <!-- setUp -->
        <test-method signature="testInvalidLogin()[pri:0, instance:com.MyTestingCo.tests.login.InvalidLoginTest@6b09fb41]" started-at="2024-09-30T02:45:59 EEST" name="testInvalidLogin" description="Verify that an error message is displayed with invalid credentials" finished-at="2024-09-30T02:46:00 EEST" duration-ms="1392" status="PASS">
          <reporter-output>
          </reporter-output>
        </test-method> <!-- testInvalidLogin -->
        <test-method is-config="true" signature="addScreenshotOnFailure(org.testng.ITestResult)[pri:0, instance:com.MyTestingCo.tests.login.InvalidLoginTest@6b09fb41]" started-at="2024-09-30T02:46:00 EEST" name="addScreenshotOnFailure" finished-at="2024-09-30T02:46:00 EEST" duration-ms="0" status="PASS">
          <params>
            <param index="0">
              <value>
                <![CDATA[[TestResult name=testInvalidLogin status=SUCCESS method=InvalidLoginTest.testInvalidLogin()[pri:0, instance:com.MyTestingCo.tests.login.InvalidLoginTest@6b09fb41] output={null}]]]>
              </value>
            </param>
          </params>
          <reporter-output>
          </reporter-output>
        </test-method> <!-- addScreenshotOnFailure -->
        <test-method is-config="true" signature="addScreenshotOnSuccess(org.testng.ITestResult)[pri:0, instance:com.MyTestingCo.tests.login.InvalidLoginTest@6b09fb41]" started-at="2024-09-30T02:46:00 EEST" name="addScreenshotOnSuccess" finished-at="2024-09-30T02:46:00 EEST" duration-ms="144" status="PASS">
          <params>
            <param index="0">
              <value>
                <![CDATA[[TestResult name=testInvalidLogin status=SUCCESS method=InvalidLoginTest.testInvalidLogin()[pri:0, instance:com.MyTestingCo.tests.login.InvalidLoginTest@6b09fb41] output={null}]]]>
              </value>
            </param>
          </params>
          <reporter-output>
          </reporter-output>
        </test-method> <!-- addScreenshotOnSuccess -->
        <test-method is-config="true" signature="tearDown()[pri:0, instance:com.MyTestingCo.tests.login.InvalidLoginTest@6b09fb41]" started-at="2024-09-30T02:46:00 EEST" name="tearDown" finished-at="2024-09-30T02:46:01 EEST" duration-ms="235" status="PASS">
          <reporter-output>
          </reporter-output>
        </test-method> <!-- tearDown -->
      </class> <!-- com.MyTestingCo.tests.login.InvalidLoginTest -->
      <class name="com.MyTestingCo.tests.login.LoginWithSpecialCharactersTest">
        <test-method is-config="true" signature="setUp(java.lang.String)[pri:0, instance:com.MyTestingCo.tests.login.LoginWithSpecialCharactersTest@782859e]" started-at="2024-09-30T02:46:06 EEST" name="setUp" finished-at="2024-09-30T02:46:07 EEST" duration-ms="1233" status="PASS">
          <params>
            <param index="0">
              <value>
                <![CDATA[chrome]]>
              </value>
            </param>
          </params>
          <reporter-output>
          </reporter-output>
        </test-method> <!-- setUp -->
        <test-method signature="loginWithSpecialCharactersTest()[pri:5, instance:com.MyTestingCo.tests.login.LoginWithSpecialCharactersTest@782859e]" started-at="2024-09-30T02:46:07 EEST" name="loginWithSpecialCharactersTest" description="Login with Special Characters Test" finished-at="2024-09-30T02:46:09 EEST" duration-ms="1540" status="PASS">
          <reporter-output>
          </reporter-output>
        </test-method> <!-- loginWithSpecialCharactersTest -->
        <test-method is-config="true" signature="addScreenshotOnFailure(org.testng.ITestResult)[pri:0, instance:com.MyTestingCo.tests.login.LoginWithSpecialCharactersTest@782859e]" started-at="2024-09-30T02:46:09 EEST" name="addScreenshotOnFailure" finished-at="2024-09-30T02:46:09 EEST" duration-ms="1" status="PASS">
          <params>
            <param index="0">
              <value>
                <![CDATA[[TestResult name=loginWithSpecialCharactersTest status=SUCCESS method=LoginWithSpecialCharactersTest.loginWithSpecialCharactersTest()[pri:5, instance:com.MyTestingCo.tests.login.LoginWithSpecialCharactersTest@782859e] output={null}]]]>
              </value>
            </param>
          </params>
          <reporter-output>
          </reporter-output>
        </test-method> <!-- addScreenshotOnFailure -->
        <test-method is-config="true" signature="addScreenshotOnSuccess(org.testng.ITestResult)[pri:0, instance:com.MyTestingCo.tests.login.LoginWithSpecialCharactersTest@782859e]" started-at="2024-09-30T02:46:09 EEST" name="addScreenshotOnSuccess" finished-at="2024-09-30T02:46:09 EEST" duration-ms="150" status="PASS">
          <params>
            <param index="0">
              <value>
                <![CDATA[[TestResult name=loginWithSpecialCharactersTest status=SUCCESS method=LoginWithSpecialCharactersTest.loginWithSpecialCharactersTest()[pri:5, instance:com.MyTestingCo.tests.login.LoginWithSpecialCharactersTest@782859e] output={null}]]]>
              </value>
            </param>
          </params>
          <reporter-output>
          </reporter-output>
        </test-method> <!-- addScreenshotOnSuccess -->
        <test-method is-config="true" signature="tearDown()[pri:0, instance:com.MyTestingCo.tests.login.LoginWithSpecialCharactersTest@782859e]" started-at="2024-09-30T02:46:09 EEST" name="tearDown" finished-at="2024-09-30T02:46:09 EEST" duration-ms="178" status="PASS">
          <reporter-output>
          </reporter-output>
        </test-method> <!-- tearDown -->
      </class> <!-- com.MyTestingCo.tests.login.LoginWithSpecialCharactersTest -->
      <class name="com.MyTestingCo.tests.login.LoginWithEmptyPasswordTest">
        <test-method is-config="true" signature="setUp(java.lang.String)[pri:0, instance:com.MyTestingCo.tests.login.LoginWithEmptyPasswordTest@3932c79a]" started-at="2024-09-30T02:46:03 EEST" name="setUp" finished-at="2024-09-30T02:46:04 EEST" duration-ms="1087" status="PASS">
          <params>
            <param index="0">
              <value>
                <![CDATA[chrome]]>
              </value>
            </param>
          </params>
          <reporter-output>
          </reporter-output>
        </test-method> <!-- setUp -->
        <test-method signature="loginWithEmptyPasswordTest()[pri:4, instance:com.MyTestingCo.tests.login.LoginWithEmptyPasswordTest@3932c79a]" started-at="2024-09-30T02:46:04 EEST" name="loginWithEmptyPasswordTest" description="Login with Empty Password Test" finished-at="2024-09-30T02:46:06 EEST" duration-ms="1310" status="PASS">
          <reporter-output>
          </reporter-output>
        </test-method> <!-- loginWithEmptyPasswordTest -->
        <test-method is-config="true" signature="addScreenshotOnFailure(org.testng.ITestResult)[pri:0, instance:com.MyTestingCo.tests.login.LoginWithEmptyPasswordTest@3932c79a]" started-at="2024-09-30T02:46:06 EEST" name="addScreenshotOnFailure" finished-at="2024-09-30T02:46:06 EEST" duration-ms="1" status="PASS">
          <params>
            <param index="0">
              <value>
                <![CDATA[[TestResult name=loginWithEmptyPasswordTest status=SUCCESS method=LoginWithEmptyPasswordTest.loginWithEmptyPasswordTest()[pri:4, instance:com.MyTestingCo.tests.login.LoginWithEmptyPasswordTest@3932c79a] output={null}]]]>
              </value>
            </param>
          </params>
          <reporter-output>
          </reporter-output>
        </test-method> <!-- addScreenshotOnFailure -->
        <test-method is-config="true" signature="addScreenshotOnSuccess(org.testng.ITestResult)[pri:0, instance:com.MyTestingCo.tests.login.LoginWithEmptyPasswordTest@3932c79a]" started-at="2024-09-30T02:46:06 EEST" name="addScreenshotOnSuccess" finished-at="2024-09-30T02:46:06 EEST" duration-ms="190" status="PASS">
          <params>
            <param index="0">
              <value>
                <![CDATA[[TestResult name=loginWithEmptyPasswordTest status=SUCCESS method=LoginWithEmptyPasswordTest.loginWithEmptyPasswordTest()[pri:4, instance:com.MyTestingCo.tests.login.LoginWithEmptyPasswordTest@3932c79a] output={null}]]]>
              </value>
            </param>
          </params>
          <reporter-output>
          </reporter-output>
        </test-method> <!-- addScreenshotOnSuccess -->
        <test-method is-config="true" signature="tearDown()[pri:0, instance:com.MyTestingCo.tests.login.LoginWithEmptyPasswordTest@3932c79a]" started-at="2024-09-30T02:46:06 EEST" name="tearDown" finished-at="2024-09-30T02:46:06 EEST" duration-ms="229" status="PASS">
          <reporter-output>
          </reporter-output>
        </test-method> <!-- tearDown -->
      </class> <!-- com.MyTestingCo.tests.login.LoginWithEmptyPasswordTest -->
      <class name="com.MyTestingCo.tests.login.LoginWithEmptyUsernameTest">
        <test-method is-config="true" signature="setUp(java.lang.String)[pri:0, instance:com.MyTestingCo.tests.login.LoginWithEmptyUsernameTest@624ea235]" started-at="2024-09-30T02:46:01 EEST" name="setUp" finished-at="2024-09-30T02:46:02 EEST" duration-ms="1100" status="PASS">
          <params>
            <param index="0">
              <value>
                <![CDATA[chrome]]>
              </value>
            </param>
          </params>
          <reporter-output>
          </reporter-output>
        </test-method> <!-- setUp -->
        <test-method signature="loginWithEmptyUsernameTest()[pri:3, instance:com.MyTestingCo.tests.login.LoginWithEmptyUsernameTest@624ea235]" started-at="2024-09-30T02:46:02 EEST" name="loginWithEmptyUsernameTest" description="Login with Empty Username Test" finished-at="2024-09-30T02:46:03 EEST" duration-ms="1148" status="PASS">
          <reporter-output>
          </reporter-output>
        </test-method> <!-- loginWithEmptyUsernameTest -->
        <test-method is-config="true" signature="addScreenshotOnFailure(org.testng.ITestResult)[pri:0, instance:com.MyTestingCo.tests.login.LoginWithEmptyUsernameTest@624ea235]" started-at="2024-09-30T02:46:03 EEST" name="addScreenshotOnFailure" finished-at="2024-09-30T02:46:03 EEST" duration-ms="1" status="PASS">
          <params>
            <param index="0">
              <value>
                <![CDATA[[TestResult name=loginWithEmptyUsernameTest status=SUCCESS method=LoginWithEmptyUsernameTest.loginWithEmptyUsernameTest()[pri:3, instance:com.MyTestingCo.tests.login.LoginWithEmptyUsernameTest@624ea235] output={null}]]]>
              </value>
            </param>
          </params>
          <reporter-output>
          </reporter-output>
        </test-method> <!-- addScreenshotOnFailure -->
        <test-method is-config="true" signature="addScreenshotOnSuccess(org.testng.ITestResult)[pri:0, instance:com.MyTestingCo.tests.login.LoginWithEmptyUsernameTest@624ea235]" started-at="2024-09-30T02:46:03 EEST" name="addScreenshotOnSuccess" finished-at="2024-09-30T02:46:03 EEST" duration-ms="141" status="PASS">
          <params>
            <param index="0">
              <value>
                <![CDATA[[TestResult name=loginWithEmptyUsernameTest status=SUCCESS method=LoginWithEmptyUsernameTest.loginWithEmptyUsernameTest()[pri:3, instance:com.MyTestingCo.tests.login.LoginWithEmptyUsernameTest@624ea235] output={null}]]]>
              </value>
            </param>
          </params>
          <reporter-output>
          </reporter-output>
        </test-method> <!-- addScreenshotOnSuccess -->
        <test-method is-config="true" signature="tearDown()[pri:0, instance:com.MyTestingCo.tests.login.LoginWithEmptyUsernameTest@624ea235]" started-at="2024-09-30T02:46:03 EEST" name="tearDown" finished-at="2024-09-30T02:46:03 EEST" duration-ms="176" status="PASS">
          <reporter-output>
          </reporter-output>
        </test-method> <!-- tearDown -->
      </class> <!-- com.MyTestingCo.tests.login.LoginWithEmptyUsernameTest -->
    </test> <!-- Login Functionality Tests -->
    <test started-at="2024-09-30T02:46:09 EEST" name="Product Filtering Functionality Tests" finished-at="2024-09-30T02:47:05 EEST" duration-ms="55371">
      <class name="com.MyTestingCo.tests.filter.FilterByCategoryTest">
        <test-method is-config="true" signature="setUp(java.lang.String)[pri:0, instance:com.MyTestingCo.tests.filter.FilterByCategoryTest@465232e9]" started-at="2024-09-30T02:46:09 EEST" name="setUp" finished-at="2024-09-30T02:46:10 EEST" duration-ms="1054" status="PASS">
          <params>
            <param index="0">
              <value>
                <![CDATA[chrome]]>
              </value>
            </param>
          </params>
          <reporter-output>
          </reporter-output>
        </test-method> <!-- setUp -->
        <test-method signature="testFilterByCategory()[pri:0, instance:com.MyTestingCo.tests.filter.FilterByCategoryTest@465232e9]" started-at="2024-09-30T02:46:10 EEST" name="testFilterByCategory" description="Verify that the user can filter products by category" finished-at="2024-09-30T02:46:12 EEST" duration-ms="1449" status="PASS">
          <reporter-output>
          </reporter-output>
        </test-method> <!-- testFilterByCategory -->
        <test-method is-config="true" signature="addScreenshotOnFailure(org.testng.ITestResult)[pri:0, instance:com.MyTestingCo.tests.filter.FilterByCategoryTest@465232e9]" started-at="2024-09-30T02:46:12 EEST" name="addScreenshotOnFailure" finished-at="2024-09-30T02:46:12 EEST" duration-ms="0" status="PASS">
          <params>
            <param index="0">
              <value>
                <![CDATA[[TestResult name=testFilterByCategory status=SUCCESS method=FilterByCategoryTest.testFilterByCategory()[pri:0, instance:com.MyTestingCo.tests.filter.FilterByCategoryTest@465232e9] output={null}]]]>
              </value>
            </param>
          </params>
          <reporter-output>
          </reporter-output>
        </test-method> <!-- addScreenshotOnFailure -->
        <test-method is-config="true" signature="addScreenshotOnSuccess(org.testng.ITestResult)[pri:0, instance:com.MyTestingCo.tests.filter.FilterByCategoryTest@465232e9]" started-at="2024-09-30T02:46:12 EEST" name="addScreenshotOnSuccess" finished-at="2024-09-30T02:46:12 EEST" duration-ms="197" status="PASS">
          <params>
            <param index="0">
              <value>
                <![CDATA[[TestResult name=testFilterByCategory status=SUCCESS method=FilterByCategoryTest.testFilterByCategory()[pri:0, instance:com.MyTestingCo.tests.filter.FilterByCategoryTest@465232e9] output={null}]]]>
              </value>
            </param>
          </params>
          <reporter-output>
          </reporter-output>
        </test-method> <!-- addScreenshotOnSuccess -->
        <test-method is-config="true" signature="tearDown()[pri:0, instance:com.MyTestingCo.tests.filter.FilterByCategoryTest@465232e9]" started-at="2024-09-30T02:46:12 EEST" name="tearDown" finished-at="2024-09-30T02:46:12 EEST" duration-ms="178" status="PASS">
          <reporter-output>
          </reporter-output>
        </test-method> <!-- tearDown -->
      </class> <!-- com.MyTestingCo.tests.filter.FilterByCategoryTest -->
      <class name="com.MyTestingCo.tests.filter.FilterByCategoryWithEmptyFieldTest">
        <test-method is-config="true" signature="setUp(java.lang.String)[pri:0, instance:com.MyTestingCo.tests.filter.FilterByCategoryWithEmptyFieldTest@7486b455]" started-at="2024-09-30T02:46:52 EEST" name="setUp" finished-at="2024-09-30T02:46:53 EEST" duration-ms="1106" status="PASS">
          <params>
            <param index="0">
              <value>
                <![CDATA[chrome]]>
              </value>
            </param>
          </params>
          <reporter-output>
          </reporter-output>
        </test-method> <!-- setUp -->
        <test-method signature="testFilterByCategoryWithEmptyField()[pri:0, instance:com.MyTestingCo.tests.filter.FilterByCategoryWithEmptyFieldTest@7486b455]" started-at="2024-09-30T02:46:53 EEST" name="testFilterByCategoryWithEmptyField" description="Verify that the user cannot filter products by category with an empty field" finished-at="2024-09-30T02:47:04 EEST" duration-ms="11390" status="FAIL">
          <exception class="org.openqa.selenium.NoSuchElementException">
            <message>
              <![CDATA[Cannot locate option with text: 
For documentation on this error, please visit: https://www.selenium.dev/documentation/webdriver/troubleshooting/errors#no-such-element-exception
Build info: version: '4.24.0', revision: '748ffc9bc3'
System info: os.name: 'Windows 11', os.arch: 'amd64', os.version: '10.0', java.version: '22.0.1'
Driver info: driver.version: unknown]]>
            </message>
            <full-stacktrace>
              <![CDATA[org.openqa.selenium.NoSuchElementException: Cannot locate option with text: 
For documentation on this error, please visit: https://www.selenium.dev/documentation/webdriver/troubleshooting/errors#no-such-element-exception
Build info: version: '4.24.0', revision: '748ffc9bc3'
System info: os.name: 'Windows 11', os.arch: 'amd64', os.version: '10.0', java.version: '22.0.1'
Driver info: driver.version: unknown
at org.openqa.selenium.support.ui.Select.selectByVisibleText(Select.java:153)
at com.MyTestingCo.pages.FilterPage.filterByCategory(FilterPage.java:22)
at com.MyTestingCo.tests.filter.FilterByCategoryWithEmptyFieldTest.testFilterByCategoryWithEmptyField(FilterByCategoryWithEmptyFieldTest.java:38)
at java.base/jdk.internal.reflect.DirectMethodHandleAccessor.invoke(DirectMethodHandleAccessor.java:103)
at java.base/java.lang.reflect.Method.invoke(Method.java:580)
at org.testng.internal.invokers.MethodInvocationHelper.invokeMethod(MethodInvocationHelper.java:141)
at org.testng.internal.invokers.TestInvoker.invokeMethod(TestInvoker.java:686)
at org.testng.internal.invokers.TestInvoker.invokeTestMethod(TestInvoker.java:230)
at org.testng.internal.invokers.MethodRunner.runInSequence(MethodRunner.java:63)
at org.testng.internal.invokers.TestInvoker$MethodInvocationAgent.invoke(TestInvoker.java:992)
at org.testng.internal.invokers.TestInvoker.invokeTestMethods(TestInvoker.java:203)
at org.testng.internal.invokers.TestMethodWorker.invokeTestMethods(TestMethodWorker.java:154)
at org.testng.internal.invokers.TestMethodWorker.run(TestMethodWorker.java:134)
at java.base/java.util.ArrayList.forEach(ArrayList.java:1597)
at org.testng.TestRunner.privateRun(TestRunner.java:739)
at org.testng.TestRunner.run(TestRunner.java:614)
at org.testng.SuiteRunner.runTest(SuiteRunner.java:421)
at org.testng.SuiteRunner.runSequentially(SuiteRunner.java:413)
at org.testng.SuiteRunner.privateRun(SuiteRunner.java:373)
at org.testng.SuiteRunner.run(SuiteRunner.java:312)
at org.testng.SuiteRunnerWorker.runSuite(SuiteRunnerWorker.java:52)
at org.testng.SuiteRunnerWorker.run(SuiteRunnerWorker.java:95)
at org.testng.TestNG.runSuitesSequentially(TestNG.java:1274)
at org.testng.TestNG.runSuitesLocally(TestNG.java:1208)
at org.testng.TestNG.runSuites(TestNG.java:1112)
at org.testng.TestNG.run(TestNG.java:1079)
at org.apache.maven.surefire.testng.TestNGExecutor.run(TestNGExecutor.java:308)
at org.apache.maven.surefire.testng.TestNGXmlTestSuite.execute(TestNGXmlTestSuite.java:71)
at org.apache.maven.surefire.testng.TestNGProvider.invoke(TestNGProvider.java:113)
at org.apache.maven.surefire.booter.ForkedBooter.runSuitesInProcess(ForkedBooter.java:385)
at org.apache.maven.surefire.booter.ForkedBooter.execute(ForkedBooter.java:162)
at org.apache.maven.surefire.booter.ForkedBooter.run(ForkedBooter.java:507)
at org.apache.maven.surefire.booter.ForkedBooter.main(ForkedBooter.java:495)
]]>
            </full-stacktrace>
          </exception> <!-- org.openqa.selenium.NoSuchElementException -->
          <reporter-output>
          </reporter-output>
        </test-method> <!-- testFilterByCategoryWithEmptyField -->
        <test-method is-config="true" signature="addScreenshotOnFailure(org.testng.ITestResult)[pri:0, instance:com.MyTestingCo.tests.filter.FilterByCategoryWithEmptyFieldTest@7486b455]" started-at="2024-09-30T02:47:04 EEST" name="addScreenshotOnFailure" finished-at="2024-09-30T02:47:04 EEST" duration-ms="148" status="PASS">
          <params>
            <param index="0">
              <value>
                <![CDATA[[TestResult name=testFilterByCategoryWithEmptyField status=FAILURE method=FilterByCategoryWithEmptyFieldTest.testFilterByCategoryWithEmptyField()[pri:0, instance:com.MyTestingCo.tests.filter.FilterByCategoryWithEmptyFieldTest@7486b455] output={null}]]]>
              </value>
            </param>
          </params>
          <reporter-output>
          </reporter-output>
        </test-method> <!-- addScreenshotOnFailure -->
        <test-method is-config="true" signature="addScreenshotOnSuccess(org.testng.ITestResult)[pri:0, instance:com.MyTestingCo.tests.filter.FilterByCategoryWithEmptyFieldTest@7486b455]" started-at="2024-09-30T02:47:04 EEST" name="addScreenshotOnSuccess" finished-at="2024-09-30T02:47:04 EEST" duration-ms="0" status="PASS">
          <params>
            <param index="0">
              <value>
                <![CDATA[[TestResult name=testFilterByCategoryWithEmptyField status=FAILURE method=FilterByCategoryWithEmptyFieldTest.testFilterByCategoryWithEmptyField()[pri:0, instance:com.MyTestingCo.tests.filter.FilterByCategoryWithEmptyFieldTest@7486b455] output={null}]]]>
              </value>
            </param>
          </params>
          <reporter-output>
          </reporter-output>
        </test-method> <!-- addScreenshotOnSuccess -->
        <test-method is-config="true" signature="tearDown()[pri:0, instance:com.MyTestingCo.tests.filter.FilterByCategoryWithEmptyFieldTest@7486b455]" started-at="2024-09-30T02:47:04 EEST" name="tearDown" finished-at="2024-09-30T02:47:05 EEST" duration-ms="288" status="PASS">
          <reporter-output>
          </reporter-output>
        </test-method> <!-- tearDown -->
      </class> <!-- com.MyTestingCo.tests.filter.FilterByCategoryWithEmptyFieldTest -->
      <class name="com.MyTestingCo.tests.filter.FilterByCategoryWithSpecialCharactersTest">
        <test-method is-config="true" signature="setUp(java.lang.String)[pri:0, instance:com.MyTestingCo.tests.filter.FilterByCategoryWithSpecialCharactersTest@23941fb4]" started-at="2024-09-30T02:46:39 EEST" name="setUp" finished-at="2024-09-30T02:46:40 EEST" duration-ms="1065" status="PASS">
          <params>
            <param index="0">
              <value>
                <![CDATA[chrome]]>
              </value>
            </param>
          </params>
          <reporter-output>
          </reporter-output>
        </test-method> <!-- setUp -->
        <test-method signature="testFilterByCategoryWithSpecialCharacters()[pri:0, instance:com.MyTestingCo.tests.filter.FilterByCategoryWithSpecialCharactersTest@23941fb4]" started-at="2024-09-30T02:46:40 EEST" name="testFilterByCategoryWithSpecialCharacters" description="Verify that the user can filter products by category with special characters" finished-at="2024-09-30T02:46:51 EEST" duration-ms="11397" status="FAIL">
          <exception class="org.openqa.selenium.NoSuchElementException">
            <message>
              <![CDATA[Cannot locate option with text: Name (A to Z)!
For documentation on this error, please visit: https://www.selenium.dev/documentation/webdriver/troubleshooting/errors#no-such-element-exception
Build info: version: '4.24.0', revision: '748ffc9bc3'
System info: os.name: 'Windows 11', os.arch: 'amd64', os.version: '10.0', java.version: '22.0.1'
Driver info: driver.version: unknown]]>
            </message>
            <full-stacktrace>
              <![CDATA[org.openqa.selenium.NoSuchElementException: Cannot locate option with text: Name (A to Z)!
For documentation on this error, please visit: https://www.selenium.dev/documentation/webdriver/troubleshooting/errors#no-such-element-exception
Build info: version: '4.24.0', revision: '748ffc9bc3'
System info: os.name: 'Windows 11', os.arch: 'amd64', os.version: '10.0', java.version: '22.0.1'
Driver info: driver.version: unknown
at org.openqa.selenium.support.ui.Select.selectByVisibleText(Select.java:153)
at com.MyTestingCo.pages.FilterPage.filterByCategory(FilterPage.java:22)
at com.MyTestingCo.tests.filter.FilterByCategoryWithSpecialCharactersTest.testFilterByCategoryWithSpecialCharacters(FilterByCategoryWithSpecialCharactersTest.java:38)
at java.base/jdk.internal.reflect.DirectMethodHandleAccessor.invoke(DirectMethodHandleAccessor.java:103)
at java.base/java.lang.reflect.Method.invoke(Method.java:580)
at org.testng.internal.invokers.MethodInvocationHelper.invokeMethod(MethodInvocationHelper.java:141)
at org.testng.internal.invokers.TestInvoker.invokeMethod(TestInvoker.java:686)
at org.testng.internal.invokers.TestInvoker.invokeTestMethod(TestInvoker.java:230)
at org.testng.internal.invokers.MethodRunner.runInSequence(MethodRunner.java:63)
at org.testng.internal.invokers.TestInvoker$MethodInvocationAgent.invoke(TestInvoker.java:992)
at org.testng.internal.invokers.TestInvoker.invokeTestMethods(TestInvoker.java:203)
at org.testng.internal.invokers.TestMethodWorker.invokeTestMethods(TestMethodWorker.java:154)
at org.testng.internal.invokers.TestMethodWorker.run(TestMethodWorker.java:134)
at java.base/java.util.ArrayList.forEach(ArrayList.java:1597)
at org.testng.TestRunner.privateRun(TestRunner.java:739)
at org.testng.TestRunner.run(TestRunner.java:614)
at org.testng.SuiteRunner.runTest(SuiteRunner.java:421)
at org.testng.SuiteRunner.runSequentially(SuiteRunner.java:413)
at org.testng.SuiteRunner.privateRun(SuiteRunner.java:373)
at org.testng.SuiteRunner.run(SuiteRunner.java:312)
at org.testng.SuiteRunnerWorker.runSuite(SuiteRunnerWorker.java:52)
at org.testng.SuiteRunnerWorker.run(SuiteRunnerWorker.java:95)
at org.testng.TestNG.runSuitesSequentially(TestNG.java:1274)
at org.testng.TestNG.runSuitesLocally(TestNG.java:1208)
at org.testng.TestNG.runSuites(TestNG.java:1112)
at org.testng.TestNG.run(TestNG.java:1079)
at org.apache.maven.surefire.testng.TestNGExecutor.run(TestNGExecutor.java:308)
at org.apache.maven.surefire.testng.TestNGXmlTestSuite.execute(TestNGXmlTestSuite.java:71)
at org.apache.maven.surefire.testng.TestNGProvider.invoke(TestNGProvider.java:113)
at org.apache.maven.surefire.booter.ForkedBooter.runSuitesInProcess(ForkedBooter.java:385)
at org.apache.maven.surefire.booter.ForkedBooter.execute(ForkedBooter.java:162)
at org.apache.maven.surefire.booter.ForkedBooter.run(ForkedBooter.java:507)
at org.apache.maven.surefire.booter.ForkedBooter.main(ForkedBooter.java:495)
]]>
            </full-stacktrace>
          </exception> <!-- org.openqa.selenium.NoSuchElementException -->
          <reporter-output>
          </reporter-output>
        </test-method> <!-- testFilterByCategoryWithSpecialCharacters -->
        <test-method is-config="true" signature="addScreenshotOnFailure(org.testng.ITestResult)[pri:0, instance:com.MyTestingCo.tests.filter.FilterByCategoryWithSpecialCharactersTest@23941fb4]" started-at="2024-09-30T02:46:51 EEST" name="addScreenshotOnFailure" finished-at="2024-09-30T02:46:51 EEST" duration-ms="155" status="PASS">
          <params>
            <param index="0">
              <value>
                <![CDATA[[TestResult name=testFilterByCategoryWithSpecialCharacters status=FAILURE method=FilterByCategoryWithSpecialCharactersTest.testFilterByCategoryWithSpecialCharacters()[pri:0, instance:com.MyTestingCo.tests.filter.FilterByCategoryWithSpecialCharactersTest@23941fb4] output={null}]]]>
              </value>
            </param>
          </params>
          <reporter-output>
          </reporter-output>
        </test-method> <!-- addScreenshotOnFailure -->
        <test-method is-config="true" signature="addScreenshotOnSuccess(org.testng.ITestResult)[pri:0, instance:com.MyTestingCo.tests.filter.FilterByCategoryWithSpecialCharactersTest@23941fb4]" started-at="2024-09-30T02:46:51 EEST" name="addScreenshotOnSuccess" finished-at="2024-09-30T02:46:51 EEST" duration-ms="0" status="PASS">
          <params>
            <param index="0">
              <value>
                <![CDATA[[TestResult name=testFilterByCategoryWithSpecialCharacters status=FAILURE method=FilterByCategoryWithSpecialCharactersTest.testFilterByCategoryWithSpecialCharacters()[pri:0, instance:com.MyTestingCo.tests.filter.FilterByCategoryWithSpecialCharactersTest@23941fb4] output={null}]]]>
              </value>
            </param>
          </params>
          <reporter-output>
          </reporter-output>
        </test-method> <!-- addScreenshotOnSuccess -->
        <test-method is-config="true" signature="tearDown()[pri:0, instance:com.MyTestingCo.tests.filter.FilterByCategoryWithSpecialCharactersTest@23941fb4]" started-at="2024-09-30T02:46:51 EEST" name="tearDown" finished-at="2024-09-30T02:46:52 EEST" duration-ms="349" status="PASS">
          <reporter-output>
          </reporter-output>
        </test-method> <!-- tearDown -->
      </class> <!-- com.MyTestingCo.tests.filter.FilterByCategoryWithSpecialCharactersTest -->
      <class name="com.MyTestingCo.tests.filter.FilterByMultipleCategoriesTest">
        <test-method is-config="true" signature="setUp(java.lang.String)[pri:0, instance:com.MyTestingCo.tests.filter.FilterByMultipleCategoriesTest@1df8da7a]" started-at="2024-09-30T02:46:35 EEST" name="setUp" finished-at="2024-09-30T02:46:37 EEST" duration-ms="1354" status="PASS">
          <params>
            <param index="0">
              <value>
                <![CDATA[chrome]]>
              </value>
            </param>
          </params>
          <reporter-output>
          </reporter-output>
        </test-method> <!-- setUp -->
        <test-method signature="testFilterByMultipleCategories()[pri:0, instance:com.MyTestingCo.tests.filter.FilterByMultipleCategoriesTest@1df8da7a]" started-at="2024-09-30T02:46:37 EEST" name="testFilterByMultipleCategories" description="Verify that the user can filter products by multiple categories" finished-at="2024-09-30T02:46:38 EEST" duration-ms="1611" status="FAIL">
          <exception class="java.lang.AssertionError">
            <message>
              <![CDATA[Products are not filtered by the specified category. expected [true] but found [false]]]>
            </message>
            <full-stacktrace>
              <![CDATA[java.lang.AssertionError: Products are not filtered by the specified category. expected [true] but found [false]
at org.testng.Assert.fail(Assert.java:111)
at org.testng.Assert.failNotEquals(Assert.java:1578)
at org.testng.Assert.assertTrue(Assert.java:57)
at com.MyTestingCo.tests.filter.FilterByMultipleCategoriesTest.testFilterByMultipleCategories(FilterByMultipleCategoriesTest.java:42)
at java.base/jdk.internal.reflect.DirectMethodHandleAccessor.invoke(DirectMethodHandleAccessor.java:103)
at java.base/java.lang.reflect.Method.invoke(Method.java:580)
at org.testng.internal.invokers.MethodInvocationHelper.invokeMethod(MethodInvocationHelper.java:141)
at org.testng.internal.invokers.TestInvoker.invokeMethod(TestInvoker.java:686)
at org.testng.internal.invokers.TestInvoker.invokeTestMethod(TestInvoker.java:230)
at org.testng.internal.invokers.MethodRunner.runInSequence(MethodRunner.java:63)
at org.testng.internal.invokers.TestInvoker$MethodInvocationAgent.invoke(TestInvoker.java:992)
at org.testng.internal.invokers.TestInvoker.invokeTestMethods(TestInvoker.java:203)
at org.testng.internal.invokers.TestMethodWorker.invokeTestMethods(TestMethodWorker.java:154)
at org.testng.internal.invokers.TestMethodWorker.run(TestMethodWorker.java:134)
at java.base/java.util.ArrayList.forEach(ArrayList.java:1597)
at org.testng.TestRunner.privateRun(TestRunner.java:739)
at org.testng.TestRunner.run(TestRunner.java:614)
at org.testng.SuiteRunner.runTest(SuiteRunner.java:421)
at org.testng.SuiteRunner.runSequentially(SuiteRunner.java:413)
at org.testng.SuiteRunner.privateRun(SuiteRunner.java:373)
at org.testng.SuiteRunner.run(SuiteRunner.java:312)
at org.testng.SuiteRunnerWorker.runSuite(SuiteRunnerWorker.java:52)
at org.testng.SuiteRunnerWorker.run(SuiteRunnerWorker.java:95)
at org.testng.TestNG.runSuitesSequentially(TestNG.java:1274)
at org.testng.TestNG.runSuitesLocally(TestNG.java:1208)
at org.testng.TestNG.runSuites(TestNG.java:1112)
at org.testng.TestNG.run(TestNG.java:1079)
at org.apache.maven.surefire.testng.TestNGExecutor.run(TestNGExecutor.java:308)
at org.apache.maven.surefire.testng.TestNGXmlTestSuite.execute(TestNGXmlTestSuite.java:71)
at org.apache.maven.surefire.testng.TestNGProvider.invoke(TestNGProvider.java:113)
at org.apache.maven.surefire.booter.ForkedBooter.runSuitesInProcess(ForkedBooter.java:385)
at org.apache.maven.surefire.booter.ForkedBooter.execute(ForkedBooter.java:162)
at org.apache.maven.surefire.booter.ForkedBooter.run(ForkedBooter.java:507)
at org.apache.maven.surefire.booter.ForkedBooter.main(ForkedBooter.java:495)
]]>
            </full-stacktrace>
          </exception> <!-- java.lang.AssertionError -->
          <reporter-output>
          </reporter-output>
        </test-method> <!-- testFilterByMultipleCategories -->
        <test-method is-config="true" signature="addScreenshotOnFailure(org.testng.ITestResult)[pri:0, instance:com.MyTestingCo.tests.filter.FilterByMultipleCategoriesTest@1df8da7a]" started-at="2024-09-30T02:46:38 EEST" name="addScreenshotOnFailure" finished-at="2024-09-30T02:46:38 EEST" duration-ms="154" status="PASS">
          <params>
            <param index="0">
              <value>
                <![CDATA[[TestResult name=testFilterByMultipleCategories status=FAILURE method=FilterByMultipleCategoriesTest.testFilterByMultipleCategories()[pri:0, instance:com.MyTestingCo.tests.filter.FilterByMultipleCategoriesTest@1df8da7a] output={null}]]]>
              </value>
            </param>
          </params>
          <reporter-output>
          </reporter-output>
        </test-method> <!-- addScreenshotOnFailure -->
        <test-method is-config="true" signature="addScreenshotOnSuccess(org.testng.ITestResult)[pri:0, instance:com.MyTestingCo.tests.filter.FilterByMultipleCategoriesTest@1df8da7a]" started-at="2024-09-30T02:46:38 EEST" name="addScreenshotOnSuccess" finished-at="2024-09-30T02:46:38 EEST" duration-ms="1" status="PASS">
          <params>
            <param index="0">
              <value>
                <![CDATA[[TestResult name=testFilterByMultipleCategories status=FAILURE method=FilterByMultipleCategoriesTest.testFilterByMultipleCategories()[pri:0, instance:com.MyTestingCo.tests.filter.FilterByMultipleCategoriesTest@1df8da7a] output={null}]]]>
              </value>
            </param>
          </params>
          <reporter-output>
          </reporter-output>
        </test-method> <!-- addScreenshotOnSuccess -->
        <test-method is-config="true" signature="tearDown()[pri:0, instance:com.MyTestingCo.tests.filter.FilterByMultipleCategoriesTest@1df8da7a]" started-at="2024-09-30T02:46:38 EEST" name="tearDown" finished-at="2024-09-30T02:46:39 EEST" duration-ms="201" status="PASS">
          <reporter-output>
          </reporter-output>
        </test-method> <!-- tearDown -->
      </class> <!-- com.MyTestingCo.tests.filter.FilterByMultipleCategoriesTest -->
      <class name="com.MyTestingCo.tests.filter.FilterByInvalidCategoryTest">
        <test-method is-config="true" signature="setUp(java.lang.String)[pri:0, instance:com.MyTestingCo.tests.filter.FilterByInvalidCategoryTest@798162bc]" started-at="2024-09-30T02:46:12 EEST" name="setUp" finished-at="2024-09-30T02:46:13 EEST" duration-ms="1140" status="PASS">
          <params>
            <param index="0">
              <value>
                <![CDATA[chrome]]>
              </value>
            </param>
          </params>
          <reporter-output>
          </reporter-output>
        </test-method> <!-- setUp -->
        <test-method signature="testFilterByInvalidCategory()[pri:0, instance:com.MyTestingCo.tests.filter.FilterByInvalidCategoryTest@798162bc]" started-at="2024-09-30T02:46:13 EEST" name="testFilterByInvalidCategory" description="Verify that the user cannot filter products by an invalid category" finished-at="2024-09-30T02:46:35 EEST" duration-ms="21446" status="FAIL">
          <exception class="org.openqa.selenium.NoSuchElementException">
            <message>
              <![CDATA[Cannot locate option with text: Invalid Category
For documentation on this error, please visit: https://www.selenium.dev/documentation/webdriver/troubleshooting/errors#no-such-element-exception
Build info: version: '4.24.0', revision: '748ffc9bc3'
System info: os.name: 'Windows 11', os.arch: 'amd64', os.version: '10.0', java.version: '22.0.1'
Driver info: driver.version: unknown]]>
            </message>
            <full-stacktrace>
              <![CDATA[org.openqa.selenium.NoSuchElementException: Cannot locate option with text: Invalid Category
For documentation on this error, please visit: https://www.selenium.dev/documentation/webdriver/troubleshooting/errors#no-such-element-exception
Build info: version: '4.24.0', revision: '748ffc9bc3'
System info: os.name: 'Windows 11', os.arch: 'amd64', os.version: '10.0', java.version: '22.0.1'
Driver info: driver.version: unknown
at org.openqa.selenium.support.ui.Select.selectByVisibleText(Select.java:153)
at com.MyTestingCo.pages.FilterPage.filterByCategory(FilterPage.java:22)
at com.MyTestingCo.tests.filter.FilterByInvalidCategoryTest.testFilterByInvalidCategory(FilterByInvalidCategoryTest.java:38)
at java.base/jdk.internal.reflect.DirectMethodHandleAccessor.invoke(DirectMethodHandleAccessor.java:103)
at java.base/java.lang.reflect.Method.invoke(Method.java:580)
at org.testng.internal.invokers.MethodInvocationHelper.invokeMethod(MethodInvocationHelper.java:141)
at org.testng.internal.invokers.TestInvoker.invokeMethod(TestInvoker.java:686)
at org.testng.internal.invokers.TestInvoker.invokeTestMethod(TestInvoker.java:230)
at org.testng.internal.invokers.MethodRunner.runInSequence(MethodRunner.java:63)
at org.testng.internal.invokers.TestInvoker$MethodInvocationAgent.invoke(TestInvoker.java:992)
at org.testng.internal.invokers.TestInvoker.invokeTestMethods(TestInvoker.java:203)
at org.testng.internal.invokers.TestMethodWorker.invokeTestMethods(TestMethodWorker.java:154)
at org.testng.internal.invokers.TestMethodWorker.run(TestMethodWorker.java:134)
at java.base/java.util.ArrayList.forEach(ArrayList.java:1597)
at org.testng.TestRunner.privateRun(TestRunner.java:739)
at org.testng.TestRunner.run(TestRunner.java:614)
at org.testng.SuiteRunner.runTest(SuiteRunner.java:421)
at org.testng.SuiteRunner.runSequentially(SuiteRunner.java:413)
at org.testng.SuiteRunner.privateRun(SuiteRunner.java:373)
at org.testng.SuiteRunner.run(SuiteRunner.java:312)
at org.testng.SuiteRunnerWorker.runSuite(SuiteRunnerWorker.java:52)
at org.testng.SuiteRunnerWorker.run(SuiteRunnerWorker.java:95)
at org.testng.TestNG.runSuitesSequentially(TestNG.java:1274)
at org.testng.TestNG.runSuitesLocally(TestNG.java:1208)
at org.testng.TestNG.runSuites(TestNG.java:1112)
at org.testng.TestNG.run(TestNG.java:1079)
at org.apache.maven.surefire.testng.TestNGExecutor.run(TestNGExecutor.java:308)
at org.apache.maven.surefire.testng.TestNGXmlTestSuite.execute(TestNGXmlTestSuite.java:71)
at org.apache.maven.surefire.testng.TestNGProvider.invoke(TestNGProvider.java:113)
at org.apache.maven.surefire.booter.ForkedBooter.runSuitesInProcess(ForkedBooter.java:385)
at org.apache.maven.surefire.booter.ForkedBooter.execute(ForkedBooter.java:162)
at org.apache.maven.surefire.booter.ForkedBooter.run(ForkedBooter.java:507)
at org.apache.maven.surefire.booter.ForkedBooter.main(ForkedBooter.java:495)
]]>
            </full-stacktrace>
          </exception> <!-- org.openqa.selenium.NoSuchElementException -->
          <reporter-output>
          </reporter-output>
        </test-method> <!-- testFilterByInvalidCategory -->
        <test-method is-config="true" signature="addScreenshotOnFailure(org.testng.ITestResult)[pri:0, instance:com.MyTestingCo.tests.filter.FilterByInvalidCategoryTest@798162bc]" started-at="2024-09-30T02:46:35 EEST" name="addScreenshotOnFailure" finished-at="2024-09-30T02:46:35 EEST" duration-ms="199" status="PASS">
          <params>
            <param index="0">
              <value>
                <![CDATA[[TestResult name=testFilterByInvalidCategory status=FAILURE method=FilterByInvalidCategoryTest.testFilterByInvalidCategory()[pri:0, instance:com.MyTestingCo.tests.filter.FilterByInvalidCategoryTest@798162bc] output={null}]]]>
              </value>
            </param>
          </params>
          <reporter-output>
          </reporter-output>
        </test-method> <!-- addScreenshotOnFailure -->
        <test-method is-config="true" signature="addScreenshotOnSuccess(org.testng.ITestResult)[pri:0, instance:com.MyTestingCo.tests.filter.FilterByInvalidCategoryTest@798162bc]" started-at="2024-09-30T02:46:35 EEST" name="addScreenshotOnSuccess" finished-at="2024-09-30T02:46:35 EEST" duration-ms="0" status="PASS">
          <params>
            <param index="0">
              <value>
                <![CDATA[[TestResult name=testFilterByInvalidCategory status=FAILURE method=FilterByInvalidCategoryTest.testFilterByInvalidCategory()[pri:0, instance:com.MyTestingCo.tests.filter.FilterByInvalidCategoryTest@798162bc] output={null}]]]>
              </value>
            </param>
          </params>
          <reporter-output>
          </reporter-output>
        </test-method> <!-- addScreenshotOnSuccess -->
        <test-method is-config="true" signature="tearDown()[pri:0, instance:com.MyTestingCo.tests.filter.FilterByInvalidCategoryTest@798162bc]" started-at="2024-09-30T02:46:35 EEST" name="tearDown" finished-at="2024-09-30T02:46:35 EEST" duration-ms="449" status="PASS">
          <reporter-output>
          </reporter-output>
        </test-method> <!-- tearDown -->
      </class> <!-- com.MyTestingCo.tests.filter.FilterByInvalidCategoryTest -->
    </test> <!-- Product Filtering Functionality Tests -->
    <test started-at="2024-09-30T02:47:05 EEST" name="Product Sorting Functionality Tests" finished-at="2024-09-30T02:48:16 EEST" duration-ms="71685">
      <class name="com.MyTestingCo.tests.sorting.SortByPriceWithSpecialCharactersTest">
        <test-method is-config="true" signature="setUp(java.lang.String)[pri:0, instance:com.MyTestingCo.tests.sorting.SortByPriceWithSpecialCharactersTest@700fb871]" started-at="2024-09-30T02:47:35 EEST" name="setUp" finished-at="2024-09-30T02:47:36 EEST" duration-ms="1058" status="PASS">
          <params>
            <param index="0">
              <value>
                <![CDATA[chrome]]>
              </value>
            </param>
          </params>
          <reporter-output>
          </reporter-output>
        </test-method> <!-- setUp -->
        <test-method signature="testSortByPriceWithSpecialCharacters()[pri:0, instance:com.MyTestingCo.tests.sorting.SortByPriceWithSpecialCharactersTest@700fb871]" started-at="2024-09-30T02:47:36 EEST" name="testSortByPriceWithSpecialCharacters" description="Verify that the user can sort products by price with special characters" finished-at="2024-09-30T02:47:58 EEST" duration-ms="21374" status="FAIL">
          <exception class="org.openqa.selenium.NoSuchElementException">
            <message>
              <![CDATA[Cannot locate option with text: Price (low to high)!
For documentation on this error, please visit: https://www.selenium.dev/documentation/webdriver/troubleshooting/errors#no-such-element-exception
Build info: version: '4.24.0', revision: '748ffc9bc3'
System info: os.name: 'Windows 11', os.arch: 'amd64', os.version: '10.0', java.version: '22.0.1'
Driver info: driver.version: unknown]]>
            </message>
            <full-stacktrace>
              <![CDATA[org.openqa.selenium.NoSuchElementException: Cannot locate option with text: Price (low to high)!
For documentation on this error, please visit: https://www.selenium.dev/documentation/webdriver/troubleshooting/errors#no-such-element-exception
Build info: version: '4.24.0', revision: '748ffc9bc3'
System info: os.name: 'Windows 11', os.arch: 'amd64', os.version: '10.0', java.version: '22.0.1'
Driver info: driver.version: unknown
at org.openqa.selenium.support.ui.Select.selectByVisibleText(Select.java:153)
at com.MyTestingCo.pages.SortPage.sortByPrice(SortPage.java:22)
at com.MyTestingCo.tests.sorting.SortByPriceWithSpecialCharactersTest.testSortByPriceWithSpecialCharacters(SortByPriceWithSpecialCharactersTest.java:38)
at java.base/jdk.internal.reflect.DirectMethodHandleAccessor.invoke(DirectMethodHandleAccessor.java:103)
at java.base/java.lang.reflect.Method.invoke(Method.java:580)
at org.testng.internal.invokers.MethodInvocationHelper.invokeMethod(MethodInvocationHelper.java:141)
at org.testng.internal.invokers.TestInvoker.invokeMethod(TestInvoker.java:686)
at org.testng.internal.invokers.TestInvoker.invokeTestMethod(TestInvoker.java:230)
at org.testng.internal.invokers.MethodRunner.runInSequence(MethodRunner.java:63)
at org.testng.internal.invokers.TestInvoker$MethodInvocationAgent.invoke(TestInvoker.java:992)
at org.testng.internal.invokers.TestInvoker.invokeTestMethods(TestInvoker.java:203)
at org.testng.internal.invokers.TestMethodWorker.invokeTestMethods(TestMethodWorker.java:154)
at org.testng.internal.invokers.TestMethodWorker.run(TestMethodWorker.java:134)
at java.base/java.util.ArrayList.forEach(ArrayList.java:1597)
at org.testng.TestRunner.privateRun(TestRunner.java:739)
at org.testng.TestRunner.run(TestRunner.java:614)
at org.testng.SuiteRunner.runTest(SuiteRunner.java:421)
at org.testng.SuiteRunner.runSequentially(SuiteRunner.java:413)
at org.testng.SuiteRunner.privateRun(SuiteRunner.java:373)
at org.testng.SuiteRunner.run(SuiteRunner.java:312)
at org.testng.SuiteRunnerWorker.runSuite(SuiteRunnerWorker.java:52)
at org.testng.SuiteRunnerWorker.run(SuiteRunnerWorker.java:95)
at org.testng.TestNG.runSuitesSequentially(TestNG.java:1274)
at org.testng.TestNG.runSuitesLocally(TestNG.java:1208)
at org.testng.TestNG.runSuites(TestNG.java:1112)
at org.testng.TestNG.run(TestNG.java:1079)
at org.apache.maven.surefire.testng.TestNGExecutor.run(TestNGExecutor.java:308)
at org.apache.maven.surefire.testng.TestNGXmlTestSuite.execute(TestNGXmlTestSuite.java:71)
at org.apache.maven.surefire.testng.TestNGProvider.invoke(TestNGProvider.java:113)
at org.apache.maven.surefire.booter.ForkedBooter.runSuitesInProcess(ForkedBooter.java:385)
at org.apache.maven.surefire.booter.ForkedBooter.execute(ForkedBooter.java:162)
at org.apache.maven.surefire.booter.ForkedBooter.run(ForkedBooter.java:507)
at org.apache.maven.surefire.booter.ForkedBooter.main(ForkedBooter.java:495)
]]>
            </full-stacktrace>
          </exception> <!-- org.openqa.selenium.NoSuchElementException -->
          <reporter-output>
          </reporter-output>
        </test-method> <!-- testSortByPriceWithSpecialCharacters -->
        <test-method is-config="true" signature="addScreenshotOnFailure(org.testng.ITestResult)[pri:0, instance:com.MyTestingCo.tests.sorting.SortByPriceWithSpecialCharactersTest@700fb871]" started-at="2024-09-30T02:47:58 EEST" name="addScreenshotOnFailure" finished-at="2024-09-30T02:47:58 EEST" duration-ms="143" status="PASS">
          <params>
            <param index="0">
              <value>
                <![CDATA[[TestResult name=testSortByPriceWithSpecialCharacters status=FAILURE method=SortByPriceWithSpecialCharactersTest.testSortByPriceWithSpecialCharacters()[pri:0, instance:com.MyTestingCo.tests.sorting.SortByPriceWithSpecialCharactersTest@700fb871] output={null}]]]>
              </value>
            </param>
          </params>
          <reporter-output>
          </reporter-output>
        </test-method> <!-- addScreenshotOnFailure -->
        <test-method is-config="true" signature="addScreenshotOnSuccess(org.testng.ITestResult)[pri:0, instance:com.MyTestingCo.tests.sorting.SortByPriceWithSpecialCharactersTest@700fb871]" started-at="2024-09-30T02:47:58 EEST" name="addScreenshotOnSuccess" finished-at="2024-09-30T02:47:58 EEST" duration-ms="0" status="PASS">
          <params>
            <param index="0">
              <value>
                <![CDATA[[TestResult name=testSortByPriceWithSpecialCharacters status=FAILURE method=SortByPriceWithSpecialCharactersTest.testSortByPriceWithSpecialCharacters()[pri:0, instance:com.MyTestingCo.tests.sorting.SortByPriceWithSpecialCharactersTest@700fb871] output={null}]]]>
              </value>
            </param>
          </params>
          <reporter-output>
          </reporter-output>
        </test-method> <!-- addScreenshotOnSuccess -->
        <test-method is-config="true" signature="tearDown()[pri:0, instance:com.MyTestingCo.tests.sorting.SortByPriceWithSpecialCharactersTest@700fb871]" started-at="2024-09-30T02:47:58 EEST" name="tearDown" finished-at="2024-09-30T02:47:58 EEST" duration-ms="402" status="PASS">
          <reporter-output>
          </reporter-output>
        </test-method> <!-- tearDown -->
      </class> <!-- com.MyTestingCo.tests.sorting.SortByPriceWithSpecialCharactersTest -->
      <class name="com.MyTestingCo.tests.sorting.SortByMultiplePricesTest">
        <test-method is-config="true" signature="setUp(java.lang.String)[pri:0, instance:com.MyTestingCo.tests.sorting.SortByMultiplePricesTest@29f7cefd]" started-at="2024-09-30T02:47:30 EEST" name="setUp" finished-at="2024-09-30T02:47:31 EEST" duration-ms="1083" status="PASS">
          <params>
            <param index="0">
              <value>
                <![CDATA[chrome]]>
              </value>
            </param>
          </params>
          <reporter-output>
          </reporter-output>
        </test-method> <!-- setUp -->
        <test-method signature="testSortByMultiplePrices()[pri:0, instance:com.MyTestingCo.tests.sorting.SortByMultiplePricesTest@29f7cefd]" started-at="2024-09-30T02:47:31 EEST" name="testSortByMultiplePrices" description="Verify that the user can sort products by multiple prices" finished-at="2024-09-30T02:47:35 EEST" duration-ms="3646" status="FAIL">
          <exception class="java.lang.AssertionError">
            <message>
              <![CDATA[Products are not sorted by the specified price. expected [true] but found [false]]]>
            </message>
            <full-stacktrace>
              <![CDATA[java.lang.AssertionError: Products are not sorted by the specified price. expected [true] but found [false]
at org.testng.Assert.fail(Assert.java:111)
at org.testng.Assert.failNotEquals(Assert.java:1578)
at org.testng.Assert.assertTrue(Assert.java:57)
at com.MyTestingCo.tests.sorting.SortByMultiplePricesTest.testSortByMultiplePrices(SortByMultiplePricesTest.java:48)
at java.base/jdk.internal.reflect.DirectMethodHandleAccessor.invoke(DirectMethodHandleAccessor.java:103)
at java.base/java.lang.reflect.Method.invoke(Method.java:580)
at org.testng.internal.invokers.MethodInvocationHelper.invokeMethod(MethodInvocationHelper.java:141)
at org.testng.internal.invokers.TestInvoker.invokeMethod(TestInvoker.java:686)
at org.testng.internal.invokers.TestInvoker.invokeTestMethod(TestInvoker.java:230)
at org.testng.internal.invokers.MethodRunner.runInSequence(MethodRunner.java:63)
at org.testng.internal.invokers.TestInvoker$MethodInvocationAgent.invoke(TestInvoker.java:992)
at org.testng.internal.invokers.TestInvoker.invokeTestMethods(TestInvoker.java:203)
at org.testng.internal.invokers.TestMethodWorker.invokeTestMethods(TestMethodWorker.java:154)
at org.testng.internal.invokers.TestMethodWorker.run(TestMethodWorker.java:134)
at java.base/java.util.ArrayList.forEach(ArrayList.java:1597)
at org.testng.TestRunner.privateRun(TestRunner.java:739)
at org.testng.TestRunner.run(TestRunner.java:614)
at org.testng.SuiteRunner.runTest(SuiteRunner.java:421)
at org.testng.SuiteRunner.runSequentially(SuiteRunner.java:413)
at org.testng.SuiteRunner.privateRun(SuiteRunner.java:373)
at org.testng.SuiteRunner.run(SuiteRunner.java:312)
at org.testng.SuiteRunnerWorker.runSuite(SuiteRunnerWorker.java:52)
at org.testng.SuiteRunnerWorker.run(SuiteRunnerWorker.java:95)
at org.testng.TestNG.runSuitesSequentially(TestNG.java:1274)
at org.testng.TestNG.runSuitesLocally(TestNG.java:1208)
at org.testng.TestNG.runSuites(TestNG.java:1112)
at org.testng.TestNG.run(TestNG.java:1079)
at org.apache.maven.surefire.testng.TestNGExecutor.run(TestNGExecutor.java:308)
at org.apache.maven.surefire.testng.TestNGXmlTestSuite.execute(TestNGXmlTestSuite.java:71)
at org.apache.maven.surefire.testng.TestNGProvider.invoke(TestNGProvider.java:113)
at org.apache.maven.surefire.booter.ForkedBooter.runSuitesInProcess(ForkedBooter.java:385)
at org.apache.maven.surefire.booter.ForkedBooter.execute(ForkedBooter.java:162)
at org.apache.maven.surefire.booter.ForkedBooter.run(ForkedBooter.java:507)
at org.apache.maven.surefire.booter.ForkedBooter.main(ForkedBooter.java:495)
]]>
            </full-stacktrace>
          </exception> <!-- java.lang.AssertionError -->
          <reporter-output>
          </reporter-output>
        </test-method> <!-- testSortByMultiplePrices -->
        <test-method is-config="true" signature="addScreenshotOnFailure(org.testng.ITestResult)[pri:0, instance:com.MyTestingCo.tests.sorting.SortByMultiplePricesTest@29f7cefd]" started-at="2024-09-30T02:47:35 EEST" name="addScreenshotOnFailure" finished-at="2024-09-30T02:47:35 EEST" duration-ms="145" status="PASS">
          <params>
            <param index="0">
              <value>
                <![CDATA[[TestResult name=testSortByMultiplePrices status=FAILURE method=SortByMultiplePricesTest.testSortByMultiplePrices()[pri:0, instance:com.MyTestingCo.tests.sorting.SortByMultiplePricesTest@29f7cefd] output={null}]]]>
              </value>
            </param>
          </params>
          <reporter-output>
          </reporter-output>
        </test-method> <!-- addScreenshotOnFailure -->
        <test-method is-config="true" signature="addScreenshotOnSuccess(org.testng.ITestResult)[pri:0, instance:com.MyTestingCo.tests.sorting.SortByMultiplePricesTest@29f7cefd]" started-at="2024-09-30T02:47:35 EEST" name="addScreenshotOnSuccess" finished-at="2024-09-30T02:47:35 EEST" duration-ms="2" status="PASS">
          <params>
            <param index="0">
              <value>
                <![CDATA[[TestResult name=testSortByMultiplePrices status=FAILURE method=SortByMultiplePricesTest.testSortByMultiplePrices()[pri:0, instance:com.MyTestingCo.tests.sorting.SortByMultiplePricesTest@29f7cefd] output={null}]]]>
              </value>
            </param>
          </params>
          <reporter-output>
          </reporter-output>
        </test-method> <!-- addScreenshotOnSuccess -->
        <test-method is-config="true" signature="tearDown()[pri:0, instance:com.MyTestingCo.tests.sorting.SortByMultiplePricesTest@29f7cefd]" started-at="2024-09-30T02:47:35 EEST" name="tearDown" finished-at="2024-09-30T02:47:35 EEST" duration-ms="191" status="PASS">
          <reporter-output>
          </reporter-output>
        </test-method> <!-- tearDown -->
      </class> <!-- com.MyTestingCo.tests.sorting.SortByMultiplePricesTest -->
      <class name="com.MyTestingCo.tests.sorting.SortByPriceWithEmptyFieldTest">
        <test-method is-config="true" signature="setUp(java.lang.String)[pri:0, instance:com.MyTestingCo.tests.sorting.SortByPriceWithEmptyFieldTest@3b35a229]" started-at="2024-09-30T02:47:58 EEST" name="setUp" finished-at="2024-09-30T02:48:01 EEST" duration-ms="2185" status="PASS">
          <params>
            <param index="0">
              <value>
                <![CDATA[chrome]]>
              </value>
            </param>
          </params>
          <reporter-output>
          </reporter-output>
        </test-method> <!-- setUp -->
        <test-method signature="testSortByPriceWithEmptyField()[pri:0, instance:com.MyTestingCo.tests.sorting.SortByPriceWithEmptyFieldTest@3b35a229]" started-at="2024-09-30T02:48:01 EEST" name="testSortByPriceWithEmptyField" description="Verify that the user cannot sort products by price with an empty field" finished-at="2024-09-30T02:48:16 EEST" duration-ms="15027" status="FAIL">
          <exception class="org.openqa.selenium.NoSuchElementException">
            <message>
              <![CDATA[Cannot locate option with text: 
For documentation on this error, please visit: https://www.selenium.dev/documentation/webdriver/troubleshooting/errors#no-such-element-exception
Build info: version: '4.24.0', revision: '748ffc9bc3'
System info: os.name: 'Windows 11', os.arch: 'amd64', os.version: '10.0', java.version: '22.0.1'
Driver info: driver.version: unknown]]>
            </message>
            <full-stacktrace>
              <![CDATA[org.openqa.selenium.NoSuchElementException: Cannot locate option with text: 
For documentation on this error, please visit: https://www.selenium.dev/documentation/webdriver/troubleshooting/errors#no-such-element-exception
Build info: version: '4.24.0', revision: '748ffc9bc3'
System info: os.name: 'Windows 11', os.arch: 'amd64', os.version: '10.0', java.version: '22.0.1'
Driver info: driver.version: unknown
at org.openqa.selenium.support.ui.Select.selectByVisibleText(Select.java:153)
at com.MyTestingCo.pages.SortPage.sortByPrice(SortPage.java:22)
at com.MyTestingCo.tests.sorting.SortByPriceWithEmptyFieldTest.testSortByPriceWithEmptyField(SortByPriceWithEmptyFieldTest.java:38)
at java.base/jdk.internal.reflect.DirectMethodHandleAccessor.invoke(DirectMethodHandleAccessor.java:103)
at java.base/java.lang.reflect.Method.invoke(Method.java:580)
at org.testng.internal.invokers.MethodInvocationHelper.invokeMethod(MethodInvocationHelper.java:141)
at org.testng.internal.invokers.TestInvoker.invokeMethod(TestInvoker.java:686)
at org.testng.internal.invokers.TestInvoker.invokeTestMethod(TestInvoker.java:230)
at org.testng.internal.invokers.MethodRunner.runInSequence(MethodRunner.java:63)
at org.testng.internal.invokers.TestInvoker$MethodInvocationAgent.invoke(TestInvoker.java:992)
at org.testng.internal.invokers.TestInvoker.invokeTestMethods(TestInvoker.java:203)
at org.testng.internal.invokers.TestMethodWorker.invokeTestMethods(TestMethodWorker.java:154)
at org.testng.internal.invokers.TestMethodWorker.run(TestMethodWorker.java:134)
at java.base/java.util.ArrayList.forEach(ArrayList.java:1597)
at org.testng.TestRunner.privateRun(TestRunner.java:739)
at org.testng.TestRunner.run(TestRunner.java:614)
at org.testng.SuiteRunner.runTest(SuiteRunner.java:421)
at org.testng.SuiteRunner.runSequentially(SuiteRunner.java:413)
at org.testng.SuiteRunner.privateRun(SuiteRunner.java:373)
at org.testng.SuiteRunner.run(SuiteRunner.java:312)
at org.testng.SuiteRunnerWorker.runSuite(SuiteRunnerWorker.java:52)
at org.testng.SuiteRunnerWorker.run(SuiteRunnerWorker.java:95)
at org.testng.TestNG.runSuitesSequentially(TestNG.java:1274)
at org.testng.TestNG.runSuitesLocally(TestNG.java:1208)
at org.testng.TestNG.runSuites(TestNG.java:1112)
at org.testng.TestNG.run(TestNG.java:1079)
at org.apache.maven.surefire.testng.TestNGExecutor.run(TestNGExecutor.java:308)
at org.apache.maven.surefire.testng.TestNGXmlTestSuite.execute(TestNGXmlTestSuite.java:71)
at org.apache.maven.surefire.testng.TestNGProvider.invoke(TestNGProvider.java:113)
at org.apache.maven.surefire.booter.ForkedBooter.runSuitesInProcess(ForkedBooter.java:385)
at org.apache.maven.surefire.booter.ForkedBooter.execute(ForkedBooter.java:162)
at org.apache.maven.surefire.booter.ForkedBooter.run(ForkedBooter.java:507)
at org.apache.maven.surefire.booter.ForkedBooter.main(ForkedBooter.java:495)
]]>
            </full-stacktrace>
          </exception> <!-- org.openqa.selenium.NoSuchElementException -->
          <reporter-output>
          </reporter-output>
        </test-method> <!-- testSortByPriceWithEmptyField -->
        <test-method is-config="true" signature="addScreenshotOnFailure(org.testng.ITestResult)[pri:0, instance:com.MyTestingCo.tests.sorting.SortByPriceWithEmptyFieldTest@3b35a229]" started-at="2024-09-30T02:48:16 EEST" name="addScreenshotOnFailure" finished-at="2024-09-30T02:48:16 EEST" duration-ms="145" status="PASS">
          <params>
            <param index="0">
              <value>
                <![CDATA[[TestResult name=testSortByPriceWithEmptyField status=FAILURE method=SortByPriceWithEmptyFieldTest.testSortByPriceWithEmptyField()[pri:0, instance:com.MyTestingCo.tests.sorting.SortByPriceWithEmptyFieldTest@3b35a229] output={null}]]]>
              </value>
            </param>
          </params>
          <reporter-output>
          </reporter-output>
        </test-method> <!-- addScreenshotOnFailure -->
        <test-method is-config="true" signature="addScreenshotOnSuccess(org.testng.ITestResult)[pri:0, instance:com.MyTestingCo.tests.sorting.SortByPriceWithEmptyFieldTest@3b35a229]" started-at="2024-09-30T02:48:16 EEST" name="addScreenshotOnSuccess" finished-at="2024-09-30T02:48:16 EEST" duration-ms="0" status="PASS">
          <params>
            <param index="0">
              <value>
                <![CDATA[[TestResult name=testSortByPriceWithEmptyField status=FAILURE method=SortByPriceWithEmptyFieldTest.testSortByPriceWithEmptyField()[pri:0, instance:com.MyTestingCo.tests.sorting.SortByPriceWithEmptyFieldTest@3b35a229] output={null}]]]>
              </value>
            </param>
          </params>
          <reporter-output>
          </reporter-output>
        </test-method> <!-- addScreenshotOnSuccess -->
        <test-method is-config="true" signature="tearDown()[pri:0, instance:com.MyTestingCo.tests.sorting.SortByPriceWithEmptyFieldTest@3b35a229]" started-at="2024-09-30T02:48:16 EEST" name="tearDown" finished-at="2024-09-30T02:48:16 EEST" duration-ms="536" status="PASS">
          <reporter-output>
          </reporter-output>
        </test-method> <!-- tearDown -->
      </class> <!-- com.MyTestingCo.tests.sorting.SortByPriceWithEmptyFieldTest -->
      <class name="com.MyTestingCo.tests.sorting.SortByInvalidPriceTest">
        <test-method is-config="true" signature="setUp(java.lang.String)[pri:0, instance:com.MyTestingCo.tests.sorting.SortByInvalidPriceTest@1224144a]" started-at="2024-09-30T02:47:07 EEST" name="setUp" finished-at="2024-09-30T02:47:08 EEST" duration-ms="1039" status="PASS">
          <params>
            <param index="0">
              <value>
                <![CDATA[chrome]]>
              </value>
            </param>
          </params>
          <reporter-output>
          </reporter-output>
        </test-method> <!-- setUp -->
        <test-method signature="testSortByInvalidPrice()[pri:0, instance:com.MyTestingCo.tests.sorting.SortByInvalidPriceTest@1224144a]" started-at="2024-09-30T02:47:08 EEST" name="testSortByInvalidPrice" description="Verify that the user cannot sort products by an invalid price" finished-at="2024-09-30T02:47:30 EEST" duration-ms="21390" status="FAIL">
          <exception class="org.openqa.selenium.NoSuchElementException">
            <message>
              <![CDATA[Cannot locate option with text: Invalid Price
For documentation on this error, please visit: https://www.selenium.dev/documentation/webdriver/troubleshooting/errors#no-such-element-exception
Build info: version: '4.24.0', revision: '748ffc9bc3'
System info: os.name: 'Windows 11', os.arch: 'amd64', os.version: '10.0', java.version: '22.0.1'
Driver info: driver.version: unknown]]>
            </message>
            <full-stacktrace>
              <![CDATA[org.openqa.selenium.NoSuchElementException: Cannot locate option with text: Invalid Price
For documentation on this error, please visit: https://www.selenium.dev/documentation/webdriver/troubleshooting/errors#no-such-element-exception
Build info: version: '4.24.0', revision: '748ffc9bc3'
System info: os.name: 'Windows 11', os.arch: 'amd64', os.version: '10.0', java.version: '22.0.1'
Driver info: driver.version: unknown
at org.openqa.selenium.support.ui.Select.selectByVisibleText(Select.java:153)
at com.MyTestingCo.pages.SortPage.sortByPrice(SortPage.java:22)
at com.MyTestingCo.tests.sorting.SortByInvalidPriceTest.testSortByInvalidPrice(SortByInvalidPriceTest.java:38)
at java.base/jdk.internal.reflect.DirectMethodHandleAccessor.invoke(DirectMethodHandleAccessor.java:103)
at java.base/java.lang.reflect.Method.invoke(Method.java:580)
at org.testng.internal.invokers.MethodInvocationHelper.invokeMethod(MethodInvocationHelper.java:141)
at org.testng.internal.invokers.TestInvoker.invokeMethod(TestInvoker.java:686)
at org.testng.internal.invokers.TestInvoker.invokeTestMethod(TestInvoker.java:230)
at org.testng.internal.invokers.MethodRunner.runInSequence(MethodRunner.java:63)
at org.testng.internal.invokers.TestInvoker$MethodInvocationAgent.invoke(TestInvoker.java:992)
at org.testng.internal.invokers.TestInvoker.invokeTestMethods(TestInvoker.java:203)
at org.testng.internal.invokers.TestMethodWorker.invokeTestMethods(TestMethodWorker.java:154)
at org.testng.internal.invokers.TestMethodWorker.run(TestMethodWorker.java:134)
at java.base/java.util.ArrayList.forEach(ArrayList.java:1597)
at org.testng.TestRunner.privateRun(TestRunner.java:739)
at org.testng.TestRunner.run(TestRunner.java:614)
at org.testng.SuiteRunner.runTest(SuiteRunner.java:421)
at org.testng.SuiteRunner.runSequentially(SuiteRunner.java:413)
at org.testng.SuiteRunner.privateRun(SuiteRunner.java:373)
at org.testng.SuiteRunner.run(SuiteRunner.java:312)
at org.testng.SuiteRunnerWorker.runSuite(SuiteRunnerWorker.java:52)
at org.testng.SuiteRunnerWorker.run(SuiteRunnerWorker.java:95)
at org.testng.TestNG.runSuitesSequentially(TestNG.java:1274)
at org.testng.TestNG.runSuitesLocally(TestNG.java:1208)
at org.testng.TestNG.runSuites(TestNG.java:1112)
at org.testng.TestNG.run(TestNG.java:1079)
at org.apache.maven.surefire.testng.TestNGExecutor.run(TestNGExecutor.java:308)
at org.apache.maven.surefire.testng.TestNGXmlTestSuite.execute(TestNGXmlTestSuite.java:71)
at org.apache.maven.surefire.testng.TestNGProvider.invoke(TestNGProvider.java:113)
at org.apache.maven.surefire.booter.ForkedBooter.runSuitesInProcess(ForkedBooter.java:385)
at org.apache.maven.surefire.booter.ForkedBooter.execute(ForkedBooter.java:162)
at org.apache.maven.surefire.booter.ForkedBooter.run(ForkedBooter.java:507)
at org.apache.maven.surefire.booter.ForkedBooter.main(ForkedBooter.java:495)
]]>
            </full-stacktrace>
          </exception> <!-- org.openqa.selenium.NoSuchElementException -->
          <reporter-output>
          </reporter-output>
        </test-method> <!-- testSortByInvalidPrice -->
        <test-method is-config="true" signature="addScreenshotOnFailure(org.testng.ITestResult)[pri:0, instance:com.MyTestingCo.tests.sorting.SortByInvalidPriceTest@1224144a]" started-at="2024-09-30T02:47:30 EEST" name="addScreenshotOnFailure" finished-at="2024-09-30T02:47:30 EEST" duration-ms="150" status="PASS">
          <params>
            <param index="0">
              <value>
                <![CDATA[[TestResult name=testSortByInvalidPrice status=FAILURE method=SortByInvalidPriceTest.testSortByInvalidPrice()[pri:0, instance:com.MyTestingCo.tests.sorting.SortByInvalidPriceTest@1224144a] output={null}]]]>
              </value>
            </param>
          </params>
          <reporter-output>
          </reporter-output>
        </test-method> <!-- addScreenshotOnFailure -->
        <test-method is-config="true" signature="addScreenshotOnSuccess(org.testng.ITestResult)[pri:0, instance:com.MyTestingCo.tests.sorting.SortByInvalidPriceTest@1224144a]" started-at="2024-09-30T02:47:30 EEST" name="addScreenshotOnSuccess" finished-at="2024-09-30T02:47:30 EEST" duration-ms="0" status="PASS">
          <params>
            <param index="0">
              <value>
                <![CDATA[[TestResult name=testSortByInvalidPrice status=FAILURE method=SortByInvalidPriceTest.testSortByInvalidPrice()[pri:0, instance:com.MyTestingCo.tests.sorting.SortByInvalidPriceTest@1224144a] output={null}]]]>
              </value>
            </param>
          </params>
          <reporter-output>
          </reporter-output>
        </test-method> <!-- addScreenshotOnSuccess -->
        <test-method is-config="true" signature="tearDown()[pri:0, instance:com.MyTestingCo.tests.sorting.SortByInvalidPriceTest@1224144a]" started-at="2024-09-30T02:47:30 EEST" name="tearDown" finished-at="2024-09-30T02:47:30 EEST" duration-ms="318" status="PASS">
          <reporter-output>
          </reporter-output>
        </test-method> <!-- tearDown -->
      </class> <!-- com.MyTestingCo.tests.sorting.SortByInvalidPriceTest -->
      <class name="com.MyTestingCo.tests.sorting.SortByPriceTest">
        <test-method is-config="true" signature="setUp(java.lang.String)[pri:0, instance:com.MyTestingCo.tests.sorting.SortByPriceTest@f58853c]" started-at="2024-09-30T02:47:05 EEST" name="setUp" finished-at="2024-09-30T02:47:06 EEST" duration-ms="986" status="PASS">
          <params>
            <param index="0">
              <value>
                <![CDATA[chrome]]>
              </value>
            </param>
          </params>
          <reporter-output>
          </reporter-output>
        </test-method> <!-- setUp -->
        <test-method signature="testSortByPrice()[pri:0, instance:com.MyTestingCo.tests.sorting.SortByPriceTest@f58853c]" started-at="2024-09-30T02:47:06 EEST" name="testSortByPrice" description="Verify that the user can sort products by price" finished-at="2024-09-30T02:47:07 EEST" duration-ms="1474" status="PASS">
          <reporter-output>
          </reporter-output>
        </test-method> <!-- testSortByPrice -->
        <test-method is-config="true" signature="addScreenshotOnFailure(org.testng.ITestResult)[pri:0, instance:com.MyTestingCo.tests.sorting.SortByPriceTest@f58853c]" started-at="2024-09-30T02:47:07 EEST" name="addScreenshotOnFailure" finished-at="2024-09-30T02:47:07 EEST" duration-ms="1" status="PASS">
          <params>
            <param index="0">
              <value>
                <![CDATA[[TestResult name=testSortByPrice status=SUCCESS method=SortByPriceTest.testSortByPrice()[pri:0, instance:com.MyTestingCo.tests.sorting.SortByPriceTest@f58853c] output={null}]]]>
              </value>
            </param>
          </params>
          <reporter-output>
          </reporter-output>
        </test-method> <!-- addScreenshotOnFailure -->
        <test-method is-config="true" signature="addScreenshotOnSuccess(org.testng.ITestResult)[pri:0, instance:com.MyTestingCo.tests.sorting.SortByPriceTest@f58853c]" started-at="2024-09-30T02:47:07 EEST" name="addScreenshotOnSuccess" finished-at="2024-09-30T02:47:07 EEST" duration-ms="169" status="PASS">
          <params>
            <param index="0">
              <value>
                <![CDATA[[TestResult name=testSortByPrice status=SUCCESS method=SortByPriceTest.testSortByPrice()[pri:0, instance:com.MyTestingCo.tests.sorting.SortByPriceTest@f58853c] output={null}]]]>
              </value>
            </param>
          </params>
          <reporter-output>
          </reporter-output>
        </test-method> <!-- addScreenshotOnSuccess -->
        <test-method is-config="true" signature="tearDown()[pri:0, instance:com.MyTestingCo.tests.sorting.SortByPriceTest@f58853c]" started-at="2024-09-30T02:47:07 EEST" name="tearDown" finished-at="2024-09-30T02:47:07 EEST" duration-ms="198" status="PASS">
          <reporter-output>
          </reporter-output>
        </test-method> <!-- tearDown -->
      </class> <!-- com.MyTestingCo.tests.sorting.SortByPriceTest -->
    </test> <!-- Product Sorting Functionality Tests -->
    <test started-at="2024-09-30T02:48:16 EEST" name="Add to Cart Functionality Tests" finished-at="2024-09-30T02:49:23 EEST" duration-ms="66561">
      <class name="com.MyTestingCo.tests.cart.AddValidProductToCartTest">
        <test-method is-config="true" signature="setUp(java.lang.String)[pri:0, instance:com.MyTestingCo.tests.cart.AddValidProductToCartTest@311bf055]" started-at="2024-09-30T02:48:16 EEST" name="setUp" finished-at="2024-09-30T02:48:17 EEST" duration-ms="1035" status="PASS">
          <params>
            <param index="0">
              <value>
                <![CDATA[chrome]]>
              </value>
            </param>
          </params>
          <reporter-output>
          </reporter-output>
        </test-method> <!-- setUp -->
        <test-method signature="testAddValidProductToCart()[pri:0, instance:com.MyTestingCo.tests.cart.AddValidProductToCartTest@311bf055]" started-at="2024-09-30T02:48:17 EEST" name="testAddValidProductToCart" description="Verify that a user can add a valid product to the cart after logging in." finished-at="2024-09-30T02:48:27 EEST" duration-ms="10063" status="FAIL">
          <exception class="org.openqa.selenium.NoSuchElementException">
            <message>
              <![CDATA[no such element: Unable to locate element: {"method":"css selector","selector":"#user\-name"}
  (Session info: chrome=129.0.6668.71)
For documentation on this error, please visit: https://www.selenium.dev/documentation/webdriver/troubleshooting/errors#no-such-element-exception
Build info: version: '4.24.0', revision: '748ffc9bc3'
System info: os.name: 'Windows 11', os.arch: 'amd64', os.version: '10.0', java.version: '22.0.1'
Driver info: org.openqa.selenium.chrome.ChromeDriver
Command: [78365f29a33b87f9002979d9465a0c4e, findElement {value=user-name, using=id}]
Capabilities {acceptInsecureCerts: false, browserName: chrome, browserVersion: 129.0.6668.71, chrome: {chromedriverVersion: 129.0.6668.70 (df87d5cf12b1..., userDataDir: C:\Users\ommmm\AppData\Loca...}, fedcm:accounts: true, goog:chromeOptions: {debuggerAddress: localhost:46431}, networkConnectionEnabled: false, pageLoadStrategy: normal, platformName: windows, proxy: Proxy(), se:cdp: ws://localhost:46431/devtoo..., se:cdpVersion: 129.0.6668.71, setWindowRect: true, strictFileInteractability: false, timeouts: {implicit: 0, pageLoad: 300000, script: 30000}, unhandledPromptBehavior: dismiss and notify, webauthn:extension:credBlob: true, webauthn:extension:largeBlob: true, webauthn:extension:minPinLength: true, webauthn:extension:prf: true, webauthn:virtualAuthenticators: true}
Session ID: 78365f29a33b87f9002979d9465a0c4e]]>
            </message>
            <full-stacktrace>
              <![CDATA[org.openqa.selenium.NoSuchElementException: no such element: Unable to locate element: {"method":"css selector","selector":"#user\-name"}
  (Session info: chrome=129.0.6668.71)
For documentation on this error, please visit: https://www.selenium.dev/documentation/webdriver/troubleshooting/errors#no-such-element-exception
Build info: version: '4.24.0', revision: '748ffc9bc3'
System info: os.name: 'Windows 11', os.arch: 'amd64', os.version: '10.0', java.version: '22.0.1'
Driver info: org.openqa.selenium.chrome.ChromeDriver
Command: [78365f29a33b87f9002979d9465a0c4e, findElement {value=user-name, using=id}]
Capabilities {acceptInsecureCerts: false, browserName: chrome, browserVersion: 129.0.6668.71, chrome: {chromedriverVersion: 129.0.6668.70 (df87d5cf12b1..., userDataDir: C:\Users\ommmm\AppData\Loca...}, fedcm:accounts: true, goog:chromeOptions: {debuggerAddress: localhost:46431}, networkConnectionEnabled: false, pageLoadStrategy: normal, platformName: windows, proxy: Proxy(), se:cdp: ws://localhost:46431/devtoo..., se:cdpVersion: 129.0.6668.71, setWindowRect: true, strictFileInteractability: false, timeouts: {implicit: 0, pageLoad: 300000, script: 30000}, unhandledPromptBehavior: dismiss and notify, webauthn:extension:credBlob: true, webauthn:extension:largeBlob: true, webauthn:extension:minPinLength: true, webauthn:extension:prf: true, webauthn:virtualAuthenticators: true}
Session ID: 78365f29a33b87f9002979d9465a0c4e
at java.base/jdk.internal.reflect.DirectConstructorHandleAccessor.newInstance(DirectConstructorHandleAccessor.java:62)
at java.base/java.lang.reflect.Constructor.newInstanceWithCaller(Constructor.java:502)
at java.base/java.lang.reflect.Constructor.newInstance(Constructor.java:486)
at org.openqa.selenium.remote.ErrorCodec.decode(ErrorCodec.java:167)
at org.openqa.selenium.remote.codec.w3c.W3CHttpResponseCodec.decode(W3CHttpResponseCodec.java:138)
at org.openqa.selenium.remote.codec.w3c.W3CHttpResponseCodec.decode(W3CHttpResponseCodec.java:50)
at org.openqa.selenium.remote.HttpCommandExecutor.execute(HttpCommandExecutor.java:190)
at org.openqa.selenium.remote.service.DriverCommandExecutor.invokeExecute(DriverCommandExecutor.java:216)
at org.openqa.selenium.remote.service.DriverCommandExecutor.execute(DriverCommandExecutor.java:174)
at org.openqa.selenium.remote.RemoteWebDriver.execute(RemoteWebDriver.java:545)
at org.openqa.selenium.remote.ElementLocation$ElementFinder$2.findElement(ElementLocation.java:165)
at org.openqa.selenium.remote.ElementLocation.findElement(ElementLocation.java:66)
at org.openqa.selenium.remote.RemoteWebDriver.findElement(RemoteWebDriver.java:368)
at org.openqa.selenium.remote.RemoteWebDriver.findElement(RemoteWebDriver.java:362)
at com.MyTestingCo.pages.LoginPage.enterUsername(LoginPage.java:23)
at com.MyTestingCo.pages.LoginPage.login(LoginPage.java:40)
at com.MyTestingCo.tests.cart.AddValidProductToCartTest.testAddValidProductToCart(AddValidProductToCartTest.java:28)
at java.base/jdk.internal.reflect.DirectMethodHandleAccessor.invoke(DirectMethodHandleAccessor.java:103)
at java.base/java.lang.reflect.Method.invoke(Method.java:580)
at org.testng.internal.invokers.MethodInvocationHelper.invokeMethod(MethodInvocationHelper.java:141)
at org.testng.internal.invokers.TestInvoker.invokeMethod(TestInvoker.java:686)
at org.testng.internal.invokers.TestInvoker.invokeTestMethod(TestInvoker.java:230)
at org.testng.internal.invokers.MethodRunner.runInSequence(MethodRunner.java:63)
at org.testng.internal.invokers.TestInvoker$MethodInvocationAgent.invoke(TestInvoker.java:992)
at org.testng.internal.invokers.TestInvoker.invokeTestMethods(TestInvoker.java:203)
at org.testng.internal.invokers.TestMethodWorker.invokeTestMethods(TestMethodWorker.java:154)
at org.testng.internal.invokers.TestMethodWorker.run(TestMethodWorker.java:134)
at java.base/java.util.ArrayList.forEach(ArrayList.java:1597)
at org.testng.TestRunner.privateRun(TestRunner.java:739)
at org.testng.TestRunner.run(TestRunner.java:614)
at org.testng.SuiteRunner.runTest(SuiteRunner.java:421)
at org.testng.SuiteRunner.runSequentially(SuiteRunner.java:413)
at org.testng.SuiteRunner.privateRun(SuiteRunner.java:373)
at org.testng.SuiteRunner.run(SuiteRunner.java:312)
at org.testng.SuiteRunnerWorker.runSuite(SuiteRunnerWorker.java:52)
at org.testng.SuiteRunnerWorker.run(SuiteRunnerWorker.java:95)
at org.testng.TestNG.runSuitesSequentially(TestNG.java:1274)
at org.testng.TestNG.runSuitesLocally(TestNG.java:1208)
at org.testng.TestNG.runSuites(TestNG.java:1112)
at org.testng.TestNG.run(TestNG.java:1079)
at org.apache.maven.surefire.testng.TestNGExecutor.run(TestNGExecutor.java:308)
at org.apache.maven.surefire.testng.TestNGXmlTestSuite.execute(TestNGXmlTestSuite.java:71)
at org.apache.maven.surefire.testng.TestNGProvider.invoke(TestNGProvider.java:113)
at org.apache.maven.surefire.booter.ForkedBooter.runSuitesInProcess(ForkedBooter.java:385)
at org.apache.maven.surefire.booter.ForkedBooter.execute(ForkedBooter.java:162)
at org.apache.maven.surefire.booter.ForkedBooter.run(ForkedBooter.java:507)
at org.apache.maven.surefire.booter.ForkedBooter.main(ForkedBooter.java:495)
]]>
            </full-stacktrace>
          </exception> <!-- org.openqa.selenium.NoSuchElementException -->
          <reporter-output>
          </reporter-output>
        </test-method> <!-- testAddValidProductToCart -->
        <test-method is-config="true" signature="addScreenshotOnFailure(org.testng.ITestResult)[pri:0, instance:com.MyTestingCo.tests.cart.AddValidProductToCartTest@311bf055]" started-at="2024-09-30T02:48:27 EEST" name="addScreenshotOnFailure" finished-at="2024-09-30T02:48:27 EEST" duration-ms="108" status="PASS">
          <params>
            <param index="0">
              <value>
                <![CDATA[[TestResult name=testAddValidProductToCart status=FAILURE method=AddValidProductToCartTest.testAddValidProductToCart()[pri:0, instance:com.MyTestingCo.tests.cart.AddValidProductToCartTest@311bf055] output={null}]]]>
              </value>
            </param>
          </params>
          <reporter-output>
          </reporter-output>
        </test-method> <!-- addScreenshotOnFailure -->
        <test-method is-config="true" signature="addScreenshotOnSuccess(org.testng.ITestResult)[pri:0, instance:com.MyTestingCo.tests.cart.AddValidProductToCartTest@311bf055]" started-at="2024-09-30T02:48:27 EEST" name="addScreenshotOnSuccess" finished-at="2024-09-30T02:48:27 EEST" duration-ms="0" status="PASS">
          <params>
            <param index="0">
              <value>
                <![CDATA[[TestResult name=testAddValidProductToCart status=FAILURE method=AddValidProductToCartTest.testAddValidProductToCart()[pri:0, instance:com.MyTestingCo.tests.cart.AddValidProductToCartTest@311bf055] output={null}]]]>
              </value>
            </param>
          </params>
          <reporter-output>
          </reporter-output>
        </test-method> <!-- addScreenshotOnSuccess -->
        <test-method is-config="true" signature="tearDown()[pri:0, instance:com.MyTestingCo.tests.cart.AddValidProductToCartTest@311bf055]" started-at="2024-09-30T02:48:27 EEST" name="tearDown" finished-at="2024-09-30T02:48:28 EEST" duration-ms="555" status="PASS">
          <reporter-output>
          </reporter-output>
        </test-method> <!-- tearDown -->
      </class> <!-- com.MyTestingCo.tests.cart.AddValidProductToCartTest -->
      <class name="com.MyTestingCo.tests.cart.AddMultipleProductsToCartTest">
        <test-method is-config="true" signature="setUp(java.lang.String)[pri:0, instance:com.MyTestingCo.tests.cart.AddMultipleProductsToCartTest@7d322cad]" started-at="2024-09-30T02:48:48 EEST" name="setUp" finished-at="2024-09-30T02:48:50 EEST" duration-ms="1329" status="PASS">
          <params>
            <param index="0">
              <value>
                <![CDATA[chrome]]>
              </value>
            </param>
          </params>
          <reporter-output>
          </reporter-output>
        </test-method> <!-- setUp -->
        <test-method signature="testAddMultipleProductsToCart()[pri:0, instance:com.MyTestingCo.tests.cart.AddMultipleProductsToCartTest@7d322cad]" started-at="2024-09-30T02:48:50 EEST" name="testAddMultipleProductsToCart" description="Verify that a user can add multiple products to the cart after logging in." finished-at="2024-09-30T02:49:00 EEST" duration-ms="10066" status="FAIL">
          <exception class="org.openqa.selenium.NoSuchElementException">
            <message>
              <![CDATA[no such element: Unable to locate element: {"method":"css selector","selector":"#user\-name"}
  (Session info: chrome=129.0.6668.71)
For documentation on this error, please visit: https://www.selenium.dev/documentation/webdriver/troubleshooting/errors#no-such-element-exception
Build info: version: '4.24.0', revision: '748ffc9bc3'
System info: os.name: 'Windows 11', os.arch: 'amd64', os.version: '10.0', java.version: '22.0.1'
Driver info: org.openqa.selenium.chrome.ChromeDriver
Command: [23e28e426bba28ed9eb121e35a080e76, findElement {value=user-name, using=id}]
Capabilities {acceptInsecureCerts: false, browserName: chrome, browserVersion: 129.0.6668.71, chrome: {chromedriverVersion: 129.0.6668.70 (df87d5cf12b1..., userDataDir: C:\Users\ommmm\AppData\Loca...}, fedcm:accounts: true, goog:chromeOptions: {debuggerAddress: localhost:46511}, networkConnectionEnabled: false, pageLoadStrategy: normal, platformName: windows, proxy: Proxy(), se:cdp: ws://localhost:46511/devtoo..., se:cdpVersion: 129.0.6668.71, setWindowRect: true, strictFileInteractability: false, timeouts: {implicit: 0, pageLoad: 300000, script: 30000}, unhandledPromptBehavior: dismiss and notify, webauthn:extension:credBlob: true, webauthn:extension:largeBlob: true, webauthn:extension:minPinLength: true, webauthn:extension:prf: true, webauthn:virtualAuthenticators: true}
Session ID: 23e28e426bba28ed9eb121e35a080e76]]>
            </message>
            <full-stacktrace>
              <![CDATA[org.openqa.selenium.NoSuchElementException: no such element: Unable to locate element: {"method":"css selector","selector":"#user\-name"}
  (Session info: chrome=129.0.6668.71)
For documentation on this error, please visit: https://www.selenium.dev/documentation/webdriver/troubleshooting/errors#no-such-element-exception
Build info: version: '4.24.0', revision: '748ffc9bc3'
System info: os.name: 'Windows 11', os.arch: 'amd64', os.version: '10.0', java.version: '22.0.1'
Driver info: org.openqa.selenium.chrome.ChromeDriver
Command: [23e28e426bba28ed9eb121e35a080e76, findElement {value=user-name, using=id}]
Capabilities {acceptInsecureCerts: false, browserName: chrome, browserVersion: 129.0.6668.71, chrome: {chromedriverVersion: 129.0.6668.70 (df87d5cf12b1..., userDataDir: C:\Users\ommmm\AppData\Loca...}, fedcm:accounts: true, goog:chromeOptions: {debuggerAddress: localhost:46511}, networkConnectionEnabled: false, pageLoadStrategy: normal, platformName: windows, proxy: Proxy(), se:cdp: ws://localhost:46511/devtoo..., se:cdpVersion: 129.0.6668.71, setWindowRect: true, strictFileInteractability: false, timeouts: {implicit: 0, pageLoad: 300000, script: 30000}, unhandledPromptBehavior: dismiss and notify, webauthn:extension:credBlob: true, webauthn:extension:largeBlob: true, webauthn:extension:minPinLength: true, webauthn:extension:prf: true, webauthn:virtualAuthenticators: true}
Session ID: 23e28e426bba28ed9eb121e35a080e76
at java.base/jdk.internal.reflect.DirectConstructorHandleAccessor.newInstance(DirectConstructorHandleAccessor.java:62)
at java.base/java.lang.reflect.Constructor.newInstanceWithCaller(Constructor.java:502)
at java.base/java.lang.reflect.Constructor.newInstance(Constructor.java:486)
at org.openqa.selenium.remote.ErrorCodec.decode(ErrorCodec.java:167)
at org.openqa.selenium.remote.codec.w3c.W3CHttpResponseCodec.decode(W3CHttpResponseCodec.java:138)
at org.openqa.selenium.remote.codec.w3c.W3CHttpResponseCodec.decode(W3CHttpResponseCodec.java:50)
at org.openqa.selenium.remote.HttpCommandExecutor.execute(HttpCommandExecutor.java:190)
at org.openqa.selenium.remote.service.DriverCommandExecutor.invokeExecute(DriverCommandExecutor.java:216)
at org.openqa.selenium.remote.service.DriverCommandExecutor.execute(DriverCommandExecutor.java:174)
at org.openqa.selenium.remote.RemoteWebDriver.execute(RemoteWebDriver.java:545)
at org.openqa.selenium.remote.ElementLocation$ElementFinder$2.findElement(ElementLocation.java:165)
at org.openqa.selenium.remote.ElementLocation.findElement(ElementLocation.java:66)
at org.openqa.selenium.remote.RemoteWebDriver.findElement(RemoteWebDriver.java:368)
at org.openqa.selenium.remote.RemoteWebDriver.findElement(RemoteWebDriver.java:362)
at com.MyTestingCo.pages.LoginPage.enterUsername(LoginPage.java:23)
at com.MyTestingCo.pages.LoginPage.login(LoginPage.java:40)
at com.MyTestingCo.tests.cart.AddMultipleProductsToCartTest.testAddMultipleProductsToCart(AddMultipleProductsToCartTest.java:28)
at java.base/jdk.internal.reflect.DirectMethodHandleAccessor.invoke(DirectMethodHandleAccessor.java:103)
at java.base/java.lang.reflect.Method.invoke(Method.java:580)
at org.testng.internal.invokers.MethodInvocationHelper.invokeMethod(MethodInvocationHelper.java:141)
at org.testng.internal.invokers.TestInvoker.invokeMethod(TestInvoker.java:686)
at org.testng.internal.invokers.TestInvoker.invokeTestMethod(TestInvoker.java:230)
at org.testng.internal.invokers.MethodRunner.runInSequence(MethodRunner.java:63)
at org.testng.internal.invokers.TestInvoker$MethodInvocationAgent.invoke(TestInvoker.java:992)
at org.testng.internal.invokers.TestInvoker.invokeTestMethods(TestInvoker.java:203)
at org.testng.internal.invokers.TestMethodWorker.invokeTestMethods(TestMethodWorker.java:154)
at org.testng.internal.invokers.TestMethodWorker.run(TestMethodWorker.java:134)
at java.base/java.util.ArrayList.forEach(ArrayList.java:1597)
at org.testng.TestRunner.privateRun(TestRunner.java:739)
at org.testng.TestRunner.run(TestRunner.java:614)
at org.testng.SuiteRunner.runTest(SuiteRunner.java:421)
at org.testng.SuiteRunner.runSequentially(SuiteRunner.java:413)
at org.testng.SuiteRunner.privateRun(SuiteRunner.java:373)
at org.testng.SuiteRunner.run(SuiteRunner.java:312)
at org.testng.SuiteRunnerWorker.runSuite(SuiteRunnerWorker.java:52)
at org.testng.SuiteRunnerWorker.run(SuiteRunnerWorker.java:95)
at org.testng.TestNG.runSuitesSequentially(TestNG.java:1274)
at org.testng.TestNG.runSuitesLocally(TestNG.java:1208)
at org.testng.TestNG.runSuites(TestNG.java:1112)
at org.testng.TestNG.run(TestNG.java:1079)
at org.apache.maven.surefire.testng.TestNGExecutor.run(TestNGExecutor.java:308)
at org.apache.maven.surefire.testng.TestNGXmlTestSuite.execute(TestNGXmlTestSuite.java:71)
at org.apache.maven.surefire.testng.TestNGProvider.invoke(TestNGProvider.java:113)
at org.apache.maven.surefire.booter.ForkedBooter.runSuitesInProcess(ForkedBooter.java:385)
at org.apache.maven.surefire.booter.ForkedBooter.execute(ForkedBooter.java:162)
at org.apache.maven.surefire.booter.ForkedBooter.run(ForkedBooter.java:507)
at org.apache.maven.surefire.booter.ForkedBooter.main(ForkedBooter.java:495)
]]>
            </full-stacktrace>
          </exception> <!-- org.openqa.selenium.NoSuchElementException -->
          <reporter-output>
          </reporter-output>
        </test-method> <!-- testAddMultipleProductsToCart -->
        <test-method is-config="true" signature="addScreenshotOnFailure(org.testng.ITestResult)[pri:0, instance:com.MyTestingCo.tests.cart.AddMultipleProductsToCartTest@7d322cad]" started-at="2024-09-30T02:49:00 EEST" name="addScreenshotOnFailure" finished-at="2024-09-30T02:49:00 EEST" duration-ms="114" status="PASS">
          <params>
            <param index="0">
              <value>
                <![CDATA[[TestResult name=testAddMultipleProductsToCart status=FAILURE method=AddMultipleProductsToCartTest.testAddMultipleProductsToCart()[pri:0, instance:com.MyTestingCo.tests.cart.AddMultipleProductsToCartTest@7d322cad] output={null}]]]>
              </value>
            </param>
          </params>
          <reporter-output>
          </reporter-output>
        </test-method> <!-- addScreenshotOnFailure -->
        <test-method is-config="true" signature="addScreenshotOnSuccess(org.testng.ITestResult)[pri:0, instance:com.MyTestingCo.tests.cart.AddMultipleProductsToCartTest@7d322cad]" started-at="2024-09-30T02:49:00 EEST" name="addScreenshotOnSuccess" finished-at="2024-09-30T02:49:00 EEST" duration-ms="1" status="PASS">
          <params>
            <param index="0">
              <value>
                <![CDATA[[TestResult name=testAddMultipleProductsToCart status=FAILURE method=AddMultipleProductsToCartTest.testAddMultipleProductsToCart()[pri:0, instance:com.MyTestingCo.tests.cart.AddMultipleProductsToCartTest@7d322cad] output={null}]]]>
              </value>
            </param>
          </params>
          <reporter-output>
          </reporter-output>
        </test-method> <!-- addScreenshotOnSuccess -->
        <test-method is-config="true" signature="tearDown()[pri:0, instance:com.MyTestingCo.tests.cart.AddMultipleProductsToCartTest@7d322cad]" started-at="2024-09-30T02:49:00 EEST" name="tearDown" finished-at="2024-09-30T02:49:00 EEST" duration-ms="221" status="PASS">
          <reporter-output>
          </reporter-output>
        </test-method> <!-- tearDown -->
      </class> <!-- com.MyTestingCo.tests.cart.AddMultipleProductsToCartTest -->
      <class name="com.MyTestingCo.tests.cart.AddInvalidProductToCartTest">
        <test-method is-config="true" signature="setUp(java.lang.String)[pri:0, instance:com.MyTestingCo.tests.cart.AddInvalidProductToCartTest@642a7222]" started-at="2024-09-30T02:48:28 EEST" name="setUp" finished-at="2024-09-30T02:48:29 EEST" duration-ms="1070" status="PASS">
          <params>
            <param index="0">
              <value>
                <![CDATA[chrome]]>
              </value>
            </param>
          </params>
          <reporter-output>
          </reporter-output>
        </test-method> <!-- setUp -->
        <test-method signature="testAddInvalidProductToCart()[pri:0, instance:com.MyTestingCo.tests.cart.AddInvalidProductToCartTest@642a7222]" started-at="2024-09-30T02:48:29 EEST" name="testAddInvalidProductToCart" description="Verify that a user cannot add an invalid product to the cart." finished-at="2024-09-30T02:48:48 EEST" duration-ms="18729" status="FAIL">
          <exception class="org.openqa.selenium.NoSuchElementException">
            <message>
              <![CDATA[no such element: Unable to locate element: {"method":"xpath","selector":"//div[contains(@class, 'inventory_item') and contains(., 'Invalid Product')]"}
  (Session info: chrome=129.0.6668.71)
For documentation on this error, please visit: https://www.selenium.dev/documentation/webdriver/troubleshooting/errors#no-such-element-exception
Build info: version: '4.24.0', revision: '748ffc9bc3'
System info: os.name: 'Windows 11', os.arch: 'amd64', os.version: '10.0', java.version: '22.0.1'
Driver info: org.openqa.selenium.chrome.ChromeDriver
Command: [65266f7b0b1f09d3fb6063a27f42f373, findElement {value=//div[contains(@class, 'inventory_item') and contains(., 'Invalid Product')], using=xpath}]
Capabilities {acceptInsecureCerts: false, browserName: chrome, browserVersion: 129.0.6668.71, chrome: {chromedriverVersion: 129.0.6668.70 (df87d5cf12b1..., userDataDir: C:\Users\ommmm\AppData\Loca...}, fedcm:accounts: true, goog:chromeOptions: {debuggerAddress: localhost:46457}, networkConnectionEnabled: false, pageLoadStrategy: normal, platformName: windows, proxy: Proxy(), se:cdp: ws://localhost:46457/devtoo..., se:cdpVersion: 129.0.6668.71, setWindowRect: true, strictFileInteractability: false, timeouts: {implicit: 0, pageLoad: 300000, script: 30000}, unhandledPromptBehavior: dismiss and notify, webauthn:extension:credBlob: true, webauthn:extension:largeBlob: true, webauthn:extension:minPinLength: true, webauthn:extension:prf: true, webauthn:virtualAuthenticators: true}
Session ID: 65266f7b0b1f09d3fb6063a27f42f373]]>
            </message>
            <full-stacktrace>
              <![CDATA[org.openqa.selenium.NoSuchElementException: no such element: Unable to locate element: {"method":"xpath","selector":"//div[contains(@class, 'inventory_item') and contains(., 'Invalid Product')]"}
  (Session info: chrome=129.0.6668.71)
For documentation on this error, please visit: https://www.selenium.dev/documentation/webdriver/troubleshooting/errors#no-such-element-exception
Build info: version: '4.24.0', revision: '748ffc9bc3'
System info: os.name: 'Windows 11', os.arch: 'amd64', os.version: '10.0', java.version: '22.0.1'
Driver info: org.openqa.selenium.chrome.ChromeDriver
Command: [65266f7b0b1f09d3fb6063a27f42f373, findElement {value=//div[contains(@class, 'inventory_item') and contains(., 'Invalid Product')], using=xpath}]
Capabilities {acceptInsecureCerts: false, browserName: chrome, browserVersion: 129.0.6668.71, chrome: {chromedriverVersion: 129.0.6668.70 (df87d5cf12b1..., userDataDir: C:\Users\ommmm\AppData\Loca...}, fedcm:accounts: true, goog:chromeOptions: {debuggerAddress: localhost:46457}, networkConnectionEnabled: false, pageLoadStrategy: normal, platformName: windows, proxy: Proxy(), se:cdp: ws://localhost:46457/devtoo..., se:cdpVersion: 129.0.6668.71, setWindowRect: true, strictFileInteractability: false, timeouts: {implicit: 0, pageLoad: 300000, script: 30000}, unhandledPromptBehavior: dismiss and notify, webauthn:extension:credBlob: true, webauthn:extension:largeBlob: true, webauthn:extension:minPinLength: true, webauthn:extension:prf: true, webauthn:virtualAuthenticators: true}
Session ID: 65266f7b0b1f09d3fb6063a27f42f373
at java.base/jdk.internal.reflect.DirectConstructorHandleAccessor.newInstance(DirectConstructorHandleAccessor.java:62)
at java.base/java.lang.reflect.Constructor.newInstanceWithCaller(Constructor.java:502)
at java.base/java.lang.reflect.Constructor.newInstance(Constructor.java:486)
at org.openqa.selenium.remote.ErrorCodec.decode(ErrorCodec.java:167)
at org.openqa.selenium.remote.codec.w3c.W3CHttpResponseCodec.decode(W3CHttpResponseCodec.java:138)
at org.openqa.selenium.remote.codec.w3c.W3CHttpResponseCodec.decode(W3CHttpResponseCodec.java:50)
at org.openqa.selenium.remote.HttpCommandExecutor.execute(HttpCommandExecutor.java:190)
at org.openqa.selenium.remote.service.DriverCommandExecutor.invokeExecute(DriverCommandExecutor.java:216)
at org.openqa.selenium.remote.service.DriverCommandExecutor.execute(DriverCommandExecutor.java:174)
at org.openqa.selenium.remote.RemoteWebDriver.execute(RemoteWebDriver.java:545)
at org.openqa.selenium.remote.ElementLocation$ElementFinder$2.findElement(ElementLocation.java:165)
at org.openqa.selenium.remote.ElementLocation.findElement(ElementLocation.java:59)
at org.openqa.selenium.remote.RemoteWebDriver.findElement(RemoteWebDriver.java:368)
at org.openqa.selenium.remote.RemoteWebDriver.findElement(RemoteWebDriver.java:362)
at com.MyTestingCo.pages.ProductsPage.addProductToCart(ProductsPage.java:31)
at com.MyTestingCo.tests.cart.AddInvalidProductToCartTest.testAddInvalidProductToCart(AddInvalidProductToCartTest.java:29)
at java.base/jdk.internal.reflect.DirectMethodHandleAccessor.invoke(DirectMethodHandleAccessor.java:103)
at java.base/java.lang.reflect.Method.invoke(Method.java:580)
at org.testng.internal.invokers.MethodInvocationHelper.invokeMethod(MethodInvocationHelper.java:141)
at org.testng.internal.invokers.TestInvoker.invokeMethod(TestInvoker.java:686)
at org.testng.internal.invokers.TestInvoker.invokeTestMethod(TestInvoker.java:230)
at org.testng.internal.invokers.MethodRunner.runInSequence(MethodRunner.java:63)
at org.testng.internal.invokers.TestInvoker$MethodInvocationAgent.invoke(TestInvoker.java:992)
at org.testng.internal.invokers.TestInvoker.invokeTestMethods(TestInvoker.java:203)
at org.testng.internal.invokers.TestMethodWorker.invokeTestMethods(TestMethodWorker.java:154)
at org.testng.internal.invokers.TestMethodWorker.run(TestMethodWorker.java:134)
at java.base/java.util.ArrayList.forEach(ArrayList.java:1597)
at org.testng.TestRunner.privateRun(TestRunner.java:739)
at org.testng.TestRunner.run(TestRunner.java:614)
at org.testng.SuiteRunner.runTest(SuiteRunner.java:421)
at org.testng.SuiteRunner.runSequentially(SuiteRunner.java:413)
at org.testng.SuiteRunner.privateRun(SuiteRunner.java:373)
at org.testng.SuiteRunner.run(SuiteRunner.java:312)
at org.testng.SuiteRunnerWorker.runSuite(SuiteRunnerWorker.java:52)
at org.testng.SuiteRunnerWorker.run(SuiteRunnerWorker.java:95)
at org.testng.TestNG.runSuitesSequentially(TestNG.java:1274)
at org.testng.TestNG.runSuitesLocally(TestNG.java:1208)
at org.testng.TestNG.runSuites(TestNG.java:1112)
at org.testng.TestNG.run(TestNG.java:1079)
at org.apache.maven.surefire.testng.TestNGExecutor.run(TestNGExecutor.java:308)
at org.apache.maven.surefire.testng.TestNGXmlTestSuite.execute(TestNGXmlTestSuite.java:71)
at org.apache.maven.surefire.testng.TestNGProvider.invoke(TestNGProvider.java:113)
at org.apache.maven.surefire.booter.ForkedBooter.runSuitesInProcess(ForkedBooter.java:385)
at org.apache.maven.surefire.booter.ForkedBooter.execute(ForkedBooter.java:162)
at org.apache.maven.surefire.booter.ForkedBooter.run(ForkedBooter.java:507)
at org.apache.maven.surefire.booter.ForkedBooter.main(ForkedBooter.java:495)
]]>
            </full-stacktrace>
          </exception> <!-- org.openqa.selenium.NoSuchElementException -->
          <reporter-output>
          </reporter-output>
        </test-method> <!-- testAddInvalidProductToCart -->
        <test-method is-config="true" signature="addScreenshotOnFailure(org.testng.ITestResult)[pri:0, instance:com.MyTestingCo.tests.cart.AddInvalidProductToCartTest@642a7222]" started-at="2024-09-30T02:48:48 EEST" name="addScreenshotOnFailure" finished-at="2024-09-30T02:48:48 EEST" duration-ms="103" status="PASS">
          <params>
            <param index="0">
              <value>
                <![CDATA[[TestResult name=testAddInvalidProductToCart status=FAILURE method=AddInvalidProductToCartTest.testAddInvalidProductToCart()[pri:0, instance:com.MyTestingCo.tests.cart.AddInvalidProductToCartTest@642a7222] output={null}]]]>
              </value>
            </param>
          </params>
          <reporter-output>
          </reporter-output>
        </test-method> <!-- addScreenshotOnFailure -->
        <test-method is-config="true" signature="addScreenshotOnSuccess(org.testng.ITestResult)[pri:0, instance:com.MyTestingCo.tests.cart.AddInvalidProductToCartTest@642a7222]" started-at="2024-09-30T02:48:48 EEST" name="addScreenshotOnSuccess" finished-at="2024-09-30T02:48:48 EEST" duration-ms="1" status="PASS">
          <params>
            <param index="0">
              <value>
                <![CDATA[[TestResult name=testAddInvalidProductToCart status=FAILURE method=AddInvalidProductToCartTest.testAddInvalidProductToCart()[pri:0, instance:com.MyTestingCo.tests.cart.AddInvalidProductToCartTest@642a7222] output={null}]]]>
              </value>
            </param>
          </params>
          <reporter-output>
          </reporter-output>
        </test-method> <!-- addScreenshotOnSuccess -->
        <test-method is-config="true" signature="tearDown()[pri:0, instance:com.MyTestingCo.tests.cart.AddInvalidProductToCartTest@642a7222]" started-at="2024-09-30T02:48:48 EEST" name="tearDown" finished-at="2024-09-30T02:48:48 EEST" duration-ms="363" status="PASS">
          <reporter-output>
          </reporter-output>
        </test-method> <!-- tearDown -->
      </class> <!-- com.MyTestingCo.tests.cart.AddInvalidProductToCartTest -->
      <class name="com.MyTestingCo.tests.cart.AddProductWithEmptyFieldToCartTest">
        <test-method is-config="true" signature="setUp(java.lang.String)[pri:0, instance:com.MyTestingCo.tests.cart.AddProductWithEmptyFieldToCartTest@4f49f6af]" started-at="2024-09-30T02:49:11 EEST" name="setUp" finished-at="2024-09-30T02:49:12 EEST" duration-ms="933" status="PASS">
          <params>
            <param index="0">
              <value>
                <![CDATA[chrome]]>
              </value>
            </param>
          </params>
          <reporter-output>
          </reporter-output>
        </test-method> <!-- setUp -->
        <test-method signature="testAddProductWithEmptyFieldToCart()[pri:0, instance:com.MyTestingCo.tests.cart.AddProductWithEmptyFieldToCartTest@4f49f6af]" started-at="2024-09-30T02:49:12 EEST" name="testAddProductWithEmptyFieldToCart" description="Verify that a user cannot add a product with an empty field to the cart after logging in." finished-at="2024-09-30T02:49:22 EEST" duration-ms="10046" status="FAIL">
          <exception class="org.openqa.selenium.NoSuchElementException">
            <message>
              <![CDATA[no such element: Unable to locate element: {"method":"css selector","selector":"#user\-name"}
  (Session info: chrome=129.0.6668.71)
For documentation on this error, please visit: https://www.selenium.dev/documentation/webdriver/troubleshooting/errors#no-such-element-exception
Build info: version: '4.24.0', revision: '748ffc9bc3'
System info: os.name: 'Windows 11', os.arch: 'amd64', os.version: '10.0', java.version: '22.0.1'
Driver info: org.openqa.selenium.chrome.ChromeDriver
Command: [95dffeccae45554660f0000653f6d5dc, findElement {value=user-name, using=id}]
Capabilities {acceptInsecureCerts: false, browserName: chrome, browserVersion: 129.0.6668.71, chrome: {chromedriverVersion: 129.0.6668.70 (df87d5cf12b1..., userDataDir: C:\Users\ommmm\AppData\Loca...}, fedcm:accounts: true, goog:chromeOptions: {debuggerAddress: localhost:46559}, networkConnectionEnabled: false, pageLoadStrategy: normal, platformName: windows, proxy: Proxy(), se:cdp: ws://localhost:46559/devtoo..., se:cdpVersion: 129.0.6668.71, setWindowRect: true, strictFileInteractability: false, timeouts: {implicit: 0, pageLoad: 300000, script: 30000}, unhandledPromptBehavior: dismiss and notify, webauthn:extension:credBlob: true, webauthn:extension:largeBlob: true, webauthn:extension:minPinLength: true, webauthn:extension:prf: true, webauthn:virtualAuthenticators: true}
Session ID: 95dffeccae45554660f0000653f6d5dc]]>
            </message>
            <full-stacktrace>
              <![CDATA[org.openqa.selenium.NoSuchElementException: no such element: Unable to locate element: {"method":"css selector","selector":"#user\-name"}
  (Session info: chrome=129.0.6668.71)
For documentation on this error, please visit: https://www.selenium.dev/documentation/webdriver/troubleshooting/errors#no-such-element-exception
Build info: version: '4.24.0', revision: '748ffc9bc3'
System info: os.name: 'Windows 11', os.arch: 'amd64', os.version: '10.0', java.version: '22.0.1'
Driver info: org.openqa.selenium.chrome.ChromeDriver
Command: [95dffeccae45554660f0000653f6d5dc, findElement {value=user-name, using=id}]
Capabilities {acceptInsecureCerts: false, browserName: chrome, browserVersion: 129.0.6668.71, chrome: {chromedriverVersion: 129.0.6668.70 (df87d5cf12b1..., userDataDir: C:\Users\ommmm\AppData\Loca...}, fedcm:accounts: true, goog:chromeOptions: {debuggerAddress: localhost:46559}, networkConnectionEnabled: false, pageLoadStrategy: normal, platformName: windows, proxy: Proxy(), se:cdp: ws://localhost:46559/devtoo..., se:cdpVersion: 129.0.6668.71, setWindowRect: true, strictFileInteractability: false, timeouts: {implicit: 0, pageLoad: 300000, script: 30000}, unhandledPromptBehavior: dismiss and notify, webauthn:extension:credBlob: true, webauthn:extension:largeBlob: true, webauthn:extension:minPinLength: true, webauthn:extension:prf: true, webauthn:virtualAuthenticators: true}
Session ID: 95dffeccae45554660f0000653f6d5dc
at java.base/jdk.internal.reflect.DirectConstructorHandleAccessor.newInstance(DirectConstructorHandleAccessor.java:62)
at java.base/java.lang.reflect.Constructor.newInstanceWithCaller(Constructor.java:502)
at java.base/java.lang.reflect.Constructor.newInstance(Constructor.java:486)
at org.openqa.selenium.remote.ErrorCodec.decode(ErrorCodec.java:167)
at org.openqa.selenium.remote.codec.w3c.W3CHttpResponseCodec.decode(W3CHttpResponseCodec.java:138)
at org.openqa.selenium.remote.codec.w3c.W3CHttpResponseCodec.decode(W3CHttpResponseCodec.java:50)
at org.openqa.selenium.remote.HttpCommandExecutor.execute(HttpCommandExecutor.java:190)
at org.openqa.selenium.remote.service.DriverCommandExecutor.invokeExecute(DriverCommandExecutor.java:216)
at org.openqa.selenium.remote.service.DriverCommandExecutor.execute(DriverCommandExecutor.java:174)
at org.openqa.selenium.remote.RemoteWebDriver.execute(RemoteWebDriver.java:545)
at org.openqa.selenium.remote.ElementLocation$ElementFinder$2.findElement(ElementLocation.java:165)
at org.openqa.selenium.remote.ElementLocation.findElement(ElementLocation.java:66)
at org.openqa.selenium.remote.RemoteWebDriver.findElement(RemoteWebDriver.java:368)
at org.openqa.selenium.remote.RemoteWebDriver.findElement(RemoteWebDriver.java:362)
at com.MyTestingCo.pages.LoginPage.enterUsername(LoginPage.java:23)
at com.MyTestingCo.pages.LoginPage.login(LoginPage.java:40)
at com.MyTestingCo.tests.cart.AddProductWithEmptyFieldToCartTest.testAddProductWithEmptyFieldToCart(AddProductWithEmptyFieldToCartTest.java:28)
at java.base/jdk.internal.reflect.DirectMethodHandleAccessor.invoke(DirectMethodHandleAccessor.java:103)
at java.base/java.lang.reflect.Method.invoke(Method.java:580)
at org.testng.internal.invokers.MethodInvocationHelper.invokeMethod(MethodInvocationHelper.java:141)
at org.testng.internal.invokers.TestInvoker.invokeMethod(TestInvoker.java:686)
at org.testng.internal.invokers.TestInvoker.invokeTestMethod(TestInvoker.java:230)
at org.testng.internal.invokers.MethodRunner.runInSequence(MethodRunner.java:63)
at org.testng.internal.invokers.TestInvoker$MethodInvocationAgent.invoke(TestInvoker.java:992)
at org.testng.internal.invokers.TestInvoker.invokeTestMethods(TestInvoker.java:203)
at org.testng.internal.invokers.TestMethodWorker.invokeTestMethods(TestMethodWorker.java:154)
at org.testng.internal.invokers.TestMethodWorker.run(TestMethodWorker.java:134)
at java.base/java.util.ArrayList.forEach(ArrayList.java:1597)
at org.testng.TestRunner.privateRun(TestRunner.java:739)
at org.testng.TestRunner.run(TestRunner.java:614)
at org.testng.SuiteRunner.runTest(SuiteRunner.java:421)
at org.testng.SuiteRunner.runSequentially(SuiteRunner.java:413)
at org.testng.SuiteRunner.privateRun(SuiteRunner.java:373)
at org.testng.SuiteRunner.run(SuiteRunner.java:312)
at org.testng.SuiteRunnerWorker.runSuite(SuiteRunnerWorker.java:52)
at org.testng.SuiteRunnerWorker.run(SuiteRunnerWorker.java:95)
at org.testng.TestNG.runSuitesSequentially(TestNG.java:1274)
at org.testng.TestNG.runSuitesLocally(TestNG.java:1208)
at org.testng.TestNG.runSuites(TestNG.java:1112)
at org.testng.TestNG.run(TestNG.java:1079)
at org.apache.maven.surefire.testng.TestNGExecutor.run(TestNGExecutor.java:308)
at org.apache.maven.surefire.testng.TestNGXmlTestSuite.execute(TestNGXmlTestSuite.java:71)
at org.apache.maven.surefire.testng.TestNGProvider.invoke(TestNGProvider.java:113)
at org.apache.maven.surefire.booter.ForkedBooter.runSuitesInProcess(ForkedBooter.java:385)
at org.apache.maven.surefire.booter.ForkedBooter.execute(ForkedBooter.java:162)
at org.apache.maven.surefire.booter.ForkedBooter.run(ForkedBooter.java:507)
at org.apache.maven.surefire.booter.ForkedBooter.main(ForkedBooter.java:495)
]]>
            </full-stacktrace>
          </exception> <!-- org.openqa.selenium.NoSuchElementException -->
          <reporter-output>
          </reporter-output>
        </test-method> <!-- testAddProductWithEmptyFieldToCart -->
        <test-method is-config="true" signature="addScreenshotOnFailure(org.testng.ITestResult)[pri:0, instance:com.MyTestingCo.tests.cart.AddProductWithEmptyFieldToCartTest@4f49f6af]" started-at="2024-09-30T02:49:22 EEST" name="addScreenshotOnFailure" finished-at="2024-09-30T02:49:23 EEST" duration-ms="119" status="PASS">
          <params>
            <param index="0">
              <value>
                <![CDATA[[TestResult name=testAddProductWithEmptyFieldToCart status=FAILURE method=AddProductWithEmptyFieldToCartTest.testAddProductWithEmptyFieldToCart()[pri:0, instance:com.MyTestingCo.tests.cart.AddProductWithEmptyFieldToCartTest@4f49f6af] output={null}]]]>
              </value>
            </param>
          </params>
          <reporter-output>
          </reporter-output>
        </test-method> <!-- addScreenshotOnFailure -->
        <test-method is-config="true" signature="addScreenshotOnSuccess(org.testng.ITestResult)[pri:0, instance:com.MyTestingCo.tests.cart.AddProductWithEmptyFieldToCartTest@4f49f6af]" started-at="2024-09-30T02:49:23 EEST" name="addScreenshotOnSuccess" finished-at="2024-09-30T02:49:23 EEST" duration-ms="0" status="PASS">
          <params>
            <param index="0">
              <value>
                <![CDATA[[TestResult name=testAddProductWithEmptyFieldToCart status=FAILURE method=AddProductWithEmptyFieldToCartTest.testAddProductWithEmptyFieldToCart()[pri:0, instance:com.MyTestingCo.tests.cart.AddProductWithEmptyFieldToCartTest@4f49f6af] output={null}]]]>
              </value>
            </param>
          </params>
          <reporter-output>
          </reporter-output>
        </test-method> <!-- addScreenshotOnSuccess -->
        <test-method is-config="true" signature="tearDown()[pri:0, instance:com.MyTestingCo.tests.cart.AddProductWithEmptyFieldToCartTest@4f49f6af]" started-at="2024-09-30T02:49:23 EEST" name="tearDown" finished-at="2024-09-30T02:49:23 EEST" duration-ms="297" status="PASS">
          <reporter-output>
          </reporter-output>
        </test-method> <!-- tearDown -->
      </class> <!-- com.MyTestingCo.tests.cart.AddProductWithEmptyFieldToCartTest -->
      <class name="com.MyTestingCo.tests.cart.AddProductWithSpecialCharsToCartTest">
        <test-method is-config="true" signature="setUp(java.lang.String)[pri:0, instance:com.MyTestingCo.tests.cart.AddProductWithSpecialCharsToCartTest@21be3395]" started-at="2024-09-30T02:49:00 EEST" name="setUp" finished-at="2024-09-30T02:49:01 EEST" duration-ms="940" status="PASS">
          <params>
            <param index="0">
              <value>
                <![CDATA[chrome]]>
              </value>
            </param>
          </params>
          <reporter-output>
          </reporter-output>
        </test-method> <!-- setUp -->
        <test-method signature="testAddProductWithSpecialCharsToCart()[pri:0, instance:com.MyTestingCo.tests.cart.AddProductWithSpecialCharsToCartTest@21be3395]" started-at="2024-09-30T02:49:01 EEST" name="testAddProductWithSpecialCharsToCart" description="Verify that a user can add a product with special characters to the cart after logging in." finished-at="2024-09-30T02:49:11 EEST" duration-ms="10068" status="FAIL">
          <exception class="org.openqa.selenium.NoSuchElementException">
            <message>
              <![CDATA[no such element: Unable to locate element: {"method":"css selector","selector":"#user\-name"}
  (Session info: chrome=129.0.6668.71)
For documentation on this error, please visit: https://www.selenium.dev/documentation/webdriver/troubleshooting/errors#no-such-element-exception
Build info: version: '4.24.0', revision: '748ffc9bc3'
System info: os.name: 'Windows 11', os.arch: 'amd64', os.version: '10.0', java.version: '22.0.1'
Driver info: org.openqa.selenium.chrome.ChromeDriver
Command: [bbcc584e9d53bfbf36b5ee641d9b7eb8, findElement {value=user-name, using=id}]
Capabilities {acceptInsecureCerts: false, browserName: chrome, browserVersion: 129.0.6668.71, chrome: {chromedriverVersion: 129.0.6668.70 (df87d5cf12b1..., userDataDir: C:\Users\ommmm\AppData\Loca...}, fedcm:accounts: true, goog:chromeOptions: {debuggerAddress: localhost:46534}, networkConnectionEnabled: false, pageLoadStrategy: normal, platformName: windows, proxy: Proxy(), se:cdp: ws://localhost:46534/devtoo..., se:cdpVersion: 129.0.6668.71, setWindowRect: true, strictFileInteractability: false, timeouts: {implicit: 0, pageLoad: 300000, script: 30000}, unhandledPromptBehavior: dismiss and notify, webauthn:extension:credBlob: true, webauthn:extension:largeBlob: true, webauthn:extension:minPinLength: true, webauthn:extension:prf: true, webauthn:virtualAuthenticators: true}
Session ID: bbcc584e9d53bfbf36b5ee641d9b7eb8]]>
            </message>
            <full-stacktrace>
              <![CDATA[org.openqa.selenium.NoSuchElementException: no such element: Unable to locate element: {"method":"css selector","selector":"#user\-name"}
  (Session info: chrome=129.0.6668.71)
For documentation on this error, please visit: https://www.selenium.dev/documentation/webdriver/troubleshooting/errors#no-such-element-exception
Build info: version: '4.24.0', revision: '748ffc9bc3'
System info: os.name: 'Windows 11', os.arch: 'amd64', os.version: '10.0', java.version: '22.0.1'
Driver info: org.openqa.selenium.chrome.ChromeDriver
Command: [bbcc584e9d53bfbf36b5ee641d9b7eb8, findElement {value=user-name, using=id}]
Capabilities {acceptInsecureCerts: false, browserName: chrome, browserVersion: 129.0.6668.71, chrome: {chromedriverVersion: 129.0.6668.70 (df87d5cf12b1..., userDataDir: C:\Users\ommmm\AppData\Loca...}, fedcm:accounts: true, goog:chromeOptions: {debuggerAddress: localhost:46534}, networkConnectionEnabled: false, pageLoadStrategy: normal, platformName: windows, proxy: Proxy(), se:cdp: ws://localhost:46534/devtoo..., se:cdpVersion: 129.0.6668.71, setWindowRect: true, strictFileInteractability: false, timeouts: {implicit: 0, pageLoad: 300000, script: 30000}, unhandledPromptBehavior: dismiss and notify, webauthn:extension:credBlob: true, webauthn:extension:largeBlob: true, webauthn:extension:minPinLength: true, webauthn:extension:prf: true, webauthn:virtualAuthenticators: true}
Session ID: bbcc584e9d53bfbf36b5ee641d9b7eb8
at java.base/jdk.internal.reflect.DirectConstructorHandleAccessor.newInstance(DirectConstructorHandleAccessor.java:62)
at java.base/java.lang.reflect.Constructor.newInstanceWithCaller(Constructor.java:502)
at java.base/java.lang.reflect.Constructor.newInstance(Constructor.java:486)
at org.openqa.selenium.remote.ErrorCodec.decode(ErrorCodec.java:167)
at org.openqa.selenium.remote.codec.w3c.W3CHttpResponseCodec.decode(W3CHttpResponseCodec.java:138)
at org.openqa.selenium.remote.codec.w3c.W3CHttpResponseCodec.decode(W3CHttpResponseCodec.java:50)
at org.openqa.selenium.remote.HttpCommandExecutor.execute(HttpCommandExecutor.java:190)
at org.openqa.selenium.remote.service.DriverCommandExecutor.invokeExecute(DriverCommandExecutor.java:216)
at org.openqa.selenium.remote.service.DriverCommandExecutor.execute(DriverCommandExecutor.java:174)
at org.openqa.selenium.remote.RemoteWebDriver.execute(RemoteWebDriver.java:545)
at org.openqa.selenium.remote.ElementLocation$ElementFinder$2.findElement(ElementLocation.java:165)
at org.openqa.selenium.remote.ElementLocation.findElement(ElementLocation.java:66)
at org.openqa.selenium.remote.RemoteWebDriver.findElement(RemoteWebDriver.java:368)
at org.openqa.selenium.remote.RemoteWebDriver.findElement(RemoteWebDriver.java:362)
at com.MyTestingCo.pages.LoginPage.enterUsername(LoginPage.java:23)
at com.MyTestingCo.pages.LoginPage.login(LoginPage.java:40)
at com.MyTestingCo.tests.cart.AddProductWithSpecialCharsToCartTest.testAddProductWithSpecialCharsToCart(AddProductWithSpecialCharsToCartTest.java:28)
at java.base/jdk.internal.reflect.DirectMethodHandleAccessor.invoke(DirectMethodHandleAccessor.java:103)
at java.base/java.lang.reflect.Method.invoke(Method.java:580)
at org.testng.internal.invokers.MethodInvocationHelper.invokeMethod(MethodInvocationHelper.java:141)
at org.testng.internal.invokers.TestInvoker.invokeMethod(TestInvoker.java:686)
at org.testng.internal.invokers.TestInvoker.invokeTestMethod(TestInvoker.java:230)
at org.testng.internal.invokers.MethodRunner.runInSequence(MethodRunner.java:63)
at org.testng.internal.invokers.TestInvoker$MethodInvocationAgent.invoke(TestInvoker.java:992)
at org.testng.internal.invokers.TestInvoker.invokeTestMethods(TestInvoker.java:203)
at org.testng.internal.invokers.TestMethodWorker.invokeTestMethods(TestMethodWorker.java:154)
at org.testng.internal.invokers.TestMethodWorker.run(TestMethodWorker.java:134)
at java.base/java.util.ArrayList.forEach(ArrayList.java:1597)
at org.testng.TestRunner.privateRun(TestRunner.java:739)
at org.testng.TestRunner.run(TestRunner.java:614)
at org.testng.SuiteRunner.runTest(SuiteRunner.java:421)
at org.testng.SuiteRunner.runSequentially(SuiteRunner.java:413)
at org.testng.SuiteRunner.privateRun(SuiteRunner.java:373)
at org.testng.SuiteRunner.run(SuiteRunner.java:312)
at org.testng.SuiteRunnerWorker.runSuite(SuiteRunnerWorker.java:52)
at org.testng.SuiteRunnerWorker.run(SuiteRunnerWorker.java:95)
at org.testng.TestNG.runSuitesSequentially(TestNG.java:1274)
at org.testng.TestNG.runSuitesLocally(TestNG.java:1208)
at org.testng.TestNG.runSuites(TestNG.java:1112)
at org.testng.TestNG.run(TestNG.java:1079)
at org.apache.maven.surefire.testng.TestNGExecutor.run(TestNGExecutor.java:308)
at org.apache.maven.surefire.testng.TestNGXmlTestSuite.execute(TestNGXmlTestSuite.java:71)
at org.apache.maven.surefire.testng.TestNGProvider.invoke(TestNGProvider.java:113)
at org.apache.maven.surefire.booter.ForkedBooter.runSuitesInProcess(ForkedBooter.java:385)
at org.apache.maven.surefire.booter.ForkedBooter.execute(ForkedBooter.java:162)
at org.apache.maven.surefire.booter.ForkedBooter.run(ForkedBooter.java:507)
at org.apache.maven.surefire.booter.ForkedBooter.main(ForkedBooter.java:495)
]]>
            </full-stacktrace>
          </exception> <!-- org.openqa.selenium.NoSuchElementException -->
          <reporter-output>
          </reporter-output>
        </test-method> <!-- testAddProductWithSpecialCharsToCart -->
        <test-method is-config="true" signature="addScreenshotOnFailure(org.testng.ITestResult)[pri:0, instance:com.MyTestingCo.tests.cart.AddProductWithSpecialCharsToCartTest@21be3395]" started-at="2024-09-30T02:49:11 EEST" name="addScreenshotOnFailure" finished-at="2024-09-30T02:49:11 EEST" duration-ms="109" status="PASS">
          <params>
            <param index="0">
              <value>
                <![CDATA[[TestResult name=testAddProductWithSpecialCharsToCart status=FAILURE method=AddProductWithSpecialCharsToCartTest.testAddProductWithSpecialCharsToCart()[pri:0, instance:com.MyTestingCo.tests.cart.AddProductWithSpecialCharsToCartTest@21be3395] output={null}]]]>
              </value>
            </param>
          </params>
          <reporter-output>
          </reporter-output>
        </test-method> <!-- addScreenshotOnFailure -->
        <test-method is-config="true" signature="addScreenshotOnSuccess(org.testng.ITestResult)[pri:0, instance:com.MyTestingCo.tests.cart.AddProductWithSpecialCharsToCartTest@21be3395]" started-at="2024-09-30T02:49:11 EEST" name="addScreenshotOnSuccess" finished-at="2024-09-30T02:49:11 EEST" duration-ms="1" status="PASS">
          <params>
            <param index="0">
              <value>
                <![CDATA[[TestResult name=testAddProductWithSpecialCharsToCart status=FAILURE method=AddProductWithSpecialCharsToCartTest.testAddProductWithSpecialCharsToCart()[pri:0, instance:com.MyTestingCo.tests.cart.AddProductWithSpecialCharsToCartTest@21be3395] output={null}]]]>
              </value>
            </param>
          </params>
          <reporter-output>
          </reporter-output>
        </test-method> <!-- addScreenshotOnSuccess -->
        <test-method is-config="true" signature="tearDown()[pri:0, instance:com.MyTestingCo.tests.cart.AddProductWithSpecialCharsToCartTest@21be3395]" started-at="2024-09-30T02:49:11 EEST" name="tearDown" finished-at="2024-09-30T02:49:11 EEST" duration-ms="264" status="PASS">
          <reporter-output>
          </reporter-output>
        </test-method> <!-- tearDown -->
      </class> <!-- com.MyTestingCo.tests.cart.AddProductWithSpecialCharsToCartTest -->
    </test> <!-- Add to Cart Functionality Tests -->
    <test started-at="2024-09-30T02:49:23 EEST" name="Checkout Functionality Tests" finished-at="2024-09-30T02:50:38 EEST" duration-ms="75379">
      <class name="com.MyTestingCo.tests.checkout.InvalidCheckoutTest">
        <test-method is-config="true" signature="setUp(java.lang.String)[pri:0, instance:com.MyTestingCo.tests.checkout.InvalidCheckoutTest@20bd8be5]" started-at="2024-09-30T02:49:38 EEST" name="setUp" finished-at="2024-09-30T02:49:39 EEST" duration-ms="1031" status="PASS">
          <params>
            <param index="0">
              <value>
                <![CDATA[chrome]]>
              </value>
            </param>
          </params>
          <reporter-output>
          </reporter-output>
        </test-method> <!-- setUp -->
        <test-method signature="testInvalidCheckout()[pri:0, instance:com.MyTestingCo.tests.checkout.InvalidCheckoutTest@20bd8be5]" started-at="2024-09-30T02:49:39 EEST" name="testInvalidCheckout" description="Verify that a user cannot checkout with invalid information." finished-at="2024-09-30T02:49:53 EEST" duration-ms="13350" status="FAIL">
          <exception class="org.openqa.selenium.NoSuchElementException">
            <message>
              <![CDATA[no such element: Unable to locate element: {"method":"xpath","selector":"//div[contains(@class, 'inventory_item') and contains(., 'Invalid Product')]"}
  (Session info: chrome=129.0.6668.71)
For documentation on this error, please visit: https://www.selenium.dev/documentation/webdriver/troubleshooting/errors#no-such-element-exception
Build info: version: '4.24.0', revision: '748ffc9bc3'
System info: os.name: 'Windows 11', os.arch: 'amd64', os.version: '10.0', java.version: '22.0.1'
Driver info: org.openqa.selenium.chrome.ChromeDriver
Command: [f74dabf7a11d5349ddeb332857d0cbf4, findElement {value=//div[contains(@class, 'inventory_item') and contains(., 'Invalid Product')], using=xpath}]
Capabilities {acceptInsecureCerts: false, browserName: chrome, browserVersion: 129.0.6668.71, chrome: {chromedriverVersion: 129.0.6668.70 (df87d5cf12b1..., userDataDir: C:\Users\ommmm\AppData\Loca...}, fedcm:accounts: true, goog:chromeOptions: {debuggerAddress: localhost:46626}, networkConnectionEnabled: false, pageLoadStrategy: normal, platformName: windows, proxy: Proxy(), se:cdp: ws://localhost:46626/devtoo..., se:cdpVersion: 129.0.6668.71, setWindowRect: true, strictFileInteractability: false, timeouts: {implicit: 0, pageLoad: 300000, script: 30000}, unhandledPromptBehavior: dismiss and notify, webauthn:extension:credBlob: true, webauthn:extension:largeBlob: true, webauthn:extension:minPinLength: true, webauthn:extension:prf: true, webauthn:virtualAuthenticators: true}
Session ID: f74dabf7a11d5349ddeb332857d0cbf4]]>
            </message>
            <full-stacktrace>
              <![CDATA[org.openqa.selenium.NoSuchElementException: no such element: Unable to locate element: {"method":"xpath","selector":"//div[contains(@class, 'inventory_item') and contains(., 'Invalid Product')]"}
  (Session info: chrome=129.0.6668.71)
For documentation on this error, please visit: https://www.selenium.dev/documentation/webdriver/troubleshooting/errors#no-such-element-exception
Build info: version: '4.24.0', revision: '748ffc9bc3'
System info: os.name: 'Windows 11', os.arch: 'amd64', os.version: '10.0', java.version: '22.0.1'
Driver info: org.openqa.selenium.chrome.ChromeDriver
Command: [f74dabf7a11d5349ddeb332857d0cbf4, findElement {value=//div[contains(@class, 'inventory_item') and contains(., 'Invalid Product')], using=xpath}]
Capabilities {acceptInsecureCerts: false, browserName: chrome, browserVersion: 129.0.6668.71, chrome: {chromedriverVersion: 129.0.6668.70 (df87d5cf12b1..., userDataDir: C:\Users\ommmm\AppData\Loca...}, fedcm:accounts: true, goog:chromeOptions: {debuggerAddress: localhost:46626}, networkConnectionEnabled: false, pageLoadStrategy: normal, platformName: windows, proxy: Proxy(), se:cdp: ws://localhost:46626/devtoo..., se:cdpVersion: 129.0.6668.71, setWindowRect: true, strictFileInteractability: false, timeouts: {implicit: 0, pageLoad: 300000, script: 30000}, unhandledPromptBehavior: dismiss and notify, webauthn:extension:credBlob: true, webauthn:extension:largeBlob: true, webauthn:extension:minPinLength: true, webauthn:extension:prf: true, webauthn:virtualAuthenticators: true}
Session ID: f74dabf7a11d5349ddeb332857d0cbf4
at java.base/jdk.internal.reflect.DirectConstructorHandleAccessor.newInstance(DirectConstructorHandleAccessor.java:62)
at java.base/java.lang.reflect.Constructor.newInstanceWithCaller(Constructor.java:502)
at java.base/java.lang.reflect.Constructor.newInstance(Constructor.java:486)
at org.openqa.selenium.remote.ErrorCodec.decode(ErrorCodec.java:167)
at org.openqa.selenium.remote.codec.w3c.W3CHttpResponseCodec.decode(W3CHttpResponseCodec.java:138)
at org.openqa.selenium.remote.codec.w3c.W3CHttpResponseCodec.decode(W3CHttpResponseCodec.java:50)
at org.openqa.selenium.remote.HttpCommandExecutor.execute(HttpCommandExecutor.java:190)
at org.openqa.selenium.remote.service.DriverCommandExecutor.invokeExecute(DriverCommandExecutor.java:216)
at org.openqa.selenium.remote.service.DriverCommandExecutor.execute(DriverCommandExecutor.java:174)
at org.openqa.selenium.remote.RemoteWebDriver.execute(RemoteWebDriver.java:545)
at org.openqa.selenium.remote.ElementLocation$ElementFinder$2.findElement(ElementLocation.java:165)
at org.openqa.selenium.remote.ElementLocation.findElement(ElementLocation.java:59)
at org.openqa.selenium.remote.RemoteWebDriver.findElement(RemoteWebDriver.java:368)
at org.openqa.selenium.remote.RemoteWebDriver.findElement(RemoteWebDriver.java:362)
at com.MyTestingCo.pages.ProductsPage.addProductToCart(ProductsPage.java:31)
at com.MyTestingCo.tests.checkout.InvalidCheckoutTest.testInvalidCheckout(InvalidCheckoutTest.java:35)
at java.base/jdk.internal.reflect.DirectMethodHandleAccessor.invoke(DirectMethodHandleAccessor.java:103)
at java.base/java.lang.reflect.Method.invoke(Method.java:580)
at org.testng.internal.invokers.MethodInvocationHelper.invokeMethod(MethodInvocationHelper.java:141)
at org.testng.internal.invokers.TestInvoker.invokeMethod(TestInvoker.java:686)
at org.testng.internal.invokers.TestInvoker.invokeTestMethod(TestInvoker.java:230)
at org.testng.internal.invokers.MethodRunner.runInSequence(MethodRunner.java:63)
at org.testng.internal.invokers.TestInvoker$MethodInvocationAgent.invoke(TestInvoker.java:992)
at org.testng.internal.invokers.TestInvoker.invokeTestMethods(TestInvoker.java:203)
at org.testng.internal.invokers.TestMethodWorker.invokeTestMethods(TestMethodWorker.java:154)
at org.testng.internal.invokers.TestMethodWorker.run(TestMethodWorker.java:134)
at java.base/java.util.ArrayList.forEach(ArrayList.java:1597)
at org.testng.TestRunner.privateRun(TestRunner.java:739)
at org.testng.TestRunner.run(TestRunner.java:614)
at org.testng.SuiteRunner.runTest(SuiteRunner.java:421)
at org.testng.SuiteRunner.runSequentially(SuiteRunner.java:413)
at org.testng.SuiteRunner.privateRun(SuiteRunner.java:373)
at org.testng.SuiteRunner.run(SuiteRunner.java:312)
at org.testng.SuiteRunnerWorker.runSuite(SuiteRunnerWorker.java:52)
at org.testng.SuiteRunnerWorker.run(SuiteRunnerWorker.java:95)
at org.testng.TestNG.runSuitesSequentially(TestNG.java:1274)
at org.testng.TestNG.runSuitesLocally(TestNG.java:1208)
at org.testng.TestNG.runSuites(TestNG.java:1112)
at org.testng.TestNG.run(TestNG.java:1079)
at org.apache.maven.surefire.testng.TestNGExecutor.run(TestNGExecutor.java:308)
at org.apache.maven.surefire.testng.TestNGXmlTestSuite.execute(TestNGXmlTestSuite.java:71)
at org.apache.maven.surefire.testng.TestNGProvider.invoke(TestNGProvider.java:113)
at org.apache.maven.surefire.booter.ForkedBooter.runSuitesInProcess(ForkedBooter.java:385)
at org.apache.maven.surefire.booter.ForkedBooter.execute(ForkedBooter.java:162)
at org.apache.maven.surefire.booter.ForkedBooter.run(ForkedBooter.java:507)
at org.apache.maven.surefire.booter.ForkedBooter.main(ForkedBooter.java:495)
]]>
            </full-stacktrace>
          </exception> <!-- org.openqa.selenium.NoSuchElementException -->
          <reporter-output>
          </reporter-output>
        </test-method> <!-- testInvalidCheckout -->
        <test-method is-config="true" signature="addScreenshotOnFailure(org.testng.ITestResult)[pri:0, instance:com.MyTestingCo.tests.checkout.InvalidCheckoutTest@20bd8be5]" started-at="2024-09-30T02:49:53 EEST" name="addScreenshotOnFailure" finished-at="2024-09-30T02:49:53 EEST" duration-ms="171" status="PASS">
          <params>
            <param index="0">
              <value>
                <![CDATA[[TestResult name=testInvalidCheckout status=FAILURE method=InvalidCheckoutTest.testInvalidCheckout()[pri:0, instance:com.MyTestingCo.tests.checkout.InvalidCheckoutTest@20bd8be5] output={null}]]]>
              </value>
            </param>
          </params>
          <reporter-output>
          </reporter-output>
        </test-method> <!-- addScreenshotOnFailure -->
        <test-method is-config="true" signature="addScreenshotOnSuccess(org.testng.ITestResult)[pri:0, instance:com.MyTestingCo.tests.checkout.InvalidCheckoutTest@20bd8be5]" started-at="2024-09-30T02:49:53 EEST" name="addScreenshotOnSuccess" finished-at="2024-09-30T02:49:53 EEST" duration-ms="0" status="PASS">
          <params>
            <param index="0">
              <value>
                <![CDATA[[TestResult name=testInvalidCheckout status=FAILURE method=InvalidCheckoutTest.testInvalidCheckout()[pri:0, instance:com.MyTestingCo.tests.checkout.InvalidCheckoutTest@20bd8be5] output={null}]]]>
              </value>
            </param>
          </params>
          <reporter-output>
          </reporter-output>
        </test-method> <!-- addScreenshotOnSuccess -->
        <test-method is-config="true" signature="tearDown()[pri:0, instance:com.MyTestingCo.tests.checkout.InvalidCheckoutTest@20bd8be5]" started-at="2024-09-30T02:49:53 EEST" name="tearDown" finished-at="2024-09-30T02:49:53 EEST" duration-ms="307" status="PASS">
          <reporter-output>
          </reporter-output>
        </test-method> <!-- tearDown -->
      </class> <!-- com.MyTestingCo.tests.checkout.InvalidCheckoutTest -->
      <class name="com.MyTestingCo.tests.checkout.CheckoutWithSpecialCharsTest">
        <test-method is-config="true" signature="setUp(java.lang.String)[pri:0, instance:com.MyTestingCo.tests.checkout.CheckoutWithSpecialCharsTest@24959ca4]" started-at="2024-09-30T02:50:09 EEST" name="setUp" finished-at="2024-09-30T02:50:10 EEST" duration-ms="1069" status="PASS">
          <params>
            <param index="0">
              <value>
                <![CDATA[chrome]]>
              </value>
            </param>
          </params>
          <reporter-output>
          </reporter-output>
        </test-method> <!-- setUp -->
        <test-method signature="testCheckoutWithSpecialChars()[pri:0, instance:com.MyTestingCo.tests.checkout.CheckoutWithSpecialCharsTest@24959ca4]" started-at="2024-09-30T02:50:10 EEST" name="testCheckoutWithSpecialChars" description="Verify that a user can checkout with special characters." finished-at="2024-09-30T02:50:23 EEST" duration-ms="13226" status="FAIL">
          <exception class="org.openqa.selenium.NoSuchElementException">
            <message>
              <![CDATA[no such element: Unable to locate element: {"method":"xpath","selector":"//div[contains(@class, 'inventory_item') and contains(., 'Sauce Labs Onesie!')]"}
  (Session info: chrome=129.0.6668.71)
For documentation on this error, please visit: https://www.selenium.dev/documentation/webdriver/troubleshooting/errors#no-such-element-exception
Build info: version: '4.24.0', revision: '748ffc9bc3'
System info: os.name: 'Windows 11', os.arch: 'amd64', os.version: '10.0', java.version: '22.0.1'
Driver info: org.openqa.selenium.chrome.ChromeDriver
Command: [fa84e7e803bda1367e70246f394973a9, findElement {value=//div[contains(@class, 'inventory_item') and contains(., 'Sauce Labs Onesie!')], using=xpath}]
Capabilities {acceptInsecureCerts: false, browserName: chrome, browserVersion: 129.0.6668.71, chrome: {chromedriverVersion: 129.0.6668.70 (df87d5cf12b1..., userDataDir: C:\Users\ommmm\AppData\Loca...}, fedcm:accounts: true, goog:chromeOptions: {debuggerAddress: localhost:46718}, networkConnectionEnabled: false, pageLoadStrategy: normal, platformName: windows, proxy: Proxy(), se:cdp: ws://localhost:46718/devtoo..., se:cdpVersion: 129.0.6668.71, setWindowRect: true, strictFileInteractability: false, timeouts: {implicit: 0, pageLoad: 300000, script: 30000}, unhandledPromptBehavior: dismiss and notify, webauthn:extension:credBlob: true, webauthn:extension:largeBlob: true, webauthn:extension:minPinLength: true, webauthn:extension:prf: true, webauthn:virtualAuthenticators: true}
Session ID: fa84e7e803bda1367e70246f394973a9]]>
            </message>
            <full-stacktrace>
              <![CDATA[org.openqa.selenium.NoSuchElementException: no such element: Unable to locate element: {"method":"xpath","selector":"//div[contains(@class, 'inventory_item') and contains(., 'Sauce Labs Onesie!')]"}
  (Session info: chrome=129.0.6668.71)
For documentation on this error, please visit: https://www.selenium.dev/documentation/webdriver/troubleshooting/errors#no-such-element-exception
Build info: version: '4.24.0', revision: '748ffc9bc3'
System info: os.name: 'Windows 11', os.arch: 'amd64', os.version: '10.0', java.version: '22.0.1'
Driver info: org.openqa.selenium.chrome.ChromeDriver
Command: [fa84e7e803bda1367e70246f394973a9, findElement {value=//div[contains(@class, 'inventory_item') and contains(., 'Sauce Labs Onesie!')], using=xpath}]
Capabilities {acceptInsecureCerts: false, browserName: chrome, browserVersion: 129.0.6668.71, chrome: {chromedriverVersion: 129.0.6668.70 (df87d5cf12b1..., userDataDir: C:\Users\ommmm\AppData\Loca...}, fedcm:accounts: true, goog:chromeOptions: {debuggerAddress: localhost:46718}, networkConnectionEnabled: false, pageLoadStrategy: normal, platformName: windows, proxy: Proxy(), se:cdp: ws://localhost:46718/devtoo..., se:cdpVersion: 129.0.6668.71, setWindowRect: true, strictFileInteractability: false, timeouts: {implicit: 0, pageLoad: 300000, script: 30000}, unhandledPromptBehavior: dismiss and notify, webauthn:extension:credBlob: true, webauthn:extension:largeBlob: true, webauthn:extension:minPinLength: true, webauthn:extension:prf: true, webauthn:virtualAuthenticators: true}
Session ID: fa84e7e803bda1367e70246f394973a9
at java.base/jdk.internal.reflect.DirectConstructorHandleAccessor.newInstance(DirectConstructorHandleAccessor.java:62)
at java.base/java.lang.reflect.Constructor.newInstanceWithCaller(Constructor.java:502)
at java.base/java.lang.reflect.Constructor.newInstance(Constructor.java:486)
at org.openqa.selenium.remote.ErrorCodec.decode(ErrorCodec.java:167)
at org.openqa.selenium.remote.codec.w3c.W3CHttpResponseCodec.decode(W3CHttpResponseCodec.java:138)
at org.openqa.selenium.remote.codec.w3c.W3CHttpResponseCodec.decode(W3CHttpResponseCodec.java:50)
at org.openqa.selenium.remote.HttpCommandExecutor.execute(HttpCommandExecutor.java:190)
at org.openqa.selenium.remote.service.DriverCommandExecutor.invokeExecute(DriverCommandExecutor.java:216)
at org.openqa.selenium.remote.service.DriverCommandExecutor.execute(DriverCommandExecutor.java:174)
at org.openqa.selenium.remote.RemoteWebDriver.execute(RemoteWebDriver.java:545)
at org.openqa.selenium.remote.ElementLocation$ElementFinder$2.findElement(ElementLocation.java:165)
at org.openqa.selenium.remote.ElementLocation.findElement(ElementLocation.java:59)
at org.openqa.selenium.remote.RemoteWebDriver.findElement(RemoteWebDriver.java:368)
at org.openqa.selenium.remote.RemoteWebDriver.findElement(RemoteWebDriver.java:362)
at com.MyTestingCo.pages.ProductsPage.addProductToCart(ProductsPage.java:31)
at com.MyTestingCo.tests.checkout.CheckoutWithSpecialCharsTest.testCheckoutWithSpecialChars(CheckoutWithSpecialCharsTest.java:33)
at java.base/jdk.internal.reflect.DirectMethodHandleAccessor.invoke(DirectMethodHandleAccessor.java:103)
at java.base/java.lang.reflect.Method.invoke(Method.java:580)
at org.testng.internal.invokers.MethodInvocationHelper.invokeMethod(MethodInvocationHelper.java:141)
at org.testng.internal.invokers.TestInvoker.invokeMethod(TestInvoker.java:686)
at org.testng.internal.invokers.TestInvoker.invokeTestMethod(TestInvoker.java:230)
at org.testng.internal.invokers.MethodRunner.runInSequence(MethodRunner.java:63)
at org.testng.internal.invokers.TestInvoker$MethodInvocationAgent.invoke(TestInvoker.java:992)
at org.testng.internal.invokers.TestInvoker.invokeTestMethods(TestInvoker.java:203)
at org.testng.internal.invokers.TestMethodWorker.invokeTestMethods(TestMethodWorker.java:154)
at org.testng.internal.invokers.TestMethodWorker.run(TestMethodWorker.java:134)
at java.base/java.util.ArrayList.forEach(ArrayList.java:1597)
at org.testng.TestRunner.privateRun(TestRunner.java:739)
at org.testng.TestRunner.run(TestRunner.java:614)
at org.testng.SuiteRunner.runTest(SuiteRunner.java:421)
at org.testng.SuiteRunner.runSequentially(SuiteRunner.java:413)
at org.testng.SuiteRunner.privateRun(SuiteRunner.java:373)
at org.testng.SuiteRunner.run(SuiteRunner.java:312)
at org.testng.SuiteRunnerWorker.runSuite(SuiteRunnerWorker.java:52)
at org.testng.SuiteRunnerWorker.run(SuiteRunnerWorker.java:95)
at org.testng.TestNG.runSuitesSequentially(TestNG.java:1274)
at org.testng.TestNG.runSuitesLocally(TestNG.java:1208)
at org.testng.TestNG.runSuites(TestNG.java:1112)
at org.testng.TestNG.run(TestNG.java:1079)
at org.apache.maven.surefire.testng.TestNGExecutor.run(TestNGExecutor.java:308)
at org.apache.maven.surefire.testng.TestNGXmlTestSuite.execute(TestNGXmlTestSuite.java:71)
at org.apache.maven.surefire.testng.TestNGProvider.invoke(TestNGProvider.java:113)
at org.apache.maven.surefire.booter.ForkedBooter.runSuitesInProcess(ForkedBooter.java:385)
at org.apache.maven.surefire.booter.ForkedBooter.execute(ForkedBooter.java:162)
at org.apache.maven.surefire.booter.ForkedBooter.run(ForkedBooter.java:507)
at org.apache.maven.surefire.booter.ForkedBooter.main(ForkedBooter.java:495)
]]>
            </full-stacktrace>
          </exception> <!-- org.openqa.selenium.NoSuchElementException -->
          <reporter-output>
          </reporter-output>
        </test-method> <!-- testCheckoutWithSpecialChars -->
        <test-method is-config="true" signature="addScreenshotOnFailure(org.testng.ITestResult)[pri:0, instance:com.MyTestingCo.tests.checkout.CheckoutWithSpecialCharsTest@24959ca4]" started-at="2024-09-30T02:50:23 EEST" name="addScreenshotOnFailure" finished-at="2024-09-30T02:50:23 EEST" duration-ms="154" status="PASS">
          <params>
            <param index="0">
              <value>
                <![CDATA[[TestResult name=testCheckoutWithSpecialChars status=FAILURE method=CheckoutWithSpecialCharsTest.testCheckoutWithSpecialChars()[pri:0, instance:com.MyTestingCo.tests.checkout.CheckoutWithSpecialCharsTest@24959ca4] output={null}]]]>
              </value>
            </param>
          </params>
          <reporter-output>
          </reporter-output>
        </test-method> <!-- addScreenshotOnFailure -->
        <test-method is-config="true" signature="addScreenshotOnSuccess(org.testng.ITestResult)[pri:0, instance:com.MyTestingCo.tests.checkout.CheckoutWithSpecialCharsTest@24959ca4]" started-at="2024-09-30T02:50:23 EEST" name="addScreenshotOnSuccess" finished-at="2024-09-30T02:50:23 EEST" duration-ms="0" status="PASS">
          <params>
            <param index="0">
              <value>
                <![CDATA[[TestResult name=testCheckoutWithSpecialChars status=FAILURE method=CheckoutWithSpecialCharsTest.testCheckoutWithSpecialChars()[pri:0, instance:com.MyTestingCo.tests.checkout.CheckoutWithSpecialCharsTest@24959ca4] output={null}]]]>
              </value>
            </param>
          </params>
          <reporter-output>
          </reporter-output>
        </test-method> <!-- addScreenshotOnSuccess -->
        <test-method is-config="true" signature="tearDown()[pri:0, instance:com.MyTestingCo.tests.checkout.CheckoutWithSpecialCharsTest@24959ca4]" started-at="2024-09-30T02:50:23 EEST" name="tearDown" finished-at="2024-09-30T02:50:23 EEST" duration-ms="299" status="PASS">
          <reporter-output>
          </reporter-output>
        </test-method> <!-- tearDown -->
      </class> <!-- com.MyTestingCo.tests.checkout.CheckoutWithSpecialCharsTest -->
      <class name="com.MyTestingCo.tests.checkout.CheckoutWithEmptyFieldTest">
        <test-method is-config="true" signature="setUp(java.lang.String)[pri:0, instance:com.MyTestingCo.tests.checkout.CheckoutWithEmptyFieldTest@10289886]" started-at="2024-09-30T02:50:23 EEST" name="setUp" finished-at="2024-09-30T02:50:24 EEST" duration-ms="1007" status="PASS">
          <params>
            <param index="0">
              <value>
                <![CDATA[chrome]]>
              </value>
            </param>
          </params>
          <reporter-output>
          </reporter-output>
        </test-method> <!-- setUp -->
        <test-method signature="testCheckoutWithEmptyField()[pri:0, instance:com.MyTestingCo.tests.checkout.CheckoutWithEmptyFieldTest@10289886]" started-at="2024-09-30T02:50:24 EEST" name="testCheckoutWithEmptyField" description="Verify that a user cannot checkout with an empty field." finished-at="2024-09-30T02:50:38 EEST" duration-ms="13496" status="FAIL">
          <exception class="org.openqa.selenium.NoSuchElementException">
            <message>
              <![CDATA[no such element: Unable to locate element: {"method":"css selector","selector":"#checkout\-button"}
  (Session info: chrome=129.0.6668.71)
For documentation on this error, please visit: https://www.selenium.dev/documentation/webdriver/troubleshooting/errors#no-such-element-exception
Build info: version: '4.24.0', revision: '748ffc9bc3'
System info: os.name: 'Windows 11', os.arch: 'amd64', os.version: '10.0', java.version: '22.0.1'
Driver info: org.openqa.selenium.chrome.ChromeDriver
Command: [33cd553521f67d131843c6f4502a9543, findElement {value=checkout-button, using=id}]
Capabilities {acceptInsecureCerts: false, browserName: chrome, browserVersion: 129.0.6668.71, chrome: {chromedriverVersion: 129.0.6668.70 (df87d5cf12b1..., userDataDir: C:\Users\ommmm\AppData\Loca...}, fedcm:accounts: true, goog:chromeOptions: {debuggerAddress: localhost:46762}, networkConnectionEnabled: false, pageLoadStrategy: normal, platformName: windows, proxy: Proxy(), se:cdp: ws://localhost:46762/devtoo..., se:cdpVersion: 129.0.6668.71, setWindowRect: true, strictFileInteractability: false, timeouts: {implicit: 0, pageLoad: 300000, script: 30000}, unhandledPromptBehavior: dismiss and notify, webauthn:extension:credBlob: true, webauthn:extension:largeBlob: true, webauthn:extension:minPinLength: true, webauthn:extension:prf: true, webauthn:virtualAuthenticators: true}
Session ID: 33cd553521f67d131843c6f4502a9543]]>
            </message>
            <full-stacktrace>
              <![CDATA[org.openqa.selenium.NoSuchElementException: no such element: Unable to locate element: {"method":"css selector","selector":"#checkout\-button"}
  (Session info: chrome=129.0.6668.71)
For documentation on this error, please visit: https://www.selenium.dev/documentation/webdriver/troubleshooting/errors#no-such-element-exception
Build info: version: '4.24.0', revision: '748ffc9bc3'
System info: os.name: 'Windows 11', os.arch: 'amd64', os.version: '10.0', java.version: '22.0.1'
Driver info: org.openqa.selenium.chrome.ChromeDriver
Command: [33cd553521f67d131843c6f4502a9543, findElement {value=checkout-button, using=id}]
Capabilities {acceptInsecureCerts: false, browserName: chrome, browserVersion: 129.0.6668.71, chrome: {chromedriverVersion: 129.0.6668.70 (df87d5cf12b1..., userDataDir: C:\Users\ommmm\AppData\Loca...}, fedcm:accounts: true, goog:chromeOptions: {debuggerAddress: localhost:46762}, networkConnectionEnabled: false, pageLoadStrategy: normal, platformName: windows, proxy: Proxy(), se:cdp: ws://localhost:46762/devtoo..., se:cdpVersion: 129.0.6668.71, setWindowRect: true, strictFileInteractability: false, timeouts: {implicit: 0, pageLoad: 300000, script: 30000}, unhandledPromptBehavior: dismiss and notify, webauthn:extension:credBlob: true, webauthn:extension:largeBlob: true, webauthn:extension:minPinLength: true, webauthn:extension:prf: true, webauthn:virtualAuthenticators: true}
Session ID: 33cd553521f67d131843c6f4502a9543
at java.base/jdk.internal.reflect.DirectConstructorHandleAccessor.newInstance(DirectConstructorHandleAccessor.java:62)
at java.base/java.lang.reflect.Constructor.newInstanceWithCaller(Constructor.java:502)
at java.base/java.lang.reflect.Constructor.newInstance(Constructor.java:486)
at org.openqa.selenium.remote.ErrorCodec.decode(ErrorCodec.java:167)
at org.openqa.selenium.remote.codec.w3c.W3CHttpResponseCodec.decode(W3CHttpResponseCodec.java:138)
at org.openqa.selenium.remote.codec.w3c.W3CHttpResponseCodec.decode(W3CHttpResponseCodec.java:50)
at org.openqa.selenium.remote.HttpCommandExecutor.execute(HttpCommandExecutor.java:190)
at org.openqa.selenium.remote.service.DriverCommandExecutor.invokeExecute(DriverCommandExecutor.java:216)
at org.openqa.selenium.remote.service.DriverCommandExecutor.execute(DriverCommandExecutor.java:174)
at org.openqa.selenium.remote.RemoteWebDriver.execute(RemoteWebDriver.java:545)
at org.openqa.selenium.remote.ElementLocation$ElementFinder$2.findElement(ElementLocation.java:165)
at org.openqa.selenium.remote.ElementLocation.findElement(ElementLocation.java:59)
at org.openqa.selenium.remote.RemoteWebDriver.findElement(RemoteWebDriver.java:368)
at org.openqa.selenium.remote.RemoteWebDriver.findElement(RemoteWebDriver.java:362)
at com.MyTestingCo.pages.CheckoutPage.clickCheckout(CheckoutPage.java:42)
at com.MyTestingCo.tests.checkout.CheckoutWithEmptyFieldTest.testCheckoutWithEmptyField(CheckoutWithEmptyFieldTest.java:44)
at java.base/jdk.internal.reflect.DirectMethodHandleAccessor.invoke(DirectMethodHandleAccessor.java:103)
at java.base/java.lang.reflect.Method.invoke(Method.java:580)
at org.testng.internal.invokers.MethodInvocationHelper.invokeMethod(MethodInvocationHelper.java:141)
at org.testng.internal.invokers.TestInvoker.invokeMethod(TestInvoker.java:686)
at org.testng.internal.invokers.TestInvoker.invokeTestMethod(TestInvoker.java:230)
at org.testng.internal.invokers.MethodRunner.runInSequence(MethodRunner.java:63)
at org.testng.internal.invokers.TestInvoker$MethodInvocationAgent.invoke(TestInvoker.java:992)
at org.testng.internal.invokers.TestInvoker.invokeTestMethods(TestInvoker.java:203)
at org.testng.internal.invokers.TestMethodWorker.invokeTestMethods(TestMethodWorker.java:154)
at org.testng.internal.invokers.TestMethodWorker.run(TestMethodWorker.java:134)
at java.base/java.util.ArrayList.forEach(ArrayList.java:1597)
at org.testng.TestRunner.privateRun(TestRunner.java:739)
at org.testng.TestRunner.run(TestRunner.java:614)
at org.testng.SuiteRunner.runTest(SuiteRunner.java:421)
at org.testng.SuiteRunner.runSequentially(SuiteRunner.java:413)
at org.testng.SuiteRunner.privateRun(SuiteRunner.java:373)
at org.testng.SuiteRunner.run(SuiteRunner.java:312)
at org.testng.SuiteRunnerWorker.runSuite(SuiteRunnerWorker.java:52)
at org.testng.SuiteRunnerWorker.run(SuiteRunnerWorker.java:95)
at org.testng.TestNG.runSuitesSequentially(TestNG.java:1274)
at org.testng.TestNG.runSuitesLocally(TestNG.java:1208)
at org.testng.TestNG.runSuites(TestNG.java:1112)
at org.testng.TestNG.run(TestNG.java:1079)
at org.apache.maven.surefire.testng.TestNGExecutor.run(TestNGExecutor.java:308)
at org.apache.maven.surefire.testng.TestNGXmlTestSuite.execute(TestNGXmlTestSuite.java:71)
at org.apache.maven.surefire.testng.TestNGProvider.invoke(TestNGProvider.java:113)
at org.apache.maven.surefire.booter.ForkedBooter.runSuitesInProcess(ForkedBooter.java:385)
at org.apache.maven.surefire.booter.ForkedBooter.execute(ForkedBooter.java:162)
at org.apache.maven.surefire.booter.ForkedBooter.run(ForkedBooter.java:507)
at org.apache.maven.surefire.booter.ForkedBooter.main(ForkedBooter.java:495)
]]>
            </full-stacktrace>
          </exception> <!-- org.openqa.selenium.NoSuchElementException -->
          <reporter-output>
          </reporter-output>
        </test-method> <!-- testCheckoutWithEmptyField -->
        <test-method is-config="true" signature="addScreenshotOnFailure(org.testng.ITestResult)[pri:0, instance:com.MyTestingCo.tests.checkout.CheckoutWithEmptyFieldTest@10289886]" started-at="2024-09-30T02:50:38 EEST" name="addScreenshotOnFailure" finished-at="2024-09-30T02:50:38 EEST" duration-ms="125" status="PASS">
          <params>
            <param index="0">
              <value>
                <![CDATA[[TestResult name=testCheckoutWithEmptyField status=FAILURE method=CheckoutWithEmptyFieldTest.testCheckoutWithEmptyField()[pri:0, instance:com.MyTestingCo.tests.checkout.CheckoutWithEmptyFieldTest@10289886] output={null}]]]>
              </value>
            </param>
          </params>
          <reporter-output>
          </reporter-output>
        </test-method> <!-- addScreenshotOnFailure -->
        <test-method is-config="true" signature="addScreenshotOnSuccess(org.testng.ITestResult)[pri:0, instance:com.MyTestingCo.tests.checkout.CheckoutWithEmptyFieldTest@10289886]" started-at="2024-09-30T02:50:38 EEST" name="addScreenshotOnSuccess" finished-at="2024-09-30T02:50:38 EEST" duration-ms="1" status="PASS">
          <params>
            <param index="0">
              <value>
                <![CDATA[[TestResult name=testCheckoutWithEmptyField status=FAILURE method=CheckoutWithEmptyFieldTest.testCheckoutWithEmptyField()[pri:0, instance:com.MyTestingCo.tests.checkout.CheckoutWithEmptyFieldTest@10289886] output={null}]]]>
              </value>
            </param>
          </params>
          <reporter-output>
          </reporter-output>
        </test-method> <!-- addScreenshotOnSuccess -->
        <test-method is-config="true" signature="tearDown()[pri:0, instance:com.MyTestingCo.tests.checkout.CheckoutWithEmptyFieldTest@10289886]" started-at="2024-09-30T02:50:38 EEST" name="tearDown" finished-at="2024-09-30T02:50:38 EEST" duration-ms="308" status="PASS">
          <reporter-output>
          </reporter-output>
        </test-method> <!-- tearDown -->
      </class> <!-- com.MyTestingCo.tests.checkout.CheckoutWithEmptyFieldTest -->
      <class name="com.MyTestingCo.tests.checkout.ValidCheckoutTest">
        <test-method is-config="true" signature="setUp(java.lang.String)[pri:0, instance:com.MyTestingCo.tests.checkout.ValidCheckoutTest@36804139]" started-at="2024-09-30T02:49:23 EEST" name="setUp" finished-at="2024-09-30T02:49:24 EEST" duration-ms="1060" status="PASS">
          <params>
            <param index="0">
              <value>
                <![CDATA[chrome]]>
              </value>
            </param>
          </params>
          <reporter-output>
          </reporter-output>
        </test-method> <!-- setUp -->
        <test-method signature="testValidCheckout()[pri:0, instance:com.MyTestingCo.tests.checkout.ValidCheckoutTest@36804139]" started-at="2024-09-30T02:49:24 EEST" name="testValidCheckout" description="Verify that a user can checkout successfully." finished-at="2024-09-30T02:49:38 EEST" duration-ms="13912" status="FAIL">
          <exception class="org.openqa.selenium.NoSuchElementException">
            <message>
              <![CDATA[no such element: Unable to locate element: {"method":"css selector","selector":"#zip\-code"}
  (Session info: chrome=129.0.6668.71)
For documentation on this error, please visit: https://www.selenium.dev/documentation/webdriver/troubleshooting/errors#no-such-element-exception
Build info: version: '4.24.0', revision: '748ffc9bc3'
System info: os.name: 'Windows 11', os.arch: 'amd64', os.version: '10.0', java.version: '22.0.1'
Driver info: org.openqa.selenium.chrome.ChromeDriver
Command: [d8f2d86d562ebdf43f9dbe195982b9b8, findElement {value=zip-code, using=id}]
Capabilities {acceptInsecureCerts: false, browserName: chrome, browserVersion: 129.0.6668.71, chrome: {chromedriverVersion: 129.0.6668.70 (df87d5cf12b1..., userDataDir: C:\Users\ommmm\AppData\Loca...}, fedcm:accounts: true, goog:chromeOptions: {debuggerAddress: localhost:46587}, networkConnectionEnabled: false, pageLoadStrategy: normal, platformName: windows, proxy: Proxy(), se:cdp: ws://localhost:46587/devtoo..., se:cdpVersion: 129.0.6668.71, setWindowRect: true, strictFileInteractability: false, timeouts: {implicit: 0, pageLoad: 300000, script: 30000}, unhandledPromptBehavior: dismiss and notify, webauthn:extension:credBlob: true, webauthn:extension:largeBlob: true, webauthn:extension:minPinLength: true, webauthn:extension:prf: true, webauthn:virtualAuthenticators: true}
Session ID: d8f2d86d562ebdf43f9dbe195982b9b8]]>
            </message>
            <full-stacktrace>
              <![CDATA[org.openqa.selenium.NoSuchElementException: no such element: Unable to locate element: {"method":"css selector","selector":"#zip\-code"}
  (Session info: chrome=129.0.6668.71)
For documentation on this error, please visit: https://www.selenium.dev/documentation/webdriver/troubleshooting/errors#no-such-element-exception
Build info: version: '4.24.0', revision: '748ffc9bc3'
System info: os.name: 'Windows 11', os.arch: 'amd64', os.version: '10.0', java.version: '22.0.1'
Driver info: org.openqa.selenium.chrome.ChromeDriver
Command: [d8f2d86d562ebdf43f9dbe195982b9b8, findElement {value=zip-code, using=id}]
Capabilities {acceptInsecureCerts: false, browserName: chrome, browserVersion: 129.0.6668.71, chrome: {chromedriverVersion: 129.0.6668.70 (df87d5cf12b1..., userDataDir: C:\Users\ommmm\AppData\Loca...}, fedcm:accounts: true, goog:chromeOptions: {debuggerAddress: localhost:46587}, networkConnectionEnabled: false, pageLoadStrategy: normal, platformName: windows, proxy: Proxy(), se:cdp: ws://localhost:46587/devtoo..., se:cdpVersion: 129.0.6668.71, setWindowRect: true, strictFileInteractability: false, timeouts: {implicit: 0, pageLoad: 300000, script: 30000}, unhandledPromptBehavior: dismiss and notify, webauthn:extension:credBlob: true, webauthn:extension:largeBlob: true, webauthn:extension:minPinLength: true, webauthn:extension:prf: true, webauthn:virtualAuthenticators: true}
Session ID: d8f2d86d562ebdf43f9dbe195982b9b8
at java.base/jdk.internal.reflect.DirectConstructorHandleAccessor.newInstance(DirectConstructorHandleAccessor.java:62)
at java.base/java.lang.reflect.Constructor.newInstanceWithCaller(Constructor.java:502)
at java.base/java.lang.reflect.Constructor.newInstance(Constructor.java:486)
at org.openqa.selenium.remote.ErrorCodec.decode(ErrorCodec.java:167)
at org.openqa.selenium.remote.codec.w3c.W3CHttpResponseCodec.decode(W3CHttpResponseCodec.java:138)
at org.openqa.selenium.remote.codec.w3c.W3CHttpResponseCodec.decode(W3CHttpResponseCodec.java:50)
at org.openqa.selenium.remote.HttpCommandExecutor.execute(HttpCommandExecutor.java:190)
at org.openqa.selenium.remote.service.DriverCommandExecutor.invokeExecute(DriverCommandExecutor.java:216)
at org.openqa.selenium.remote.service.DriverCommandExecutor.execute(DriverCommandExecutor.java:174)
at org.openqa.selenium.remote.RemoteWebDriver.execute(RemoteWebDriver.java:545)
at org.openqa.selenium.remote.ElementLocation$ElementFinder$2.findElement(ElementLocation.java:165)
at org.openqa.selenium.remote.ElementLocation.findElement(ElementLocation.java:59)
at org.openqa.selenium.remote.RemoteWebDriver.findElement(RemoteWebDriver.java:368)
at org.openqa.selenium.remote.RemoteWebDriver.findElement(RemoteWebDriver.java:362)
at com.MyTestingCo.pages.CheckoutPage.enterZIPCode(CheckoutPage.java:36)
at com.MyTestingCo.tests.checkout.ValidCheckoutTest.testValidCheckout(ValidCheckoutTest.java:43)
at java.base/jdk.internal.reflect.DirectMethodHandleAccessor.invoke(DirectMethodHandleAccessor.java:103)
at java.base/java.lang.reflect.Method.invoke(Method.java:580)
at org.testng.internal.invokers.MethodInvocationHelper.invokeMethod(MethodInvocationHelper.java:141)
at org.testng.internal.invokers.TestInvoker.invokeMethod(TestInvoker.java:686)
at org.testng.internal.invokers.TestInvoker.invokeTestMethod(TestInvoker.java:230)
at org.testng.internal.invokers.MethodRunner.runInSequence(MethodRunner.java:63)
at org.testng.internal.invokers.TestInvoker$MethodInvocationAgent.invoke(TestInvoker.java:992)
at org.testng.internal.invokers.TestInvoker.invokeTestMethods(TestInvoker.java:203)
at org.testng.internal.invokers.TestMethodWorker.invokeTestMethods(TestMethodWorker.java:154)
at org.testng.internal.invokers.TestMethodWorker.run(TestMethodWorker.java:134)
at java.base/java.util.ArrayList.forEach(ArrayList.java:1597)
at org.testng.TestRunner.privateRun(TestRunner.java:739)
at org.testng.TestRunner.run(TestRunner.java:614)
at org.testng.SuiteRunner.runTest(SuiteRunner.java:421)
at org.testng.SuiteRunner.runSequentially(SuiteRunner.java:413)
at org.testng.SuiteRunner.privateRun(SuiteRunner.java:373)
at org.testng.SuiteRunner.run(SuiteRunner.java:312)
at org.testng.SuiteRunnerWorker.runSuite(SuiteRunnerWorker.java:52)
at org.testng.SuiteRunnerWorker.run(SuiteRunnerWorker.java:95)
at org.testng.TestNG.runSuitesSequentially(TestNG.java:1274)
at org.testng.TestNG.runSuitesLocally(TestNG.java:1208)
at org.testng.TestNG.runSuites(TestNG.java:1112)
at org.testng.TestNG.run(TestNG.java:1079)
at org.apache.maven.surefire.testng.TestNGExecutor.run(TestNGExecutor.java:308)
at org.apache.maven.surefire.testng.TestNGXmlTestSuite.execute(TestNGXmlTestSuite.java:71)
at org.apache.maven.surefire.testng.TestNGProvider.invoke(TestNGProvider.java:113)
at org.apache.maven.surefire.booter.ForkedBooter.runSuitesInProcess(ForkedBooter.java:385)
at org.apache.maven.surefire.booter.ForkedBooter.execute(ForkedBooter.java:162)
at org.apache.maven.surefire.booter.ForkedBooter.run(ForkedBooter.java:507)
at org.apache.maven.surefire.booter.ForkedBooter.main(ForkedBooter.java:495)
]]>
            </full-stacktrace>
          </exception> <!-- org.openqa.selenium.NoSuchElementException -->
          <reporter-output>
          </reporter-output>
        </test-method> <!-- testValidCheckout -->
        <test-method is-config="true" signature="addScreenshotOnFailure(org.testng.ITestResult)[pri:0, instance:com.MyTestingCo.tests.checkout.ValidCheckoutTest@36804139]" started-at="2024-09-30T02:49:38 EEST" name="addScreenshotOnFailure" finished-at="2024-09-30T02:49:38 EEST" duration-ms="120" status="PASS">
          <params>
            <param index="0">
              <value>
                <![CDATA[[TestResult name=testValidCheckout status=FAILURE method=ValidCheckoutTest.testValidCheckout()[pri:0, instance:com.MyTestingCo.tests.checkout.ValidCheckoutTest@36804139] output={null}]]]>
              </value>
            </param>
          </params>
          <reporter-output>
          </reporter-output>
        </test-method> <!-- addScreenshotOnFailure -->
        <test-method is-config="true" signature="addScreenshotOnSuccess(org.testng.ITestResult)[pri:0, instance:com.MyTestingCo.tests.checkout.ValidCheckoutTest@36804139]" started-at="2024-09-30T02:49:38 EEST" name="addScreenshotOnSuccess" finished-at="2024-09-30T02:49:38 EEST" duration-ms="1" status="PASS">
          <params>
            <param index="0">
              <value>
                <![CDATA[[TestResult name=testValidCheckout status=FAILURE method=ValidCheckoutTest.testValidCheckout()[pri:0, instance:com.MyTestingCo.tests.checkout.ValidCheckoutTest@36804139] output={null}]]]>
              </value>
            </param>
          </params>
          <reporter-output>
          </reporter-output>
        </test-method> <!-- addScreenshotOnSuccess -->
        <test-method is-config="true" signature="tearDown()[pri:0, instance:com.MyTestingCo.tests.checkout.ValidCheckoutTest@36804139]" started-at="2024-09-30T02:49:38 EEST" name="tearDown" finished-at="2024-09-30T02:49:38 EEST" duration-ms="336" status="PASS">
          <reporter-output>
          </reporter-output>
        </test-method> <!-- tearDown -->
      </class> <!-- com.MyTestingCo.tests.checkout.ValidCheckoutTest -->
      <class name="com.MyTestingCo.tests.checkout.CheckoutWithMultipleProductsTest">
        <test-method is-config="true" signature="setUp(java.lang.String)[pri:0, instance:com.MyTestingCo.tests.checkout.CheckoutWithMultipleProductsTest@730d2164]" started-at="2024-09-30T02:49:53 EEST" name="setUp" finished-at="2024-09-30T02:49:54 EEST" duration-ms="951" status="PASS">
          <params>
            <param index="0">
              <value>
                <![CDATA[chrome]]>
              </value>
            </param>
          </params>
          <reporter-output>
          </reporter-output>
        </test-method> <!-- setUp -->
        <test-method signature="testCheckoutWithMultipleProducts()[pri:0, instance:com.MyTestingCo.tests.checkout.CheckoutWithMultipleProductsTest@730d2164]" started-at="2024-09-30T02:49:54 EEST" name="testCheckoutWithMultipleProducts" description="Verify that a user can checkout with multiple products." finished-at="2024-09-30T02:50:08 EEST" duration-ms="13974" status="FAIL">
          <exception class="org.openqa.selenium.NoSuchElementException">
            <message>
              <![CDATA[no such element: Unable to locate element: {"method":"css selector","selector":"#zip\-code"}
  (Session info: chrome=129.0.6668.71)
For documentation on this error, please visit: https://www.selenium.dev/documentation/webdriver/troubleshooting/errors#no-such-element-exception
Build info: version: '4.24.0', revision: '748ffc9bc3'
System info: os.name: 'Windows 11', os.arch: 'amd64', os.version: '10.0', java.version: '22.0.1'
Driver info: org.openqa.selenium.chrome.ChromeDriver
Command: [3d840264ecbd0fc940ec63b9c07c8640, findElement {value=zip-code, using=id}]
Capabilities {acceptInsecureCerts: false, browserName: chrome, browserVersion: 129.0.6668.71, chrome: {chromedriverVersion: 129.0.6668.70 (df87d5cf12b1..., userDataDir: C:\Users\ommmm\AppData\Loca...}, fedcm:accounts: true, goog:chromeOptions: {debuggerAddress: localhost:46672}, networkConnectionEnabled: false, pageLoadStrategy: normal, platformName: windows, proxy: Proxy(), se:cdp: ws://localhost:46672/devtoo..., se:cdpVersion: 129.0.6668.71, setWindowRect: true, strictFileInteractability: false, timeouts: {implicit: 0, pageLoad: 300000, script: 30000}, unhandledPromptBehavior: dismiss and notify, webauthn:extension:credBlob: true, webauthn:extension:largeBlob: true, webauthn:extension:minPinLength: true, webauthn:extension:prf: true, webauthn:virtualAuthenticators: true}
Session ID: 3d840264ecbd0fc940ec63b9c07c8640]]>
            </message>
            <full-stacktrace>
              <![CDATA[org.openqa.selenium.NoSuchElementException: no such element: Unable to locate element: {"method":"css selector","selector":"#zip\-code"}
  (Session info: chrome=129.0.6668.71)
For documentation on this error, please visit: https://www.selenium.dev/documentation/webdriver/troubleshooting/errors#no-such-element-exception
Build info: version: '4.24.0', revision: '748ffc9bc3'
System info: os.name: 'Windows 11', os.arch: 'amd64', os.version: '10.0', java.version: '22.0.1'
Driver info: org.openqa.selenium.chrome.ChromeDriver
Command: [3d840264ecbd0fc940ec63b9c07c8640, findElement {value=zip-code, using=id}]
Capabilities {acceptInsecureCerts: false, browserName: chrome, browserVersion: 129.0.6668.71, chrome: {chromedriverVersion: 129.0.6668.70 (df87d5cf12b1..., userDataDir: C:\Users\ommmm\AppData\Loca...}, fedcm:accounts: true, goog:chromeOptions: {debuggerAddress: localhost:46672}, networkConnectionEnabled: false, pageLoadStrategy: normal, platformName: windows, proxy: Proxy(), se:cdp: ws://localhost:46672/devtoo..., se:cdpVersion: 129.0.6668.71, setWindowRect: true, strictFileInteractability: false, timeouts: {implicit: 0, pageLoad: 300000, script: 30000}, unhandledPromptBehavior: dismiss and notify, webauthn:extension:credBlob: true, webauthn:extension:largeBlob: true, webauthn:extension:minPinLength: true, webauthn:extension:prf: true, webauthn:virtualAuthenticators: true}
Session ID: 3d840264ecbd0fc940ec63b9c07c8640
at java.base/jdk.internal.reflect.DirectConstructorHandleAccessor.newInstance(DirectConstructorHandleAccessor.java:62)
at java.base/java.lang.reflect.Constructor.newInstanceWithCaller(Constructor.java:502)
at java.base/java.lang.reflect.Constructor.newInstance(Constructor.java:486)
at org.openqa.selenium.remote.ErrorCodec.decode(ErrorCodec.java:167)
at org.openqa.selenium.remote.codec.w3c.W3CHttpResponseCodec.decode(W3CHttpResponseCodec.java:138)
at org.openqa.selenium.remote.codec.w3c.W3CHttpResponseCodec.decode(W3CHttpResponseCodec.java:50)
at org.openqa.selenium.remote.HttpCommandExecutor.execute(HttpCommandExecutor.java:190)
at org.openqa.selenium.remote.service.DriverCommandExecutor.invokeExecute(DriverCommandExecutor.java:216)
at org.openqa.selenium.remote.service.DriverCommandExecutor.execute(DriverCommandExecutor.java:174)
at org.openqa.selenium.remote.RemoteWebDriver.execute(RemoteWebDriver.java:545)
at org.openqa.selenium.remote.ElementLocation$ElementFinder$2.findElement(ElementLocation.java:165)
at org.openqa.selenium.remote.ElementLocation.findElement(ElementLocation.java:59)
at org.openqa.selenium.remote.RemoteWebDriver.findElement(RemoteWebDriver.java:368)
at org.openqa.selenium.remote.RemoteWebDriver.findElement(RemoteWebDriver.java:362)
at com.MyTestingCo.pages.CheckoutPage.enterZIPCode(CheckoutPage.java:36)
at com.MyTestingCo.tests.checkout.CheckoutWithMultipleProductsTest.testCheckoutWithMultipleProducts(CheckoutWithMultipleProductsTest.java:45)
at java.base/jdk.internal.reflect.DirectMethodHandleAccessor.invoke(DirectMethodHandleAccessor.java:103)
at java.base/java.lang.reflect.Method.invoke(Method.java:580)
at org.testng.internal.invokers.MethodInvocationHelper.invokeMethod(MethodInvocationHelper.java:141)
at org.testng.internal.invokers.TestInvoker.invokeMethod(TestInvoker.java:686)
at org.testng.internal.invokers.TestInvoker.invokeTestMethod(TestInvoker.java:230)
at org.testng.internal.invokers.MethodRunner.runInSequence(MethodRunner.java:63)
at org.testng.internal.invokers.TestInvoker$MethodInvocationAgent.invoke(TestInvoker.java:992)
at org.testng.internal.invokers.TestInvoker.invokeTestMethods(TestInvoker.java:203)
at org.testng.internal.invokers.TestMethodWorker.invokeTestMethods(TestMethodWorker.java:154)
at org.testng.internal.invokers.TestMethodWorker.run(TestMethodWorker.java:134)
at java.base/java.util.ArrayList.forEach(ArrayList.java:1597)
at org.testng.TestRunner.privateRun(TestRunner.java:739)
at org.testng.TestRunner.run(TestRunner.java:614)
at org.testng.SuiteRunner.runTest(SuiteRunner.java:421)
at org.testng.SuiteRunner.runSequentially(SuiteRunner.java:413)
at org.testng.SuiteRunner.privateRun(SuiteRunner.java:373)
at org.testng.SuiteRunner.run(SuiteRunner.java:312)
at org.testng.SuiteRunnerWorker.runSuite(SuiteRunnerWorker.java:52)
at org.testng.SuiteRunnerWorker.run(SuiteRunnerWorker.java:95)
at org.testng.TestNG.runSuitesSequentially(TestNG.java:1274)
at org.testng.TestNG.runSuitesLocally(TestNG.java:1208)
at org.testng.TestNG.runSuites(TestNG.java:1112)
at org.testng.TestNG.run(TestNG.java:1079)
at org.apache.maven.surefire.testng.TestNGExecutor.run(TestNGExecutor.java:308)
at org.apache.maven.surefire.testng.TestNGXmlTestSuite.execute(TestNGXmlTestSuite.java:71)
at org.apache.maven.surefire.testng.TestNGProvider.invoke(TestNGProvider.java:113)
at org.apache.maven.surefire.booter.ForkedBooter.runSuitesInProcess(ForkedBooter.java:385)
at org.apache.maven.surefire.booter.ForkedBooter.execute(ForkedBooter.java:162)
at org.apache.maven.surefire.booter.ForkedBooter.run(ForkedBooter.java:507)
at org.apache.maven.surefire.booter.ForkedBooter.main(ForkedBooter.java:495)
]]>
            </full-stacktrace>
          </exception> <!-- org.openqa.selenium.NoSuchElementException -->
          <reporter-output>
          </reporter-output>
        </test-method> <!-- testCheckoutWithMultipleProducts -->
        <test-method is-config="true" signature="addScreenshotOnFailure(org.testng.ITestResult)[pri:0, instance:com.MyTestingCo.tests.checkout.CheckoutWithMultipleProductsTest@730d2164]" started-at="2024-09-30T02:50:08 EEST" name="addScreenshotOnFailure" finished-at="2024-09-30T02:50:08 EEST" duration-ms="104" status="PASS">
          <params>
            <param index="0">
              <value>
                <![CDATA[[TestResult name=testCheckoutWithMultipleProducts status=FAILURE method=CheckoutWithMultipleProductsTest.testCheckoutWithMultipleProducts()[pri:0, instance:com.MyTestingCo.tests.checkout.CheckoutWithMultipleProductsTest@730d2164] output={null}]]]>
              </value>
            </param>
          </params>
          <reporter-output>
          </reporter-output>
        </test-method> <!-- addScreenshotOnFailure -->
        <test-method is-config="true" signature="addScreenshotOnSuccess(org.testng.ITestResult)[pri:0, instance:com.MyTestingCo.tests.checkout.CheckoutWithMultipleProductsTest@730d2164]" started-at="2024-09-30T02:50:08 EEST" name="addScreenshotOnSuccess" finished-at="2024-09-30T02:50:08 EEST" duration-ms="0" status="PASS">
          <params>
            <param index="0">
              <value>
                <![CDATA[[TestResult name=testCheckoutWithMultipleProducts status=FAILURE method=CheckoutWithMultipleProductsTest.testCheckoutWithMultipleProducts()[pri:0, instance:com.MyTestingCo.tests.checkout.CheckoutWithMultipleProductsTest@730d2164] output={null}]]]>
              </value>
            </param>
          </params>
          <reporter-output>
          </reporter-output>
        </test-method> <!-- addScreenshotOnSuccess -->
        <test-method is-config="true" signature="tearDown()[pri:0, instance:com.MyTestingCo.tests.checkout.CheckoutWithMultipleProductsTest@730d2164]" started-at="2024-09-30T02:50:08 EEST" name="tearDown" finished-at="2024-09-30T02:50:09 EEST" duration-ms="346" status="PASS">
          <reporter-output>
          </reporter-output>
        </test-method> <!-- tearDown -->
      </class> <!-- com.MyTestingCo.tests.checkout.CheckoutWithMultipleProductsTest -->
    </test> <!-- Checkout Functionality Tests -->
    <test started-at="2024-09-30T02:50:38 EEST" name="Logout Functionality Tests" finished-at="2024-09-30T02:50:38 EEST" duration-ms="0">
    </test> <!-- Logout Functionality Tests -->
  </suite> <!-- SauceDemo Tests Suite -->
</testng-results>
